<?xml version="1.0" encoding="UTF-8"?>
<!-- Generated by org.testng.reporters.JUnitXMLReporter -->
<testsuite ignored="4" hostname="N1NXCV083539028" failures="52" tests="180" name="Surefire test" time="305.26" errors="0" timestamp="2025-04-10T12:35:38 IST">
  <testcase classname="apiTest.DDTest" name="testPostUser" time="4.678"/>
  <testcase classname="apiTest.DDTest" name="testPostUser" time="2.527"/>
  <testcase classname="apiTest.DDTest" name="testPostUser" time="2.514"/>
  <testcase classname="apiTest.DDTest" name="testPostUser" time="2.473"/>
  <testcase classname="apiTest.DDTest" name="testPostUser" time="2.431"/>
  <testcase classname="apiTest.DDTest" name="testPostUser" time="2.519"/>
  <testcase classname="apiTest.DDTest" name="testPostUser" time="2.44"/>
  <testcase classname="apiTest.DDTest" name="testPostUser" time="2.442"/>
  <testcase classname="apiTest.DDTest" name="testPostUser" time="2.48"/>
  <testcase classname="apiTest.DDTest" name="testPostUser" time="2.468"/>
  <testcase classname="apiTest.DDTest" name="testPostUser" time="2.445"/>
  <testcase classname="apiTest.DDTest" name="testPostUser" time="2.4"/>
  <testcase classname="apiTest.DDTest" name="testPostUser" time="2.394"/>
  <testcase classname="apiTest.DDTest" name="testPostUser" time="2.442"/>
  <testcase classname="apiTest.DDTest" name="testPostUser" time="2.449"/>
  <testcase classname="apiTest.DDTest" name="testPostUser" time="2.411"/>
  <testcase classname="apiTest.DDTest" name="testPostUser" time="2.47"/>
  <testcase classname="apiTest.DDTest" name="testPostUser" time="2.44"/>
  <testcase classname="apiTest.DDTest" name="testPostUser" time="2.451"/>
  <testcase classname="apiTest.DDTest" name="testPostUser" time="2.388"/>
  <testcase classname="apiTest.DDTest" name="testPostUser" time="2.441"/>
  <testcase classname="apiTest.DDTest" name="testPostUser" time="2.44"/>
  <testcase classname="apiTest.DDTest" name="testPostUser" time="2.389"/>
  <testcase classname="apiTest.DDTest" name="testPostUser" time="2.38"/>
  <testcase classname="apiTest.DDTest" name="testPostUser" time="2.545"/>
  <testcase classname="apiTest.DDTest" name="testPostUser" time="2.674"/>
  <testcase classname="apiTest.DDTest" name="testPostUser" time="2.428"/>
  <testcase classname="apiTest.DDTest" name="testPostUser" time="2.473"/>
  <testcase classname="apiTest.DDTest" name="testPostUser" time="2.403"/>
  <testcase classname="apiTest.DDTest" name="testPostUser" time="2.423"/>
  <testcase classname="apiTest.DDTest" name="testPostUser" time="2.367"/>
  <testcase classname="apiTest.DDTest" name="testPostUser" time="2.38"/>
  <testcase classname="apiTest.DDTest" name="testPostUser" time="2.393"/>
  <testcase classname="apiTest.DDTest" name="testPostUser" time="2.438"/>
  <testcase classname="apiTest.DDTest" name="testPostUser" time="2.35"/>
  <testcase classname="apiTest.DDTest" name="testPostUser" time="2.391"/>
  <testcase classname="apiTest.DDTest" name="testPostUser" time="2.319"/>
  <testcase classname="apiTest.DDTest" name="testPostUser" time="2.331"/>
  <testcase classname="apiTest.DDTest" name="testPostUser" time="2.33"/>
  <testcase classname="apiTest.DDTest" name="testPostUser" time="2.351"/>
  <testcase classname="apiTest.DDTest" name="testReadUser" time="1.807"/>
  <testcase classname="apiTest.DDTest" name="testReadUser" time="1.383"/>
  <testcase classname="apiTest.DDTest" name="testReadUser" time="1.335"/>
  <testcase classname="apiTest.DDTest" name="testReadUser" time="1.319">
    <failure type="java.lang.AssertionError" message="expected [null] but found [ivy.wilson]">
      <![CDATA[java.lang.AssertionError: expected [null] but found [ivy.wilson]
at apiTest.DDTest.testReadUser(DDTest.java:100)
at java.base/java.util.ArrayList.forEach(ArrayList.java:1596)
... Removed 36 stack frames]]>
    </failure>
  </testcase> <!-- testReadUser -->
  <testcase classname="apiTest.DDTest" name="testReadUser" time="1.395">
    <failure type="java.lang.AssertionError" message="expected [null] but found [bob.wilson]">
      <![CDATA[java.lang.AssertionError: expected [null] but found [bob.wilson]
at apiTest.DDTest.testReadUser(DDTest.java:100)
at java.base/java.util.ArrayList.forEach(ArrayList.java:1596)
... Removed 36 stack frames]]>
    </failure>
  </testcase> <!-- testReadUser -->
  <testcase classname="apiTest.DDTest" name="testReadUser" time="1.347"/>
  <testcase classname="apiTest.DDTest" name="testReadUser" time="1.359">
    <failure type="java.lang.AssertionError" message="expected [null] but found [nina.wilson]">
      <![CDATA[java.lang.AssertionError: expected [null] but found [nina.wilson]
at apiTest.DDTest.testReadUser(DDTest.java:100)
at java.base/java.util.ArrayList.forEach(ArrayList.java:1596)
... Removed 36 stack frames]]>
    </failure>
  </testcase> <!-- testReadUser -->
  <testcase classname="apiTest.DDTest" name="testReadUser" time="1.337">
    <failure type="java.lang.AssertionError" message="expected [null] but found [frank.anderson]">
      <![CDATA[java.lang.AssertionError: expected [null] but found [frank.anderson]
at apiTest.DDTest.testReadUser(DDTest.java:100)
at java.base/java.util.ArrayList.forEach(ArrayList.java:1596)
... Removed 36 stack frames]]>
    </failure>
  </testcase> <!-- testReadUser -->
  <testcase classname="apiTest.DDTest" name="testReadUser" time="1.344">
    <failure type="java.lang.AssertionError" message="expected [null] but found [jane.brown]">
      <![CDATA[java.lang.AssertionError: expected [null] but found [jane.brown]
at apiTest.DDTest.testReadUser(DDTest.java:100)
at java.base/java.util.ArrayList.forEach(ArrayList.java:1596)
... Removed 36 stack frames]]>
    </failure>
  </testcase> <!-- testReadUser -->
  <testcase classname="apiTest.DDTest" name="testReadUser" time="1.395">
    <failure type="java.lang.AssertionError" message="expected [null] but found [jane.brown]">
      <![CDATA[java.lang.AssertionError: expected [null] but found [jane.brown]
at apiTest.DDTest.testReadUser(DDTest.java:100)
at java.base/java.util.ArrayList.forEach(ArrayList.java:1596)
... Removed 36 stack frames]]>
    </failure>
  </testcase> <!-- testReadUser -->
  <testcase classname="apiTest.DDTest" name="testReadUser" time="1.386">
    <failure type="java.lang.AssertionError" message="expected [null] but found [hank.anderson]">
      <![CDATA[java.lang.AssertionError: expected [null] but found [hank.anderson]
at apiTest.DDTest.testReadUser(DDTest.java:100)
at java.base/java.util.ArrayList.forEach(ArrayList.java:1596)
... Removed 36 stack frames]]>
    </failure>
  </testcase> <!-- testReadUser -->
  <testcase classname="apiTest.DDTest" name="testReadUser" time="1.364">
    <failure type="java.lang.AssertionError" message="expected [null] but found [frank.moore]">
      <![CDATA[java.lang.AssertionError: expected [null] but found [frank.moore]
at apiTest.DDTest.testReadUser(DDTest.java:100)
at java.base/java.util.ArrayList.forEach(ArrayList.java:1596)
... Removed 36 stack frames]]>
    </failure>
  </testcase> <!-- testReadUser -->
  <testcase classname="apiTest.DDTest" name="testReadUser" time="1.41">
    <failure type="java.lang.AssertionError" message="expected [null] but found [charlie.brown]">
      <![CDATA[java.lang.AssertionError: expected [null] but found [charlie.brown]
at apiTest.DDTest.testReadUser(DDTest.java:100)
at java.base/java.util.ArrayList.forEach(ArrayList.java:1596)
... Removed 36 stack frames]]>
    </failure>
  </testcase> <!-- testReadUser -->
  <testcase classname="apiTest.DDTest" name="testReadUser" time="1.378">
    <failure type="java.lang.AssertionError" message="expected [null] but found [bob.anderson]">
      <![CDATA[java.lang.AssertionError: expected [null] but found [bob.anderson]
at apiTest.DDTest.testReadUser(DDTest.java:100)
at java.base/java.util.ArrayList.forEach(ArrayList.java:1596)
... Removed 36 stack frames]]>
    </failure>
  </testcase> <!-- testReadUser -->
  <testcase classname="apiTest.DDTest" name="testReadUser" time="1.321">
    <failure type="java.lang.AssertionError" message="expected [null] but found [jane.brown]">
      <![CDATA[java.lang.AssertionError: expected [null] but found [jane.brown]
at apiTest.DDTest.testReadUser(DDTest.java:100)
at java.base/java.util.ArrayList.forEach(ArrayList.java:1596)
... Removed 36 stack frames]]>
    </failure>
  </testcase> <!-- testReadUser -->
  <testcase classname="apiTest.DDTest" name="testReadUser" time="1.339"/>
  <testcase classname="apiTest.DDTest" name="testReadUser" time="1.391">
    <failure type="java.lang.AssertionError" message="expected [null] but found [nina.brown]">
      <![CDATA[java.lang.AssertionError: expected [null] but found [nina.brown]
at apiTest.DDTest.testReadUser(DDTest.java:100)
at java.base/java.util.ArrayList.forEach(ArrayList.java:1596)
... Removed 36 stack frames]]>
    </failure>
  </testcase> <!-- testReadUser -->
  <testcase classname="apiTest.DDTest" name="testReadUser" time="1.402"/>
  <testcase classname="apiTest.DDTest" name="testReadUser" time="1.361">
    <failure type="java.lang.AssertionError" message="expected [null] but found [kate.taylor]">
      <![CDATA[java.lang.AssertionError: expected [null] but found [kate.taylor]
at apiTest.DDTest.testReadUser(DDTest.java:100)
at java.base/java.util.ArrayList.forEach(ArrayList.java:1596)
... Removed 36 stack frames]]>
    </failure>
  </testcase> <!-- testReadUser -->
  <testcase classname="apiTest.DDTest" name="testReadUser" time="1.31">
    <failure type="java.lang.AssertionError" message="expected [null] but found [hank.davis]">
      <![CDATA[java.lang.AssertionError: expected [null] but found [hank.davis]
at apiTest.DDTest.testReadUser(DDTest.java:100)
at java.base/java.util.ArrayList.forEach(ArrayList.java:1596)
... Removed 36 stack frames]]>
    </failure>
  </testcase> <!-- testReadUser -->
  <testcase classname="apiTest.DDTest" name="testReadUser" time="1.36">
    <failure type="java.lang.AssertionError" message="expected [null] but found [charlie.wilson]">
      <![CDATA[java.lang.AssertionError: expected [null] but found [charlie.wilson]
at apiTest.DDTest.testReadUser(DDTest.java:100)
at java.base/java.util.ArrayList.forEach(ArrayList.java:1596)
... Removed 36 stack frames]]>
    </failure>
  </testcase> <!-- testReadUser -->
  <testcase classname="apiTest.DDTest" name="testReadUser" time="1.373"/>
  <testcase classname="apiTest.DDTest" name="testReadUser" time="1.357"/>
  <testcase classname="apiTest.DDTest" name="testReadUser" time="1.377">
    <failure type="java.lang.AssertionError" message="expected [null] but found [kate.johnson]">
      <![CDATA[java.lang.AssertionError: expected [null] but found [kate.johnson]
at apiTest.DDTest.testReadUser(DDTest.java:100)
at java.base/java.util.ArrayList.forEach(ArrayList.java:1596)
... Removed 36 stack frames]]>
    </failure>
  </testcase> <!-- testReadUser -->
  <testcase classname="apiTest.DDTest" name="testReadUser" time="1.389">
    <failure type="java.lang.AssertionError" message="expected [null] but found [grace.doe]">
      <![CDATA[java.lang.AssertionError: expected [null] but found [grace.doe]
at apiTest.DDTest.testReadUser(DDTest.java:100)
at java.base/java.util.ArrayList.forEach(ArrayList.java:1596)
... Removed 36 stack frames]]>
    </failure>
  </testcase> <!-- testReadUser -->
  <testcase classname="apiTest.DDTest" name="testReadUser" time="1.335">
    <failure type="java.lang.AssertionError" message="expected [null] but found [jane.miller]">
      <![CDATA[java.lang.AssertionError: expected [null] but found [jane.miller]
at apiTest.DDTest.testReadUser(DDTest.java:100)
at java.base/java.util.ArrayList.forEach(ArrayList.java:1596)
... Removed 36 stack frames]]>
    </failure>
  </testcase> <!-- testReadUser -->
  <testcase classname="apiTest.DDTest" name="testReadUser" time="1.379"/>
  <testcase classname="apiTest.DDTest" name="testReadUser" time="1.37"/>
  <testcase classname="apiTest.DDTest" name="testReadUser" time="1.34"/>
  <testcase classname="apiTest.DDTest" name="testReadUser" time="1.347">
    <failure type="java.lang.AssertionError" message="expected [null] but found [jack.johnson]">
      <![CDATA[java.lang.AssertionError: expected [null] but found [jack.johnson]
at apiTest.DDTest.testReadUser(DDTest.java:100)
at java.base/java.util.ArrayList.forEach(ArrayList.java:1596)
... Removed 36 stack frames]]>
    </failure>
  </testcase> <!-- testReadUser -->
  <testcase classname="apiTest.DDTest" name="testReadUser" time="1.369"/>
  <testcase classname="apiTest.DDTest" name="testReadUser" time="1.331"/>
  <testcase classname="apiTest.DDTest" name="testReadUser" time="1.432">
    <failure type="java.lang.AssertionError" message="expected [null] but found [leo.anderson]">
      <![CDATA[java.lang.AssertionError: expected [null] but found [leo.anderson]
at apiTest.DDTest.testReadUser(DDTest.java:100)
at java.base/java.util.ArrayList.forEach(ArrayList.java:1596)
... Removed 36 stack frames]]>
    </failure>
  </testcase> <!-- testReadUser -->
  <testcase classname="apiTest.DDTest" name="testReadUser" time="1.419"/>
  <testcase classname="apiTest.DDTest" name="testReadUser" time="1.413"/>
  <testcase classname="apiTest.DDTest" name="testReadUser" time="1.44"/>
  <testcase classname="apiTest.DDTest" name="testReadUser" time="1.356">
    <failure type="java.lang.AssertionError" message="expected [null] but found [frank.taylor]">
      <![CDATA[java.lang.AssertionError: expected [null] but found [frank.taylor]
at apiTest.DDTest.testReadUser(DDTest.java:100)
at java.base/java.util.ArrayList.forEach(ArrayList.java:1596)
... Removed 36 stack frames]]>
    </failure>
  </testcase> <!-- testReadUser -->
  <testcase classname="apiTest.DDTest" name="testReadUser" time="1.426"/>
  <testcase classname="apiTest.DDTest" name="testReadUser" time="1.405">
    <failure type="java.lang.AssertionError" message="expected [null] but found [jane.davis]">
      <![CDATA[java.lang.AssertionError: expected [null] but found [jane.davis]
at apiTest.DDTest.testReadUser(DDTest.java:100)
at java.base/java.util.ArrayList.forEach(ArrayList.java:1596)
... Removed 36 stack frames]]>
    </failure>
  </testcase> <!-- testReadUser -->
  <testcase classname="apiTest.DDTest" name="testReadUser" time="1.435">
    <failure type="java.lang.AssertionError" message="expected [null] but found [nina.taylor]">
      <![CDATA[java.lang.AssertionError: expected [null] but found [nina.taylor]
at apiTest.DDTest.testReadUser(DDTest.java:100)
at java.base/java.util.ArrayList.forEach(ArrayList.java:1596)
... Removed 36 stack frames]]>
    </failure>
  </testcase> <!-- testReadUser -->
  <testcase classname="apiTest.DDTest" name="testDeleteUser" time="1.359">
    <failure type="java.lang.AssertionError" message="expected [200] but found [404]">
      <![CDATA[java.lang.AssertionError: expected [200] but found [404]
at apiTest.DDTest.testDeleteUser(DDTest.java:122)
at java.base/java.util.ArrayList.forEach(ArrayList.java:1596)
... Removed 37 stack frames]]>
    </failure>
  </testcase> <!-- testDeleteUser -->
  <testcase classname="apiTest.DDTest" name="testDeleteUser" time="1.377">
    <failure type="java.lang.AssertionError" message="expected [200] but found [404]">
      <![CDATA[java.lang.AssertionError: expected [200] but found [404]
at apiTest.DDTest.testDeleteUser(DDTest.java:122)
at java.base/java.util.ArrayList.forEach(ArrayList.java:1596)
... Removed 37 stack frames]]>
    </failure>
  </testcase> <!-- testDeleteUser -->
  <testcase classname="apiTest.DDTest" name="testDeleteUser" time="1.41">
    <failure type="java.lang.AssertionError" message="expected [200] but found [404]">
      <![CDATA[java.lang.AssertionError: expected [200] but found [404]
at apiTest.DDTest.testDeleteUser(DDTest.java:122)
at java.base/java.util.ArrayList.forEach(ArrayList.java:1596)
... Removed 37 stack frames]]>
    </failure>
  </testcase> <!-- testDeleteUser -->
  <testcase classname="apiTest.DDTest" name="testDeleteUser" time="1.356">
    <failure type="java.lang.AssertionError" message="expected [200] but found [404]">
      <![CDATA[java.lang.AssertionError: expected [200] but found [404]
at apiTest.DDTest.testDeleteUser(DDTest.java:122)
at java.base/java.util.ArrayList.forEach(ArrayList.java:1596)
... Removed 37 stack frames]]>
    </failure>
  </testcase> <!-- testDeleteUser -->
  <testcase classname="apiTest.DDTest" name="testDeleteUser" time="1.357">
    <failure type="java.lang.AssertionError" message="expected [200] but found [404]">
      <![CDATA[java.lang.AssertionError: expected [200] but found [404]
at apiTest.DDTest.testDeleteUser(DDTest.java:122)
at java.base/java.util.ArrayList.forEach(ArrayList.java:1596)
... Removed 37 stack frames]]>
    </failure>
  </testcase> <!-- testDeleteUser -->
  <testcase classname="apiTest.DDTest" name="testDeleteUser" time="1.394"/>
  <testcase classname="apiTest.DDTest" name="testDeleteUser" time="1.375">
    <failure type="java.lang.AssertionError" message="expected [200] but found [404]">
      <![CDATA[java.lang.AssertionError: expected [200] but found [404]
at apiTest.DDTest.testDeleteUser(DDTest.java:122)
at java.base/java.util.ArrayList.forEach(ArrayList.java:1596)
... Removed 37 stack frames]]>
    </failure>
  </testcase> <!-- testDeleteUser -->
  <testcase classname="apiTest.DDTest" name="testDeleteUser" time="1.381">
    <failure type="java.lang.AssertionError" message="expected [200] but found [404]">
      <![CDATA[java.lang.AssertionError: expected [200] but found [404]
at apiTest.DDTest.testDeleteUser(DDTest.java:122)
at java.base/java.util.ArrayList.forEach(ArrayList.java:1596)
... Removed 37 stack frames]]>
    </failure>
  </testcase> <!-- testDeleteUser -->
  <testcase classname="apiTest.DDTest" name="testDeleteUser" time="1.352"/>
  <testcase classname="apiTest.DDTest" name="testDeleteUser" time="1.335"/>
  <testcase classname="apiTest.DDTest" name="testDeleteUser" time="1.438">
    <failure type="java.lang.AssertionError" message="expected [200] but found [404]">
      <![CDATA[java.lang.AssertionError: expected [200] but found [404]
at apiTest.DDTest.testDeleteUser(DDTest.java:122)
at java.base/java.util.ArrayList.forEach(ArrayList.java:1596)
... Removed 37 stack frames]]>
    </failure>
  </testcase> <!-- testDeleteUser -->
  <testcase classname="apiTest.DDTest" name="testDeleteUser" time="1.411">
    <failure type="java.lang.AssertionError" message="expected [200] but found [404]">
      <![CDATA[java.lang.AssertionError: expected [200] but found [404]
at apiTest.DDTest.testDeleteUser(DDTest.java:122)
at java.base/java.util.ArrayList.forEach(ArrayList.java:1596)
... Removed 37 stack frames]]>
    </failure>
  </testcase> <!-- testDeleteUser -->
  <testcase classname="apiTest.DDTest" name="testDeleteUser" time="1.367"/>
  <testcase classname="apiTest.DDTest" name="testDeleteUser" time="1.395"/>
  <testcase classname="apiTest.DDTest" name="testDeleteUser" time="1.35">
    <failure type="java.lang.AssertionError" message="expected [200] but found [404]">
      <![CDATA[java.lang.AssertionError: expected [200] but found [404]
at apiTest.DDTest.testDeleteUser(DDTest.java:122)
at java.base/java.util.ArrayList.forEach(ArrayList.java:1596)
... Removed 37 stack frames]]>
    </failure>
  </testcase> <!-- testDeleteUser -->
  <testcase classname="apiTest.DDTest" name="testDeleteUser" time="1.351">
    <failure type="java.lang.AssertionError" message="expected [200] but found [404]">
      <![CDATA[java.lang.AssertionError: expected [200] but found [404]
at apiTest.DDTest.testDeleteUser(DDTest.java:122)
at java.base/java.util.ArrayList.forEach(ArrayList.java:1596)
... Removed 37 stack frames]]>
    </failure>
  </testcase> <!-- testDeleteUser -->
  <testcase classname="apiTest.DDTest" name="testDeleteUser" time="1.394">
    <failure type="java.lang.AssertionError" message="expected [200] but found [404]">
      <![CDATA[java.lang.AssertionError: expected [200] but found [404]
at apiTest.DDTest.testDeleteUser(DDTest.java:122)
at java.base/java.util.ArrayList.forEach(ArrayList.java:1596)
... Removed 37 stack frames]]>
    </failure>
  </testcase> <!-- testDeleteUser -->
  <testcase classname="apiTest.DDTest" name="testDeleteUser" time="1.389"/>
  <testcase classname="apiTest.DDTest" name="testDeleteUser" time="1.385"/>
  <testcase classname="apiTest.DDTest" name="testDeleteUser" time="1.415"/>
  <testcase classname="apiTest.DDTest" name="testDeleteUser" time="1.371"/>
  <testcase classname="apiTest.DDTest" name="testDeleteUser" time="1.353"/>
  <testcase classname="apiTest.DDTest" name="testDeleteUser" time="1.404">
    <failure type="java.lang.AssertionError" message="expected [200] but found [404]">
      <![CDATA[java.lang.AssertionError: expected [200] but found [404]
at apiTest.DDTest.testDeleteUser(DDTest.java:122)
at java.base/java.util.ArrayList.forEach(ArrayList.java:1596)
... Removed 37 stack frames]]>
    </failure>
  </testcase> <!-- testDeleteUser -->
  <testcase classname="apiTest.DDTest" name="testDeleteUser" time="1.378"/>
  <testcase classname="apiTest.DDTest" name="testDeleteUser" time="1.357">
    <failure type="java.lang.AssertionError" message="expected [200] but found [404]">
      <![CDATA[java.lang.AssertionError: expected [200] but found [404]
at apiTest.DDTest.testDeleteUser(DDTest.java:122)
at java.base/java.util.ArrayList.forEach(ArrayList.java:1596)
... Removed 37 stack frames]]>
    </failure>
  </testcase> <!-- testDeleteUser -->
  <testcase classname="apiTest.DDTest" name="testDeleteUser" time="1.346">
    <failure type="java.lang.AssertionError" message="expected [200] but found [404]">
      <![CDATA[java.lang.AssertionError: expected [200] but found [404]
at apiTest.DDTest.testDeleteUser(DDTest.java:122)
at java.base/java.util.ArrayList.forEach(ArrayList.java:1596)
... Removed 37 stack frames]]>
    </failure>
  </testcase> <!-- testDeleteUser -->
  <testcase classname="apiTest.DDTest" name="testDeleteUser" time="1.37"/>
  <testcase classname="apiTest.DDTest" name="testDeleteUser" time="1.353">
    <failure type="java.lang.AssertionError" message="expected [200] but found [404]">
      <![CDATA[java.lang.AssertionError: expected [200] but found [404]
at apiTest.DDTest.testDeleteUser(DDTest.java:122)
at java.base/java.util.ArrayList.forEach(ArrayList.java:1596)
... Removed 37 stack frames]]>
    </failure>
  </testcase> <!-- testDeleteUser -->
  <testcase classname="apiTest.DDTest" name="testDeleteUser" time="1.373"/>
  <testcase classname="apiTest.DDTest" name="testDeleteUser" time="1.357">
    <failure type="java.lang.AssertionError" message="expected [200] but found [404]">
      <![CDATA[java.lang.AssertionError: expected [200] but found [404]
at apiTest.DDTest.testDeleteUser(DDTest.java:122)
at java.base/java.util.ArrayList.forEach(ArrayList.java:1596)
... Removed 37 stack frames]]>
    </failure>
  </testcase> <!-- testDeleteUser -->
  <testcase classname="apiTest.DDTest" name="testDeleteUser" time="1.383">
    <failure type="java.lang.AssertionError" message="expected [200] but found [404]">
      <![CDATA[java.lang.AssertionError: expected [200] but found [404]
at apiTest.DDTest.testDeleteUser(DDTest.java:122)
at java.base/java.util.ArrayList.forEach(ArrayList.java:1596)
... Removed 37 stack frames]]>
    </failure>
  </testcase> <!-- testDeleteUser -->
  <testcase classname="apiTest.DDTest" name="testDeleteUser" time="1.375">
    <failure type="java.lang.AssertionError" message="expected [200] but found [404]">
      <![CDATA[java.lang.AssertionError: expected [200] but found [404]
at apiTest.DDTest.testDeleteUser(DDTest.java:122)
at java.base/java.util.ArrayList.forEach(ArrayList.java:1596)
... Removed 37 stack frames]]>
    </failure>
  </testcase> <!-- testDeleteUser -->
  <testcase classname="apiTest.DDTest" name="testDeleteUser" time="1.335"/>
  <testcase classname="apiTest.DDTest" name="testDeleteUser" time="1.423">
    <failure type="java.lang.AssertionError" message="expected [200] but found [404]">
      <![CDATA[java.lang.AssertionError: expected [200] but found [404]
at apiTest.DDTest.testDeleteUser(DDTest.java:122)
at java.base/java.util.ArrayList.forEach(ArrayList.java:1596)
... Removed 37 stack frames]]>
    </failure>
  </testcase> <!-- testDeleteUser -->
  <testcase classname="apiTest.DDTest" name="testDeleteUser" time="1.373">
    <failure type="java.lang.AssertionError" message="expected [200] but found [404]">
      <![CDATA[java.lang.AssertionError: expected [200] but found [404]
at apiTest.DDTest.testDeleteUser(DDTest.java:122)
at java.base/java.util.ArrayList.forEach(ArrayList.java:1596)
... Removed 37 stack frames]]>
    </failure>
  </testcase> <!-- testDeleteUser -->
  <testcase classname="apiTest.DDTest" name="testDeleteUser" time="1.341">
    <failure type="java.lang.AssertionError" message="expected [200] but found [404]">
      <![CDATA[java.lang.AssertionError: expected [200] but found [404]
at apiTest.DDTest.testDeleteUser(DDTest.java:122)
at java.base/java.util.ArrayList.forEach(ArrayList.java:1596)
... Removed 37 stack frames]]>
    </failure>
  </testcase> <!-- testDeleteUser -->
  <testcase classname="apiTest.DDTest" name="testDeleteUser" time="1.397"/>
  <testcase classname="apiTest.DDTest" name="testDeleteUser" time="1.349">
    <failure type="java.lang.AssertionError" message="expected [200] but found [404]">
      <![CDATA[java.lang.AssertionError: expected [200] but found [404]
at apiTest.DDTest.testDeleteUser(DDTest.java:122)
at java.base/java.util.ArrayList.forEach(ArrayList.java:1596)
... Removed 37 stack frames]]>
    </failure>
  </testcase> <!-- testDeleteUser -->
  <testcase classname="apiTest.DDTest" name="testDeleteUser" time="1.383">
    <failure type="java.lang.AssertionError" message="expected [200] but found [404]">
      <![CDATA[java.lang.AssertionError: expected [200] but found [404]
at apiTest.DDTest.testDeleteUser(DDTest.java:122)
at java.base/java.util.ArrayList.forEach(ArrayList.java:1596)
... Removed 37 stack frames]]>
    </failure>
  </testcase> <!-- testDeleteUser -->
  <testcase classname="apiTest.DDTest" name="testDeleteUser" time="1.383">
    <failure type="java.lang.AssertionError" message="expected [200] but found [404]">
      <![CDATA[java.lang.AssertionError: expected [200] but found [404]
at apiTest.DDTest.testDeleteUser(DDTest.java:122)
at java.base/java.util.ArrayList.forEach(ArrayList.java:1596)
... Removed 37 stack frames]]>
    </failure>
  </testcase> <!-- testDeleteUser -->
  <testcase classname="apiTest.DDTest" name="testUpdateUser" time="1.349"/>
  <testcase classname="apiTest.DDTest" name="testUpdateUser" time="1.44"/>
  <testcase classname="apiTest.DDTest" name="testUpdateUser" time="1.325"/>
  <testcase classname="apiTest.DDTest" name="testUpdateUser" time="1.337"/>
  <testcase classname="apiTest.DDTest" name="testUpdateUser" time="1.386"/>
  <testcase classname="apiTest.DDTest" name="testUpdateUser" time="1.379"/>
  <testcase classname="apiTest.DDTest" name="testUpdateUser" time="1.341"/>
  <testcase classname="apiTest.DDTest" name="testUpdateUser" time="1.357"/>
  <testcase classname="apiTest.DDTest" name="testUpdateUser" time="1.336"/>
  <testcase classname="apiTest.DDTest" name="testUpdateUser" time="1.368"/>
  <testcase classname="apiTest.DDTest" name="testUpdateUser" time="1.344"/>
  <testcase classname="apiTest.DDTest" name="testUpdateUser" time="1.359"/>
  <testcase classname="apiTest.DDTest" name="testUpdateUser" time="1.329"/>
  <testcase classname="apiTest.DDTest" name="testUpdateUser" time="1.373"/>
  <testcase classname="apiTest.DDTest" name="testUpdateUser" time="1.401"/>
  <testcase classname="apiTest.DDTest" name="testUpdateUser" time="1.345"/>
  <testcase classname="apiTest.DDTest" name="testUpdateUser" time="1.31"/>
  <testcase classname="apiTest.DDTest" name="testUpdateUser" time="1.393"/>
  <testcase classname="apiTest.DDTest" name="testUpdateUser" time="1.354"/>
  <testcase classname="apiTest.DDTest" name="testUpdateUser" time="1.362"/>
  <testcase classname="apiTest.DDTest" name="testUpdateUser" time="1.373"/>
  <testcase classname="apiTest.DDTest" name="testUpdateUser" time="1.359"/>
  <testcase classname="apiTest.DDTest" name="testUpdateUser" time="1.381"/>
  <testcase classname="apiTest.DDTest" name="testUpdateUser" time="1.407"/>
  <testcase classname="apiTest.DDTest" name="testUpdateUser" time="1.376"/>
  <testcase classname="apiTest.DDTest" name="testUpdateUser" time="1.384"/>
  <testcase classname="apiTest.DDTest" name="testUpdateUser" time="1.386"/>
  <testcase classname="apiTest.DDTest" name="testUpdateUser" time="1.388"/>
  <testcase classname="apiTest.DDTest" name="testUpdateUser" time="1.375"/>
  <testcase classname="apiTest.DDTest" name="testUpdateUser" time="1.382"/>
  <testcase classname="apiTest.DDTest" name="testUpdateUser" time="1.36"/>
  <testcase classname="apiTest.DDTest" name="testUpdateUser" time="1.415"/>
  <testcase classname="apiTest.DDTest" name="testUpdateUser" time="1.377"/>
  <testcase classname="apiTest.DDTest" name="testUpdateUser" time="1.393"/>
  <testcase classname="apiTest.DDTest" name="testUpdateUser" time="1.364"/>
  <testcase classname="apiTest.DDTest" name="testUpdateUser" time="1.376"/>
  <testcase classname="apiTest.DDTest" name="testUpdateUser" time="1.389"/>
  <testcase classname="apiTest.DDTest" name="testUpdateUser" time="1.35"/>
  <testcase classname="apiTest.DDTest" name="testUpdateUser" time="1.363"/>
  <testcase classname="apiTest.DDTest" name="testUpdateUser" time="1.424"/>
  <testcase classname="apiTest.DDTest" name="testPostPet" time="1.649"/>
  <testcase classname="apiTest.DDTest" name="testPostPet" time="1.523"/>
  <testcase classname="apiTest.DDTest" name="testPostPet" time="1.515"/>
  <testcase classname="apiTest.DDTest" name="testPostPet" time="1.565"/>
  <testcase classname="apiTest.DDTest" name="testPostPet" time="1.512"/>
  <testcase classname="apiTest.DDTest" name="testPostPet" time="1.631"/>
  <testcase classname="apiTest.DDTest" name="testPostPet" time="1.608"/>
  <testcase classname="apiTest.DDTest" name="testPostPet" time="1.581"/>
  <testcase classname="apiTest.DDTest" name="testPostPet" time="1.335"/>
  <testcase classname="apiTest.DDTest" name="testPostPet" time="1.573"/>
  <testcase classname="apiTest.DDTest" name="getPetDetails" time="1.271"/>
  <testcase classname="apiTest.DDTest" name="getPetDetails" time="1.315"/>
  <testcase classname="apiTest.DDTest" name="getPetDetails" time="1.279"/>
  <testcase classname="apiTest.DDTest" name="getPetDetails" time="1.269">
    <failure type="java.lang.AssertionError" message="expected [200] but found [404]">
      <![CDATA[java.lang.AssertionError: expected [200] but found [404]
at apiTest.DDTest.getPetDetails(DDTest.java:196)
at java.base/java.util.ArrayList.forEach(ArrayList.java:1596)
... Removed 37 stack frames]]>
    </failure>
  </testcase> <!-- getPetDetails -->
  <testcase classname="apiTest.DDTest" name="getPetDetails" time="1.314"/>
  <testcase classname="apiTest.DDTest" name="getPetDetails" time="1.238">
    <failure type="java.lang.AssertionError" message="expected [200] but found [404]">
      <![CDATA[java.lang.AssertionError: expected [200] but found [404]
at apiTest.DDTest.getPetDetails(DDTest.java:196)
at java.base/java.util.ArrayList.forEach(ArrayList.java:1596)
... Removed 37 stack frames]]>
    </failure>
  </testcase> <!-- getPetDetails -->
  <testcase classname="apiTest.DDTest" name="getPetDetails" time="1.307">
    <failure type="java.lang.AssertionError" message="expected [200] but found [404]">
      <![CDATA[java.lang.AssertionError: expected [200] but found [404]
at apiTest.DDTest.getPetDetails(DDTest.java:196)
at java.base/java.util.ArrayList.forEach(ArrayList.java:1596)
... Removed 37 stack frames]]>
    </failure>
  </testcase> <!-- getPetDetails -->
  <testcase classname="apiTest.DDTest" name="getPetDetails" time="1.291"/>
  <testcase classname="apiTest.DDTest" name="getPetDetails" time="1.293">
    <failure type="java.lang.AssertionError" message="expected [200] but found [404]">
      <![CDATA[java.lang.AssertionError: expected [200] but found [404]
at apiTest.DDTest.getPetDetails(DDTest.java:196)
at java.base/java.util.ArrayList.forEach(ArrayList.java:1596)
... Removed 37 stack frames]]>
    </failure>
  </testcase> <!-- getPetDetails -->
  <testcase classname="apiTest.DDTest" name="getPetDetails" time="1.283"/>
  <testcase classname="apiTest.UserTest" name="testGetUserByUsername" time="0.0">
    <ignored/>
  </testcase> <!-- testGetUserByUsername -->
  <testcase classname="apiTest.UserTest" name="testUpdateUserByUsername" time="0.0">
    <ignored/>
  </testcase> <!-- testUpdateUserByUsername -->
  <testcase classname="apiTest.UserTest" name="deleteUserByUsername" time="0.0">
    <ignored/>
  </testcase> <!-- deleteUserByUsername -->
  <testcase classname="apiTest.UserTest" name="testPostUser" time="0.0">
    <ignored/>
  </testcase> <!-- testPostUser -->
</testsuite> <!-- Surefire test -->
