<?xml version="1.0" encoding="UTF-8"?>
<!-- Generated by org.testng.reporters.JUnitXMLReporter -->
<testsuite ignored="10" hostname="N1NXCV083539028" failures="0" tests="23" name="Surefire test" time="35.073" errors="0" timestamp="2025-04-18T10:16:34 IST">
  <testcase classname="apiTest.DDTest" name="postOrders" time="2.733"/>
  <testcase classname="apiTest.DDTest" name="postOrders" time="1.379"/>
  <testcase classname="apiTest.DDTest" name="postOrders" time="1.304"/>
  <testcase classname="apiTest.DDTest" name="postOrders" time="1.266"/>
  <testcase classname="apiTest.DDTest" name="postOrders" time="1.431"/>
  <testcase classname="apiTest.DDTest" name="postOrders" time="1.443"/>
  <testcase classname="apiTest.DDTest" name="postOrders" time="1.234"/>
  <testcase classname="apiTest.DDTest" name="postOrders" time="1.426"/>
  <testcase classname="apiTest.DDTest" name="postOrders" time="1.127"/>
  <testcase classname="apiTest.DDTest" name="postOrders" time="1.224"/>
  <testcase classname="apiTest.DDTest" name="postOrders" time="1.147"/>
  <testcase classname="apiTest.DDTest" name="postOrders" time="1.112"/>
  <testcase classname="apiTest.DDTest" name="postOrders" time="1.36"/>
  <testcase classname="apiTest.DDTest" name="postOrders" time="1.196"/>
  <testcase classname="apiTest.DDTest" name="postOrders" time="1.113"/>
  <testcase classname="apiTest.DDTest" name="postOrders" time="1.034"/>
  <testcase classname="apiTest.DDTest" name="postOrders" time="1.535"/>
  <testcase classname="apiTest.DDTest" name="postOrders" time="1.225"/>
  <testcase classname="apiTest.DDTest" name="postOrders" time="1.241"/>
  <testcase classname="apiTest.DDTest" name="postOrders" time="1.059"/>
  <testcase classname="apiTest.DDTest" name="postOrders" time="1.058"/>
  <testcase classname="apiTest.DDTest" name="postOrders" time="1.251"/>
  <testcase classname="apiTest.DDTest" name="getStoreDetails" time="1.44"/>
  <testcase classname="apiTest.UserTest" name="testPostUser" time="0.0">
    <ignored/>
  </testcase> <!-- testPostUser -->
  <testcase classname="apiTest.DDTest" name="testDeleteUser" time="0.0">
    <ignored/>
  </testcase> <!-- testDeleteUser -->
  <testcase classname="apiTest.UserTest" name="testGetUserByUsername" time="0.0">
    <ignored/>
  </testcase> <!-- testGetUserByUsername -->
  <testcase classname="apiTest.UserTest" name="testUpdateUserByUsername" time="0.0">
    <ignored/>
  </testcase> <!-- testUpdateUserByUsername -->
  <testcase classname="apiTest.DDTest" name="testPostUser" time="0.0">
    <ignored/>
  </testcase> <!-- testPostUser -->
  <testcase classname="apiTest.DDTest" name="getPetDetails" time="0.0">
    <ignored/>
  </testcase> <!-- getPetDetails -->
  <testcase classname="apiTest.UserTest" name="deleteUserByUsername" time="0.0">
    <ignored/>
  </testcase> <!-- deleteUserByUsername -->
  <testcase classname="apiTest.DDTest" name="testReadUser" time="0.0">
    <ignored/>
  </testcase> <!-- testReadUser -->
  <testcase classname="apiTest.DDTest" name="testPostPet" time="0.0">
    <ignored/>
  </testcase> <!-- testPostPet -->
  <testcase classname="apiTest.DDTest" name="testUpdateUser" time="0.0">
    <ignored/>
  </testcase> <!-- testUpdateUser -->
</testsuite> <!-- Surefire test -->
