<?xml version="1.0" encoding="UTF-8"?>
<testsuite xmlns:xsi="http://www.w3.org/2001/XMLSchema-instance" xsi:noNamespaceSchemaLocation="https://maven.apache.org/surefire/maven-surefire-plugin/xsd/surefire-test-report.xsd" version="3.0.2" name="TestSuite" time="306.288" tests="180" errors="0" skipped="0" failures="52">
  <properties>
[...]
</properties>
  <testcase name="testPostUser[1, alice.davis, Alice, Davis, alice.davis@example.com, Davis8578210314, 8578210314](1)" classname="apiTest.DDTest" time="4.681">
    <system-out><![CDATA[12:30:38.866 [main] INFO  apiTest.DDTest - *********************************************************************************************************************************************************
12:30:38.886 [main] INFO  apiTest.DDTest - Starting testPostUser with username: alice.davis
POST User name is :alice.davis
{
    "code": 200,
    "type": "unknown",
    "message": "1"
}
12:30:43.062 [main] INFO  apiTest.DDTest - Response: {"code":200,"type":"unknown","message":"1"}
]]></system-out>
    <system-err><![CDATA[SLF4J(W): No SLF4J providers were found.
SLF4J(W): Defaulting to no-operation (NOP) logger implementation
SLF4J(W): See https://www.slf4j.org/codes.html#noProviders for further details.
]]></system-err>
  </testcase>
  <testcase name="testPostUser[2, alice.brown, Alice, Brown, alice.brown@example.com, Brown6664969873, 6664969873](2)" classname="apiTest.DDTest" time="2.516">
    <system-out><![CDATA[12:30:43.540 [main] INFO  apiTest.DDTest - *********************************************************************************************************************************************************
12:30:43.540 [main] INFO  apiTest.DDTest - Starting testPostUser with username: alice.brown
POST User name is :alice.brown
{
    "code": 200,
    "type": "unknown",
    "message": "2"
}
12:30:45.860 [main] INFO  apiTest.DDTest - Response: {"code":200,"type":"unknown","message":"2"}
]]></system-out>
  </testcase>
  <testcase name="testPostUser[3, bob.smith, Bob, Smith, bob.smith@example.com, Smith3540186118, 3540186118](3)" classname="apiTest.DDTest" time="2.514">
    <system-out><![CDATA[12:30:46.072 [main] INFO  apiTest.DDTest - *********************************************************************************************************************************************************
12:30:46.072 [main] INFO  apiTest.DDTest - Starting testPostUser with username: bob.smith
POST User name is :bob.smith
{
    "code": 200,
    "type": "unknown",
    "message": "3"
}
12:30:48.471 [main] INFO  apiTest.DDTest - Response: {"code":200,"type":"unknown","message":"3"}
]]></system-out>
  </testcase>
  <testcase name="testPostUser[4, ivy.wilson, Ivy, Wilson, ivy.wilson@example.com, Wilson7321838147, 7321838147](4)" classname="apiTest.DDTest" time="2.48">
    <system-out><![CDATA[12:30:48.586 [main] INFO  apiTest.DDTest - *********************************************************************************************************************************************************
12:30:48.586 [main] INFO  apiTest.DDTest - Starting testPostUser with username: ivy.wilson
POST User name is :ivy.wilson
{
    "code": 200,
    "type": "unknown",
    "message": "4"
}
12:30:50.974 [main] INFO  apiTest.DDTest - Response: {"code":200,"type":"unknown","message":"4"}
]]></system-out>
  </testcase>
  <testcase name="testPostUser[5, bob.wilson, Bob, Wilson, bob.wilson@example.com, Wilson1111478633, 1111478633](5)" classname="apiTest.DDTest" time="2.43">
    <system-out><![CDATA[12:30:51.066 [main] INFO  apiTest.DDTest - *********************************************************************************************************************************************************
12:30:51.067 [main] INFO  apiTest.DDTest - Starting testPostUser with username: bob.wilson
POST User name is :bob.wilson
{
    "code": 200,
    "type": "unknown",
    "message": "5"
}
12:30:53.386 [main] INFO  apiTest.DDTest - Response: {"code":200,"type":"unknown","message":"5"}
]]></system-out>
  </testcase>
  <testcase name="testPostUser[6, nina.miller, Nina, Miller, nina.miller@example.com, Miller8868129388, 8868129388](6)" classname="apiTest.DDTest" time="2.519">
    <system-out><![CDATA[12:30:53.497 [main] INFO  apiTest.DDTest - *********************************************************************************************************************************************************
12:30:53.497 [main] INFO  apiTest.DDTest - Starting testPostUser with username: nina.miller
POST User name is :nina.miller
{
    "code": 200,
    "type": "unknown",
    "message": "6"
}
12:30:55.920 [main] INFO  apiTest.DDTest - Response: {"code":200,"type":"unknown","message":"6"}
]]></system-out>
  </testcase>
  <testcase name="testPostUser[7, nina.wilson, Nina, Wilson, nina.wilson@example.com, Wilson3859783296, 3859783296](7)" classname="apiTest.DDTest" time="2.44">
    <system-out><![CDATA[12:30:56.016 [main] INFO  apiTest.DDTest - *********************************************************************************************************************************************************
12:30:56.016 [main] INFO  apiTest.DDTest - Starting testPostUser with username: nina.wilson
POST User name is :nina.wilson
{
    "code": 200,
    "type": "unknown",
    "message": "7"
}
12:30:58.357 [main] INFO  apiTest.DDTest - Response: {"code":200,"type":"unknown","message":"7"}
]]></system-out>
  </testcase>
  <testcase name="testPostUser[8, frank.anderson, Frank, Anderson, frank.anderson@example.com, Anderson1734188574, 1734188574](8)" classname="apiTest.DDTest" time="2.442">
    <system-out><![CDATA[12:30:58.456 [main] INFO  apiTest.DDTest - *********************************************************************************************************************************************************
12:30:58.456 [main] INFO  apiTest.DDTest - Starting testPostUser with username: frank.anderson
POST User name is :frank.anderson
{
    "code": 200,
    "type": "unknown",
    "message": "8"
}
12:31:00.819 [main] INFO  apiTest.DDTest - Response: {"code":200,"type":"unknown","message":"8"}
]]></system-out>
  </testcase>
  <testcase name="testPostUser[9, jane.brown, Jane, Brown, jane.brown@example.com, Brown1732480698, 1732480698](9)" classname="apiTest.DDTest" time="2.48">
    <system-out><![CDATA[12:31:00.898 [main] INFO  apiTest.DDTest - *********************************************************************************************************************************************************
12:31:00.898 [main] INFO  apiTest.DDTest - Starting testPostUser with username: jane.brown
POST User name is :jane.brown
{
    "code": 200,
    "type": "unknown",
    "message": "9"
}
12:31:03.294 [main] INFO  apiTest.DDTest - Response: {"code":200,"type":"unknown","message":"9"}
]]></system-out>
  </testcase>
  <testcase name="testPostUser[10, jane.brown, Jane, Brown, jane.brown@example.com, Brown7453082604, 7453082604](10)" classname="apiTest.DDTest" time="2.468">
    <system-out><![CDATA[12:31:03.378 [main] INFO  apiTest.DDTest - *********************************************************************************************************************************************************
12:31:03.378 [main] INFO  apiTest.DDTest - Starting testPostUser with username: jane.brown
POST User name is :jane.brown
{
    "code": 200,
    "type": "unknown",
    "message": "10"
}
12:31:05.733 [main] INFO  apiTest.DDTest - Response: {"code":200,"type":"unknown","message":"10"}
]]></system-out>
  </testcase>
  <testcase name="testPostUser[11, hank.anderson, Hank, Anderson, hank.anderson@example.com, Anderson8983648226, 8983648226](11)" classname="apiTest.DDTest" time="2.445">
    <system-out><![CDATA[12:31:05.846 [main] INFO  apiTest.DDTest - *********************************************************************************************************************************************************
12:31:05.846 [main] INFO  apiTest.DDTest - Starting testPostUser with username: hank.anderson
POST User name is :hank.anderson
{
    "code": 200,
    "type": "unknown",
    "message": "11"
}
12:31:08.205 [main] INFO  apiTest.DDTest - Response: {"code":200,"type":"unknown","message":"11"}
]]></system-out>
  </testcase>
  <testcase name="testPostUser[12, frank.moore, Frank, Moore, frank.moore@example.com, Moore4176216143, 4176216143](12)" classname="apiTest.DDTest" time="2.4">
    <system-out><![CDATA[12:31:08.291 [main] INFO  apiTest.DDTest - *********************************************************************************************************************************************************
12:31:08.291 [main] INFO  apiTest.DDTest - Starting testPostUser with username: frank.moore
POST User name is :frank.moore
{
    "code": 200,
    "type": "unknown",
    "message": "12"
}
12:31:10.597 [main] INFO  apiTest.DDTest - Response: {"code":200,"type":"unknown","message":"12"}
]]></system-out>
  </testcase>
  <testcase name="testPostUser[13, charlie.brown, Charlie, Brown, charlie.brown@example.com, Brown9782431540, 9782431540](13)" classname="apiTest.DDTest" time="2.393">
    <system-out><![CDATA[12:31:10.692 [main] INFO  apiTest.DDTest - *********************************************************************************************************************************************************
12:31:10.693 [main] INFO  apiTest.DDTest - Starting testPostUser with username: charlie.brown
POST User name is :charlie.brown
{
    "code": 200,
    "type": "unknown",
    "message": "13"
}
12:31:13.002 [main] INFO  apiTest.DDTest - Response: {"code":200,"type":"unknown","message":"13"}
]]></system-out>
  </testcase>
  <testcase name="testPostUser[14, bob.anderson, Bob, Anderson, bob.anderson@example.com, Anderson3861296103, 3861296103](14)" classname="apiTest.DDTest" time="2.441">
    <system-out><![CDATA[12:31:13.086 [main] INFO  apiTest.DDTest - *********************************************************************************************************************************************************
12:31:13.086 [main] INFO  apiTest.DDTest - Starting testPostUser with username: bob.anderson
POST User name is :bob.anderson
{
    "code": 200,
    "type": "unknown",
    "message": "14"
}
12:31:15.440 [main] INFO  apiTest.DDTest - Response: {"code":200,"type":"unknown","message":"14"}
]]></system-out>
  </testcase>
  <testcase name="testPostUser[15, jane.brown, Jane, Brown, jane.brown@example.com, Brown6280941848, 6280941848](15)" classname="apiTest.DDTest" time="2.458">
    <system-out><![CDATA[12:31:15.527 [main] INFO  apiTest.DDTest - *********************************************************************************************************************************************************
12:31:15.527 [main] INFO  apiTest.DDTest - Starting testPostUser with username: jane.brown
POST User name is :jane.brown
{
    "code": 200,
    "type": "unknown",
    "message": "15"
}
12:31:17.895 [main] INFO  apiTest.DDTest - Response: {"code":200,"type":"unknown","message":"15"}
]]></system-out>
  </testcase>
  <testcase name="testPostUser[16, mia.moore, Mia, Moore, mia.moore@example.com, Moore5037278668, 5037278668](16)" classname="apiTest.DDTest" time="2.411">
    <system-out><![CDATA[12:31:17.985 [main] INFO  apiTest.DDTest - *********************************************************************************************************************************************************
12:31:17.985 [main] INFO  apiTest.DDTest - Starting testPostUser with username: mia.moore
POST User name is :mia.moore
{
    "code": 200,
    "type": "unknown",
    "message": "16"
}
12:31:20.296 [main] INFO  apiTest.DDTest - Response: {"code":200,"type":"unknown","message":"16"}
]]></system-out>
  </testcase>
  <testcase name="testPostUser[17, nina.brown, Nina, Brown, nina.brown@example.com, Brown2664435629, 2664435629](17)" classname="apiTest.DDTest" time="2.47">
    <system-out><![CDATA[12:31:20.396 [main] INFO  apiTest.DDTest - *********************************************************************************************************************************************************
12:31:20.396 [main] INFO  apiTest.DDTest - Starting testPostUser with username: nina.brown
POST User name is :nina.brown
{
    "code": 200,
    "type": "unknown",
    "message": "17"
}
12:31:22.783 [main] INFO  apiTest.DDTest - Response: {"code":200,"type":"unknown","message":"17"}
]]></system-out>
  </testcase>
  <testcase name="testPostUser[18, jack.anderson, Jack, Anderson, jack.anderson@example.com, Anderson7249669002, 7249669002](18)" classname="apiTest.DDTest" time="2.449">
    <system-out><![CDATA[12:31:22.866 [main] INFO  apiTest.DDTest - *********************************************************************************************************************************************************
12:31:22.866 [main] INFO  apiTest.DDTest - Starting testPostUser with username: jack.anderson
POST User name is :jack.anderson
{
    "code": 200,
    "type": "unknown",
    "message": "18"
}
12:31:25.204 [main] INFO  apiTest.DDTest - Response: {"code":200,"type":"unknown","message":"18"}
]]></system-out>
  </testcase>
  <testcase name="testPostUser[19, kate.taylor, Kate, Taylor, kate.taylor@example.com, Taylor8831565209, 8831565209](19)" classname="apiTest.DDTest" time="2.452">
    <system-out><![CDATA[12:31:25.316 [main] INFO  apiTest.DDTest - *********************************************************************************************************************************************************
12:31:25.316 [main] INFO  apiTest.DDTest - Starting testPostUser with username: kate.taylor
POST User name is :kate.taylor
{
    "code": 200,
    "type": "unknown",
    "message": "19"
}
12:31:27.666 [main] INFO  apiTest.DDTest - Response: {"code":200,"type":"unknown","message":"19"}
]]></system-out>
  </testcase>
  <testcase name="testPostUser[20, hank.davis, Hank, Davis, hank.davis@example.com, Davis8511062522, 8511062522](20)" classname="apiTest.DDTest" time="2.388">
    <system-out><![CDATA[12:31:27.768 [main] INFO  apiTest.DDTest - *********************************************************************************************************************************************************
12:31:27.768 [main] INFO  apiTest.DDTest - Starting testPostUser with username: hank.davis
POST User name is :hank.davis
{
    "code": 200,
    "type": "unknown",
    "message": "20"
}
12:31:30.070 [main] INFO  apiTest.DDTest - Response: {"code":200,"type":"unknown","message":"20"}
]]></system-out>
  </testcase>
  <testcase name="testPostUser[21, charlie.wilson, Charlie, Wilson, charlie.wilson@example.com, Wilson2239740964, 2239740964](21)" classname="apiTest.DDTest" time="2.45">
    <system-out><![CDATA[12:31:30.156 [main] INFO  apiTest.DDTest - *********************************************************************************************************************************************************
12:31:30.156 [main] INFO  apiTest.DDTest - Starting testPostUser with username: charlie.wilson
POST User name is :charlie.wilson
{
    "code": 200,
    "type": "unknown",
    "message": "21"
}
12:31:32.533 [main] INFO  apiTest.DDTest - Response: {"code":200,"type":"unknown","message":"21"}
]]></system-out>
  </testcase>
  <testcase name="testPostUser[22, charlie.doe, Charlie, Doe, charlie.doe@example.com, Doe7935167948, 7935167948](22)" classname="apiTest.DDTest" time="2.431">
    <system-out><![CDATA[12:31:32.606 [main] INFO  apiTest.DDTest - *********************************************************************************************************************************************************
12:31:32.606 [main] INFO  apiTest.DDTest - Starting testPostUser with username: charlie.doe
POST User name is :charlie.doe
{
    "code": 200,
    "type": "unknown",
    "message": "22"
}
12:31:34.944 [main] INFO  apiTest.DDTest - Response: {"code":200,"type":"unknown","message":"22"}
]]></system-out>
  </testcase>
  <testcase name="testPostUser[23, mia.wilson, Mia, Wilson, mia.wilson@example.com, Wilson2354947364, 2354947364](23)" classname="apiTest.DDTest" time="2.389">
    <system-out><![CDATA[12:31:35.037 [main] INFO  apiTest.DDTest - *********************************************************************************************************************************************************
12:31:35.037 [main] INFO  apiTest.DDTest - Starting testPostUser with username: mia.wilson
POST User name is :mia.wilson
{
    "code": 200,
    "type": "unknown",
    "message": "23"
}
12:31:37.344 [main] INFO  apiTest.DDTest - Response: {"code":200,"type":"unknown","message":"23"}
]]></system-out>
  </testcase>
  <testcase name="testPostUser[24, kate.johnson, Kate, Johnson, kate.johnson@example.com, Johnson8420475198, 8420475198](24)" classname="apiTest.DDTest" time="2.39">
    <system-out><![CDATA[12:31:37.426 [main] INFO  apiTest.DDTest - *********************************************************************************************************************************************************
12:31:37.426 [main] INFO  apiTest.DDTest - Starting testPostUser with username: kate.johnson
POST User name is :kate.johnson
{
    "code": 200,
    "type": "unknown",
    "message": "24"
}
12:31:39.723 [main] INFO  apiTest.DDTest - Response: {"code":200,"type":"unknown","message":"24"}
]]></system-out>
  </testcase>
  <testcase name="testPostUser[25, grace.doe, Grace, Doe, grace.doe@example.com, Doe4890543845, 4890543845](25)" classname="apiTest.DDTest" time="2.545">
    <system-out><![CDATA[12:31:39.816 [main] INFO  apiTest.DDTest - *********************************************************************************************************************************************************
12:31:39.816 [main] INFO  apiTest.DDTest - Starting testPostUser with username: grace.doe
POST User name is :grace.doe
{
    "code": 200,
    "type": "unknown",
    "message": "25"
}
12:31:42.211 [main] INFO  apiTest.DDTest - Response: {"code":200,"type":"unknown","message":"25"}
]]></system-out>
  </testcase>
  <testcase name="testPostUser[26, jane.miller, Jane, Miller, jane.miller@example.com, Miller7070830294, 7070830294](26)" classname="apiTest.DDTest" time="2.674">
    <system-out><![CDATA[12:31:42.361 [main] INFO  apiTest.DDTest - *********************************************************************************************************************************************************
12:31:42.361 [main] INFO  apiTest.DDTest - Starting testPostUser with username: jane.miller
POST User name is :jane.miller
{
    "code": 200,
    "type": "unknown",
    "message": "26"
}
12:31:44.955 [main] INFO  apiTest.DDTest - Response: {"code":200,"type":"unknown","message":"26"}
]]></system-out>
  </testcase>
  <testcase name="testPostUser[27, grace.brown, Grace, Brown, grace.brown@example.com, Brown6061752178, 6061752178](27)" classname="apiTest.DDTest" time="2.428">
    <system-out><![CDATA[12:31:45.035 [main] INFO  apiTest.DDTest - *********************************************************************************************************************************************************
12:31:45.035 [main] INFO  apiTest.DDTest - Starting testPostUser with username: grace.brown
POST User name is :grace.brown
{
    "code": 200,
    "type": "unknown",
    "message": "27"
}
12:31:47.378 [main] INFO  apiTest.DDTest - Response: {"code":200,"type":"unknown","message":"27"}
]]></system-out>
  </testcase>
  <testcase name="testPostUser[28, frank.johnson, Frank, Johnson, frank.johnson@example.com, Johnson9309561735, 9309561735](28)" classname="apiTest.DDTest" time="2.474">
    <system-out><![CDATA[12:31:47.463 [main] INFO  apiTest.DDTest - *********************************************************************************************************************************************************
12:31:47.463 [main] INFO  apiTest.DDTest - Starting testPostUser with username: frank.johnson
POST User name is :frank.johnson
{
    "code": 200,
    "type": "unknown",
    "message": "28"
}
12:31:49.879 [main] INFO  apiTest.DDTest - Response: {"code":200,"type":"unknown","message":"28"}
]]></system-out>
  </testcase>
  <testcase name="testPostUser[29, bob.taylor, Bob, Taylor, bob.taylor@example.com, Taylor7237237955, 7237237955](29)" classname="apiTest.DDTest" time="2.404">
    <system-out><![CDATA[12:31:49.937 [main] INFO  apiTest.DDTest - *********************************************************************************************************************************************************
12:31:49.937 [main] INFO  apiTest.DDTest - Starting testPostUser with username: bob.taylor
POST User name is :bob.taylor
{
    "code": 200,
    "type": "unknown",
    "message": "29"
}
12:31:52.281 [main] INFO  apiTest.DDTest - Response: {"code":200,"type":"unknown","message":"29"}
]]></system-out>
  </testcase>
  <testcase name="testPostUser[30, jack.johnson, Jack, Johnson, jack.johnson@example.com, Johnson2779720070, 2779720070](30)" classname="apiTest.DDTest" time="2.424">
    <system-out><![CDATA[12:31:52.341 [main] INFO  apiTest.DDTest - *********************************************************************************************************************************************************
12:31:52.341 [main] INFO  apiTest.DDTest - Starting testPostUser with username: jack.johnson
POST User name is :jack.johnson
{
    "code": 200,
    "type": "unknown",
    "message": "30"
}
12:31:54.711 [main] INFO  apiTest.DDTest - Response: {"code":200,"type":"unknown","message":"30"}
]]></system-out>
  </testcase>
  <testcase name="testPostUser[31, alice.taylor, Alice, Taylor, alice.taylor@example.com, Taylor8345334873, 8345334873](31)" classname="apiTest.DDTest" time="2.366">
    <system-out><![CDATA[12:31:54.765 [main] INFO  apiTest.DDTest - *********************************************************************************************************************************************************
12:31:54.765 [main] INFO  apiTest.DDTest - Starting testPostUser with username: alice.taylor
POST User name is :alice.taylor
{
    "code": 200,
    "type": "unknown",
    "message": "31"
}
12:31:57.075 [main] INFO  apiTest.DDTest - Response: {"code":200,"type":"unknown","message":"31"}
]]></system-out>
  </testcase>
  <testcase name="testPostUser[32, ivy.miller, Ivy, Miller, ivy.miller@example.com, Miller7238264707, 7238264707](32)" classname="apiTest.DDTest" time="2.378">
    <system-out><![CDATA[12:31:57.133 [main] INFO  apiTest.DDTest - *********************************************************************************************************************************************************
12:31:57.133 [main] INFO  apiTest.DDTest - Starting testPostUser with username: ivy.miller
POST User name is :ivy.miller
{
    "code": 200,
    "type": "unknown",
    "message": "32"
}
12:31:59.460 [main] INFO  apiTest.DDTest - Response: {"code":200,"type":"unknown","message":"32"}
]]></system-out>
  </testcase>
  <testcase name="testPostUser[33, leo.anderson, Leo, Anderson, leo.anderson@example.com, Anderson7548814699, 7548814699](33)" classname="apiTest.DDTest" time="2.394">
    <system-out><![CDATA[12:31:59.511 [main] INFO  apiTest.DDTest - *********************************************************************************************************************************************************
12:31:59.512 [main] INFO  apiTest.DDTest - Starting testPostUser with username: leo.anderson
POST User name is :leo.anderson
{
    "code": 200,
    "type": "unknown",
    "message": "33"
}
12:32:01.857 [main] INFO  apiTest.DDTest - Response: {"code":200,"type":"unknown","message":"33"}
]]></system-out>
  </testcase>
  <testcase name="testPostUser[34, jane.davis, Jane, Davis, jane.davis@example.com, Davis2854311888, 2854311888](34)" classname="apiTest.DDTest" time="2.437">
    <system-out><![CDATA[12:32:01.905 [main] INFO  apiTest.DDTest - *********************************************************************************************************************************************************
12:32:01.905 [main] INFO  apiTest.DDTest - Starting testPostUser with username: jane.davis
POST User name is :jane.davis
{
    "code": 200,
    "type": "unknown",
    "message": "34"
}
12:32:04.260 [main] INFO  apiTest.DDTest - Response: {"code":200,"type":"unknown","message":"34"}
]]></system-out>
  </testcase>
  <testcase name="testPostUser[35, leo.moore, Leo, Moore, leo.moore@example.com, Moore4665172750, 4665172750](35)" classname="apiTest.DDTest" time="2.35">
    <system-out><![CDATA[12:32:04.343 [main] INFO  apiTest.DDTest - *********************************************************************************************************************************************************
12:32:04.343 [main] INFO  apiTest.DDTest - Starting testPostUser with username: leo.moore
POST User name is :leo.moore
{
    "code": 200,
    "type": "unknown",
    "message": "35"
}
12:32:06.626 [main] INFO  apiTest.DDTest - Response: {"code":200,"type":"unknown","message":"35"}
]]></system-out>
  </testcase>
  <testcase name="testPostUser[36, grace.johnson, Grace, Johnson, grace.johnson@example.com, Johnson6311367111, 6311367111](36)" classname="apiTest.DDTest" time="2.392">
    <system-out><![CDATA[12:32:06.693 [main] INFO  apiTest.DDTest - *********************************************************************************************************************************************************
12:32:06.693 [main] INFO  apiTest.DDTest - Starting testPostUser with username: grace.johnson
POST User name is :grace.johnson
{
    "code": 200,
    "type": "unknown",
    "message": "36"
}
12:32:09.024 [main] INFO  apiTest.DDTest - Response: {"code":200,"type":"unknown","message":"36"}
]]></system-out>
  </testcase>
  <testcase name="testPostUser[37, frank.taylor, Frank, Taylor, frank.taylor@example.com, Taylor7884542152, 7884542152](37)" classname="apiTest.DDTest" time="2.319">
    <system-out><![CDATA[12:32:09.085 [main] INFO  apiTest.DDTest - *********************************************************************************************************************************************************
12:32:09.086 [main] INFO  apiTest.DDTest - Starting testPostUser with username: frank.taylor
POST User name is :frank.taylor
{
    "code": 200,
    "type": "unknown",
    "message": "37"
}
12:32:11.359 [main] INFO  apiTest.DDTest - Response: {"code":200,"type":"unknown","message":"37"}
]]></system-out>
  </testcase>
  <testcase name="testPostUser[38, ivy.smith, Ivy, Smith, ivy.smith@example.com, Smith3759188003, 3759188003](38)" classname="apiTest.DDTest" time="2.331">
    <system-out><![CDATA[12:32:11.406 [main] INFO  apiTest.DDTest - *********************************************************************************************************************************************************
12:32:11.406 [main] INFO  apiTest.DDTest - Starting testPostUser with username: ivy.smith
POST User name is :ivy.smith
{
    "code": 200,
    "type": "unknown",
    "message": "38"
}
12:32:13.686 [main] INFO  apiTest.DDTest - Response: {"code":200,"type":"unknown","message":"38"}
]]></system-out>
  </testcase>
  <testcase name="testPostUser[39, jane.davis, Jane, Davis, jane.davis@example.com, Davis7081118774, 7081118774](39)" classname="apiTest.DDTest" time="2.329">
    <system-out><![CDATA[12:32:13.737 [main] INFO  apiTest.DDTest - *********************************************************************************************************************************************************
12:32:13.737 [main] INFO  apiTest.DDTest - Starting testPostUser with username: jane.davis
POST User name is :jane.davis
{
    "code": 200,
    "type": "unknown",
    "message": "39"
}
12:32:16.015 [main] INFO  apiTest.DDTest - Response: {"code":200,"type":"unknown","message":"39"}
]]></system-out>
  </testcase>
  <testcase name="testPostUser[40, nina.taylor, Nina, Taylor, nina.taylor@example.com, Taylor2140298639, 2140298639](40)" classname="apiTest.DDTest" time="2.35">
    <system-out><![CDATA[12:32:16.068 [main] INFO  apiTest.DDTest - *********************************************************************************************************************************************************
12:32:16.068 [main] INFO  apiTest.DDTest - Starting testPostUser with username: nina.taylor
POST User name is :nina.taylor
{
    "code": 200,
    "type": "unknown",
    "message": "40"
}
12:32:18.357 [main] INFO  apiTest.DDTest - Response: {"code":200,"type":"unknown","message":"40"}
]]></system-out>
  </testcase>
  <testcase name="testReadUser[alice.davis](1)" classname="apiTest.DDTest" time="1.808">
    <system-out><![CDATA[12:32:18.945 [main] INFO  apiTest.DDTest - *********************************************************************************************************************************************************
12:32:18.945 [main] INFO  apiTest.DDTest - Starting testReadUser with username: alice.davis
{
    "id": 1,
    "username": "alice.davis",
    "firstName": "Alice",
    "lastName": "Davis",
    "email": "alice.davis@example.com",
    "password": "Davis8578210314",
    "phone": "8578210314",
    "userStatus": 0
}
12:32:20.242 [main] INFO  apiTest.DDTest - Response: {"id":1,"username":"alice.davis","firstName":"Alice","lastName":"Davis","email":"alice.davis@example.com","password":"Davis8578210314","phone":"8578210314","userStatus":0}
]]></system-out>
  </testcase>
  <testcase name="testReadUser[alice.brown](2)" classname="apiTest.DDTest" time="1.383">
    <system-out><![CDATA[12:32:20.753 [main] INFO  apiTest.DDTest - *********************************************************************************************************************************************************
12:32:20.753 [main] INFO  apiTest.DDTest - Starting testReadUser with username: alice.brown
{
    "id": 2,
    "username": "alice.brown",
    "firstName": "Alice",
    "lastName": "Brown",
    "email": "alice.brown@example.com",
    "password": "Brown6664969873",
    "phone": "6664969873",
    "userStatus": 0
}
12:32:22.066 [main] INFO  apiTest.DDTest - Response: {"id":2,"username":"alice.brown","firstName":"Alice","lastName":"Brown","email":"alice.brown@example.com","password":"Brown6664969873","phone":"6664969873","userStatus":0}
]]></system-out>
  </testcase>
  <testcase name="testReadUser[bob.smith](3)" classname="apiTest.DDTest" time="1.335">
    <system-out><![CDATA[12:32:22.136 [main] INFO  apiTest.DDTest - *********************************************************************************************************************************************************
12:32:22.137 [main] INFO  apiTest.DDTest - Starting testReadUser with username: bob.smith
{
    "id": 3,
    "username": "bob.smith",
    "firstName": "Bob",
    "lastName": "Smith",
    "email": "bob.smith@example.com",
    "password": "Smith3540186118",
    "phone": "3540186118",
    "userStatus": 0
}
12:32:23.415 [main] INFO  apiTest.DDTest - Response: {"id":3,"username":"bob.smith","firstName":"Bob","lastName":"Smith","email":"bob.smith@example.com","password":"Smith3540186118","phone":"3540186118","userStatus":0}
]]></system-out>
  </testcase>
  <testcase name="testReadUser[ivy.wilson](4)" classname="apiTest.DDTest" time="1.324">
    <failure message="expected [null] but found [ivy.wilson]" type="java.lang.AssertionError"><![CDATA[java.lang.AssertionError: expected [null] but found [ivy.wilson]
	at org.testng.Assert.fail(Assert.java:111)
	at org.testng.Assert.failNotEquals(Assert.java:1590)
	at org.testng.Assert.assertEqualsImpl(Assert.java:150)
	at org.testng.Assert.assertEquals(Assert.java:132)
	at org.testng.Assert.assertEquals(Assert.java:656)
	at org.testng.Assert.assertEquals(Assert.java:666)
	at apiTest.DDTest.testReadUser(DDTest.java:100)
	at java.base/jdk.internal.reflect.DirectMethodHandleAccessor.invoke(DirectMethodHandleAccessor.java:103)
	at java.base/java.lang.reflect.Method.invoke(Method.java:580)
	at org.testng.internal.invokers.MethodInvocationHelper.invokeMethod(MethodInvocationHelper.java:141)
	at org.testng.internal.invokers.TestInvoker.invokeMethod(TestInvoker.java:687)
	at org.testng.internal.invokers.TestInvoker.invokeTestMethod(TestInvoker.java:230)
	at org.testng.internal.invokers.MethodRunner.runInSequence(MethodRunner.java:63)
	at org.testng.internal.invokers.TestInvoker$MethodInvocationAgent.invoke(TestInvoker.java:995)
	at org.testng.internal.invokers.TestInvoker.invokeTestMethods(TestInvoker.java:203)
	at org.testng.internal.invokers.TestMethodWorker.invokeTestMethods(TestMethodWorker.java:154)
	at org.testng.internal.invokers.TestMethodWorker.run(TestMethodWorker.java:134)
	at java.base/java.util.ArrayList.forEach(ArrayList.java:1596)
	at org.testng.TestRunner.privateRun(TestRunner.java:741)
	at org.testng.TestRunner.run(TestRunner.java:616)
	at org.testng.SuiteRunner.runTest(SuiteRunner.java:421)
	at org.testng.SuiteRunner.runSequentially(SuiteRunner.java:413)
	at org.testng.SuiteRunner.privateRun(SuiteRunner.java:373)
	at org.testng.SuiteRunner.run(SuiteRunner.java:312)
	at org.testng.SuiteRunnerWorker.runSuite(SuiteRunnerWorker.java:52)
	at org.testng.SuiteRunnerWorker.run(SuiteRunnerWorker.java:95)
	at org.testng.TestNG.runSuitesSequentially(TestNG.java:1274)
	at org.testng.TestNG.runSuitesLocally(TestNG.java:1208)
	at org.testng.TestNG.runSuites(TestNG.java:1112)
	at org.testng.TestNG.run(TestNG.java:1079)
	at org.apache.maven.surefire.testng.TestNGExecutor.run(TestNGExecutor.java:155)
	at org.apache.maven.surefire.testng.TestNGDirectoryTestSuite.executeMulti(TestNGDirectoryTestSuite.java:169)
	at org.apache.maven.surefire.testng.TestNGDirectoryTestSuite.execute(TestNGDirectoryTestSuite.java:88)
	at org.apache.maven.surefire.testng.TestNGProvider.invoke(TestNGProvider.java:137)
	at org.apache.maven.surefire.booter.ForkedBooter.runSuitesInProcess(ForkedBooter.java:385)
	at org.apache.maven.surefire.booter.ForkedBooter.execute(ForkedBooter.java:162)
	at org.apache.maven.surefire.booter.ForkedBooter.run(ForkedBooter.java:507)
	at org.apache.maven.surefire.booter.ForkedBooter.main(ForkedBooter.java:495)
]]></failure>
    <system-out><![CDATA[12:32:23.472 [main] INFO  apiTest.DDTest - *********************************************************************************************************************************************************
12:32:23.472 [main] INFO  apiTest.DDTest - Starting testReadUser with username: ivy.wilson
{
    "code": 1,
    "type": "error",
    "message": "User not found"
}
12:32:24.725 [main] INFO  apiTest.DDTest - Response: {"code":1,"type":"error","message":"User not found"}
12:32:24.782 [main] ERROR apiTest.DDTest - User read failed. Username: ivy.wilson. Status code: 404
]]></system-out>
  </testcase>
  <testcase name="testReadUser[bob.wilson](5)" classname="apiTest.DDTest" time="1.397">
    <failure message="expected [null] but found [bob.wilson]" type="java.lang.AssertionError"><![CDATA[java.lang.AssertionError: expected [null] but found [bob.wilson]
	at org.testng.Assert.fail(Assert.java:111)
	at org.testng.Assert.failNotEquals(Assert.java:1590)
	at org.testng.Assert.assertEqualsImpl(Assert.java:150)
	at org.testng.Assert.assertEquals(Assert.java:132)
	at org.testng.Assert.assertEquals(Assert.java:656)
	at org.testng.Assert.assertEquals(Assert.java:666)
	at apiTest.DDTest.testReadUser(DDTest.java:100)
	at java.base/jdk.internal.reflect.DirectMethodHandleAccessor.invoke(DirectMethodHandleAccessor.java:103)
	at java.base/java.lang.reflect.Method.invoke(Method.java:580)
	at org.testng.internal.invokers.MethodInvocationHelper.invokeMethod(MethodInvocationHelper.java:141)
	at org.testng.internal.invokers.TestInvoker.invokeMethod(TestInvoker.java:687)
	at org.testng.internal.invokers.TestInvoker.invokeTestMethod(TestInvoker.java:230)
	at org.testng.internal.invokers.MethodRunner.runInSequence(MethodRunner.java:63)
	at org.testng.internal.invokers.TestInvoker$MethodInvocationAgent.invoke(TestInvoker.java:995)
	at org.testng.internal.invokers.TestInvoker.invokeTestMethods(TestInvoker.java:203)
	at org.testng.internal.invokers.TestMethodWorker.invokeTestMethods(TestMethodWorker.java:154)
	at org.testng.internal.invokers.TestMethodWorker.run(TestMethodWorker.java:134)
	at java.base/java.util.ArrayList.forEach(ArrayList.java:1596)
	at org.testng.TestRunner.privateRun(TestRunner.java:741)
	at org.testng.TestRunner.run(TestRunner.java:616)
	at org.testng.SuiteRunner.runTest(SuiteRunner.java:421)
	at org.testng.SuiteRunner.runSequentially(SuiteRunner.java:413)
	at org.testng.SuiteRunner.privateRun(SuiteRunner.java:373)
	at org.testng.SuiteRunner.run(SuiteRunner.java:312)
	at org.testng.SuiteRunnerWorker.runSuite(SuiteRunnerWorker.java:52)
	at org.testng.SuiteRunnerWorker.run(SuiteRunnerWorker.java:95)
	at org.testng.TestNG.runSuitesSequentially(TestNG.java:1274)
	at org.testng.TestNG.runSuitesLocally(TestNG.java:1208)
	at org.testng.TestNG.runSuites(TestNG.java:1112)
	at org.testng.TestNG.run(TestNG.java:1079)
	at org.apache.maven.surefire.testng.TestNGExecutor.run(TestNGExecutor.java:155)
	at org.apache.maven.surefire.testng.TestNGDirectoryTestSuite.executeMulti(TestNGDirectoryTestSuite.java:169)
	at org.apache.maven.surefire.testng.TestNGDirectoryTestSuite.execute(TestNGDirectoryTestSuite.java:88)
	at org.apache.maven.surefire.testng.TestNGProvider.invoke(TestNGProvider.java:137)
	at org.apache.maven.surefire.booter.ForkedBooter.runSuitesInProcess(ForkedBooter.java:385)
	at org.apache.maven.surefire.booter.ForkedBooter.execute(ForkedBooter.java:162)
	at org.apache.maven.surefire.booter.ForkedBooter.run(ForkedBooter.java:507)
	at org.apache.maven.surefire.booter.ForkedBooter.main(ForkedBooter.java:495)
]]></failure>
    <system-out><![CDATA[12:32:24.796 [main] INFO  apiTest.DDTest - *********************************************************************************************************************************************************
12:32:24.796 [main] INFO  apiTest.DDTest - Starting testReadUser with username: bob.wilson
{
    "code": 1,
    "type": "error",
    "message": "User not found"
}
12:32:26.128 [main] INFO  apiTest.DDTest - Response: {"code":1,"type":"error","message":"User not found"}
12:32:26.185 [main] ERROR apiTest.DDTest - User read failed. Username: bob.wilson. Status code: 404
]]></system-out>
  </testcase>
  <testcase name="testReadUser[nina.miller](6)" classname="apiTest.DDTest" time="1.345">
    <system-out><![CDATA[12:32:26.192 [main] INFO  apiTest.DDTest - *********************************************************************************************************************************************************
12:32:26.192 [main] INFO  apiTest.DDTest - Starting testReadUser with username: nina.miller
{
    "id": 6,
    "username": "nina.miller",
    "firstName": "Nina",
    "lastName": "Miller",
    "email": "nina.miller@example.com",
    "password": "Miller8868129388",
    "phone": "8868129388",
    "userStatus": 0
}
12:32:27.486 [main] INFO  apiTest.DDTest - Response: {"id":6,"username":"nina.miller","firstName":"Nina","lastName":"Miller","email":"nina.miller@example.com","password":"Miller8868129388","phone":"8868129388","userStatus":0}
]]></system-out>
  </testcase>
  <testcase name="testReadUser[nina.wilson](7)" classname="apiTest.DDTest" time="1.361">
    <failure message="expected [null] but found [nina.wilson]" type="java.lang.AssertionError"><![CDATA[java.lang.AssertionError: expected [null] but found [nina.wilson]
	at org.testng.Assert.fail(Assert.java:111)
	at org.testng.Assert.failNotEquals(Assert.java:1590)
	at org.testng.Assert.assertEqualsImpl(Assert.java:150)
	at org.testng.Assert.assertEquals(Assert.java:132)
	at org.testng.Assert.assertEquals(Assert.java:656)
	at org.testng.Assert.assertEquals(Assert.java:666)
	at apiTest.DDTest.testReadUser(DDTest.java:100)
	at java.base/jdk.internal.reflect.DirectMethodHandleAccessor.invoke(DirectMethodHandleAccessor.java:103)
	at java.base/java.lang.reflect.Method.invoke(Method.java:580)
	at org.testng.internal.invokers.MethodInvocationHelper.invokeMethod(MethodInvocationHelper.java:141)
	at org.testng.internal.invokers.TestInvoker.invokeMethod(TestInvoker.java:687)
	at org.testng.internal.invokers.TestInvoker.invokeTestMethod(TestInvoker.java:230)
	at org.testng.internal.invokers.MethodRunner.runInSequence(MethodRunner.java:63)
	at org.testng.internal.invokers.TestInvoker$MethodInvocationAgent.invoke(TestInvoker.java:995)
	at org.testng.internal.invokers.TestInvoker.invokeTestMethods(TestInvoker.java:203)
	at org.testng.internal.invokers.TestMethodWorker.invokeTestMethods(TestMethodWorker.java:154)
	at org.testng.internal.invokers.TestMethodWorker.run(TestMethodWorker.java:134)
	at java.base/java.util.ArrayList.forEach(ArrayList.java:1596)
	at org.testng.TestRunner.privateRun(TestRunner.java:741)
	at org.testng.TestRunner.run(TestRunner.java:616)
	at org.testng.SuiteRunner.runTest(SuiteRunner.java:421)
	at org.testng.SuiteRunner.runSequentially(SuiteRunner.java:413)
	at org.testng.SuiteRunner.privateRun(SuiteRunner.java:373)
	at org.testng.SuiteRunner.run(SuiteRunner.java:312)
	at org.testng.SuiteRunnerWorker.runSuite(SuiteRunnerWorker.java:52)
	at org.testng.SuiteRunnerWorker.run(SuiteRunnerWorker.java:95)
	at org.testng.TestNG.runSuitesSequentially(TestNG.java:1274)
	at org.testng.TestNG.runSuitesLocally(TestNG.java:1208)
	at org.testng.TestNG.runSuites(TestNG.java:1112)
	at org.testng.TestNG.run(TestNG.java:1079)
	at org.apache.maven.surefire.testng.TestNGExecutor.run(TestNGExecutor.java:155)
	at org.apache.maven.surefire.testng.TestNGDirectoryTestSuite.executeMulti(TestNGDirectoryTestSuite.java:169)
	at org.apache.maven.surefire.testng.TestNGDirectoryTestSuite.execute(TestNGDirectoryTestSuite.java:88)
	at org.apache.maven.surefire.testng.TestNGProvider.invoke(TestNGProvider.java:137)
	at org.apache.maven.surefire.booter.ForkedBooter.runSuitesInProcess(ForkedBooter.java:385)
	at org.apache.maven.surefire.booter.ForkedBooter.execute(ForkedBooter.java:162)
	at org.apache.maven.surefire.booter.ForkedBooter.run(ForkedBooter.java:507)
	at org.apache.maven.surefire.booter.ForkedBooter.main(ForkedBooter.java:495)
]]></failure>
    <system-out><![CDATA[12:32:27.538 [main] INFO  apiTest.DDTest - *********************************************************************************************************************************************************
12:32:27.538 [main] INFO  apiTest.DDTest - Starting testReadUser with username: nina.wilson
{
    "code": 1,
    "type": "error",
    "message": "User not found"
}
12:32:28.844 [main] INFO  apiTest.DDTest - Response: {"code":1,"type":"error","message":"User not found"}
12:32:28.891 [main] ERROR apiTest.DDTest - User read failed. Username: nina.wilson. Status code: 404
]]></system-out>
  </testcase>
  <testcase name="testReadUser[frank.anderson](8)" classname="apiTest.DDTest" time="1.336">
    <failure message="expected [null] but found [frank.anderson]" type="java.lang.AssertionError"><![CDATA[java.lang.AssertionError: expected [null] but found [frank.anderson]
	at org.testng.Assert.fail(Assert.java:111)
	at org.testng.Assert.failNotEquals(Assert.java:1590)
	at org.testng.Assert.assertEqualsImpl(Assert.java:150)
	at org.testng.Assert.assertEquals(Assert.java:132)
	at org.testng.Assert.assertEquals(Assert.java:656)
	at org.testng.Assert.assertEquals(Assert.java:666)
	at apiTest.DDTest.testReadUser(DDTest.java:100)
	at java.base/jdk.internal.reflect.DirectMethodHandleAccessor.invoke(DirectMethodHandleAccessor.java:103)
	at java.base/java.lang.reflect.Method.invoke(Method.java:580)
	at org.testng.internal.invokers.MethodInvocationHelper.invokeMethod(MethodInvocationHelper.java:141)
	at org.testng.internal.invokers.TestInvoker.invokeMethod(TestInvoker.java:687)
	at org.testng.internal.invokers.TestInvoker.invokeTestMethod(TestInvoker.java:230)
	at org.testng.internal.invokers.MethodRunner.runInSequence(MethodRunner.java:63)
	at org.testng.internal.invokers.TestInvoker$MethodInvocationAgent.invoke(TestInvoker.java:995)
	at org.testng.internal.invokers.TestInvoker.invokeTestMethods(TestInvoker.java:203)
	at org.testng.internal.invokers.TestMethodWorker.invokeTestMethods(TestMethodWorker.java:154)
	at org.testng.internal.invokers.TestMethodWorker.run(TestMethodWorker.java:134)
	at java.base/java.util.ArrayList.forEach(ArrayList.java:1596)
	at org.testng.TestRunner.privateRun(TestRunner.java:741)
	at org.testng.TestRunner.run(TestRunner.java:616)
	at org.testng.SuiteRunner.runTest(SuiteRunner.java:421)
	at org.testng.SuiteRunner.runSequentially(SuiteRunner.java:413)
	at org.testng.SuiteRunner.privateRun(SuiteRunner.java:373)
	at org.testng.SuiteRunner.run(SuiteRunner.java:312)
	at org.testng.SuiteRunnerWorker.runSuite(SuiteRunnerWorker.java:52)
	at org.testng.SuiteRunnerWorker.run(SuiteRunnerWorker.java:95)
	at org.testng.TestNG.runSuitesSequentially(TestNG.java:1274)
	at org.testng.TestNG.runSuitesLocally(TestNG.java:1208)
	at org.testng.TestNG.runSuites(TestNG.java:1112)
	at org.testng.TestNG.run(TestNG.java:1079)
	at org.apache.maven.surefire.testng.TestNGExecutor.run(TestNGExecutor.java:155)
	at org.apache.maven.surefire.testng.TestNGDirectoryTestSuite.executeMulti(TestNGDirectoryTestSuite.java:169)
	at org.apache.maven.surefire.testng.TestNGDirectoryTestSuite.execute(TestNGDirectoryTestSuite.java:88)
	at org.apache.maven.surefire.testng.TestNGProvider.invoke(TestNGProvider.java:137)
	at org.apache.maven.surefire.booter.ForkedBooter.runSuitesInProcess(ForkedBooter.java:385)
	at org.apache.maven.surefire.booter.ForkedBooter.execute(ForkedBooter.java:162)
	at org.apache.maven.surefire.booter.ForkedBooter.run(ForkedBooter.java:507)
	at org.apache.maven.surefire.booter.ForkedBooter.main(ForkedBooter.java:495)
]]></failure>
    <system-out><![CDATA[12:32:28.898 [main] INFO  apiTest.DDTest - *********************************************************************************************************************************************************
12:32:28.898 [main] INFO  apiTest.DDTest - Starting testReadUser with username: frank.anderson
{
    "code": 1,
    "type": "error",
    "message": "User not found"
}
12:32:30.186 [main] INFO  apiTest.DDTest - Response: {"code":1,"type":"error","message":"User not found"}
12:32:30.229 [main] ERROR apiTest.DDTest - User read failed. Username: frank.anderson. Status code: 404
]]></system-out>
  </testcase>
  <testcase name="testReadUser[jane.brown](9)" classname="apiTest.DDTest" time="1.344">
    <failure message="expected [null] but found [jane.brown]" type="java.lang.AssertionError"><![CDATA[java.lang.AssertionError: expected [null] but found [jane.brown]
	at org.testng.Assert.fail(Assert.java:111)
	at org.testng.Assert.failNotEquals(Assert.java:1590)
	at org.testng.Assert.assertEqualsImpl(Assert.java:150)
	at org.testng.Assert.assertEquals(Assert.java:132)
	at org.testng.Assert.assertEquals(Assert.java:656)
	at org.testng.Assert.assertEquals(Assert.java:666)
	at apiTest.DDTest.testReadUser(DDTest.java:100)
	at java.base/jdk.internal.reflect.DirectMethodHandleAccessor.invoke(DirectMethodHandleAccessor.java:103)
	at java.base/java.lang.reflect.Method.invoke(Method.java:580)
	at org.testng.internal.invokers.MethodInvocationHelper.invokeMethod(MethodInvocationHelper.java:141)
	at org.testng.internal.invokers.TestInvoker.invokeMethod(TestInvoker.java:687)
	at org.testng.internal.invokers.TestInvoker.invokeTestMethod(TestInvoker.java:230)
	at org.testng.internal.invokers.MethodRunner.runInSequence(MethodRunner.java:63)
	at org.testng.internal.invokers.TestInvoker$MethodInvocationAgent.invoke(TestInvoker.java:995)
	at org.testng.internal.invokers.TestInvoker.invokeTestMethods(TestInvoker.java:203)
	at org.testng.internal.invokers.TestMethodWorker.invokeTestMethods(TestMethodWorker.java:154)
	at org.testng.internal.invokers.TestMethodWorker.run(TestMethodWorker.java:134)
	at java.base/java.util.ArrayList.forEach(ArrayList.java:1596)
	at org.testng.TestRunner.privateRun(TestRunner.java:741)
	at org.testng.TestRunner.run(TestRunner.java:616)
	at org.testng.SuiteRunner.runTest(SuiteRunner.java:421)
	at org.testng.SuiteRunner.runSequentially(SuiteRunner.java:413)
	at org.testng.SuiteRunner.privateRun(SuiteRunner.java:373)
	at org.testng.SuiteRunner.run(SuiteRunner.java:312)
	at org.testng.SuiteRunnerWorker.runSuite(SuiteRunnerWorker.java:52)
	at org.testng.SuiteRunnerWorker.run(SuiteRunnerWorker.java:95)
	at org.testng.TestNG.runSuitesSequentially(TestNG.java:1274)
	at org.testng.TestNG.runSuitesLocally(TestNG.java:1208)
	at org.testng.TestNG.runSuites(TestNG.java:1112)
	at org.testng.TestNG.run(TestNG.java:1079)
	at org.apache.maven.surefire.testng.TestNGExecutor.run(TestNGExecutor.java:155)
	at org.apache.maven.surefire.testng.TestNGDirectoryTestSuite.executeMulti(TestNGDirectoryTestSuite.java:169)
	at org.apache.maven.surefire.testng.TestNGDirectoryTestSuite.execute(TestNGDirectoryTestSuite.java:88)
	at org.apache.maven.surefire.testng.TestNGProvider.invoke(TestNGProvider.java:137)
	at org.apache.maven.surefire.booter.ForkedBooter.runSuitesInProcess(ForkedBooter.java:385)
	at org.apache.maven.surefire.booter.ForkedBooter.execute(ForkedBooter.java:162)
	at org.apache.maven.surefire.booter.ForkedBooter.run(ForkedBooter.java:507)
	at org.apache.maven.surefire.booter.ForkedBooter.main(ForkedBooter.java:495)
]]></failure>
    <system-out><![CDATA[12:32:30.236 [main] INFO  apiTest.DDTest - *********************************************************************************************************************************************************
12:32:30.236 [main] INFO  apiTest.DDTest - Starting testReadUser with username: jane.brown
{
    "code": 1,
    "type": "error",
    "message": "User not found"
}
12:32:31.532 [main] INFO  apiTest.DDTest - Response: {"code":1,"type":"error","message":"User not found"}
12:32:31.574 [main] ERROR apiTest.DDTest - User read failed. Username: jane.brown. Status code: 404
]]></system-out>
  </testcase>
  <testcase name="testReadUser[jane.brown](10)" classname="apiTest.DDTest" time="1.396">
    <failure message="expected [null] but found [jane.brown]" type="java.lang.AssertionError"><![CDATA[java.lang.AssertionError: expected [null] but found [jane.brown]
	at org.testng.Assert.fail(Assert.java:111)
	at org.testng.Assert.failNotEquals(Assert.java:1590)
	at org.testng.Assert.assertEqualsImpl(Assert.java:150)
	at org.testng.Assert.assertEquals(Assert.java:132)
	at org.testng.Assert.assertEquals(Assert.java:656)
	at org.testng.Assert.assertEquals(Assert.java:666)
	at apiTest.DDTest.testReadUser(DDTest.java:100)
	at java.base/jdk.internal.reflect.DirectMethodHandleAccessor.invoke(DirectMethodHandleAccessor.java:103)
	at java.base/java.lang.reflect.Method.invoke(Method.java:580)
	at org.testng.internal.invokers.MethodInvocationHelper.invokeMethod(MethodInvocationHelper.java:141)
	at org.testng.internal.invokers.TestInvoker.invokeMethod(TestInvoker.java:687)
	at org.testng.internal.invokers.TestInvoker.invokeTestMethod(TestInvoker.java:230)
	at org.testng.internal.invokers.MethodRunner.runInSequence(MethodRunner.java:63)
	at org.testng.internal.invokers.TestInvoker$MethodInvocationAgent.invoke(TestInvoker.java:995)
	at org.testng.internal.invokers.TestInvoker.invokeTestMethods(TestInvoker.java:203)
	at org.testng.internal.invokers.TestMethodWorker.invokeTestMethods(TestMethodWorker.java:154)
	at org.testng.internal.invokers.TestMethodWorker.run(TestMethodWorker.java:134)
	at java.base/java.util.ArrayList.forEach(ArrayList.java:1596)
	at org.testng.TestRunner.privateRun(TestRunner.java:741)
	at org.testng.TestRunner.run(TestRunner.java:616)
	at org.testng.SuiteRunner.runTest(SuiteRunner.java:421)
	at org.testng.SuiteRunner.runSequentially(SuiteRunner.java:413)
	at org.testng.SuiteRunner.privateRun(SuiteRunner.java:373)
	at org.testng.SuiteRunner.run(SuiteRunner.java:312)
	at org.testng.SuiteRunnerWorker.runSuite(SuiteRunnerWorker.java:52)
	at org.testng.SuiteRunnerWorker.run(SuiteRunnerWorker.java:95)
	at org.testng.TestNG.runSuitesSequentially(TestNG.java:1274)
	at org.testng.TestNG.runSuitesLocally(TestNG.java:1208)
	at org.testng.TestNG.runSuites(TestNG.java:1112)
	at org.testng.TestNG.run(TestNG.java:1079)
	at org.apache.maven.surefire.testng.TestNGExecutor.run(TestNGExecutor.java:155)
	at org.apache.maven.surefire.testng.TestNGDirectoryTestSuite.executeMulti(TestNGDirectoryTestSuite.java:169)
	at org.apache.maven.surefire.testng.TestNGDirectoryTestSuite.execute(TestNGDirectoryTestSuite.java:88)
	at org.apache.maven.surefire.testng.TestNGProvider.invoke(TestNGProvider.java:137)
	at org.apache.maven.surefire.booter.ForkedBooter.runSuitesInProcess(ForkedBooter.java:385)
	at org.apache.maven.surefire.booter.ForkedBooter.execute(ForkedBooter.java:162)
	at org.apache.maven.surefire.booter.ForkedBooter.run(ForkedBooter.java:507)
	at org.apache.maven.surefire.booter.ForkedBooter.main(ForkedBooter.java:495)
]]></failure>
    <system-out><![CDATA[12:32:31.580 [main] INFO  apiTest.DDTest - *********************************************************************************************************************************************************
12:32:31.580 [main] INFO  apiTest.DDTest - Starting testReadUser with username: jane.brown
{
    "code": 1,
    "type": "error",
    "message": "User not found"
}
12:32:32.917 [main] INFO  apiTest.DDTest - Response: {"code":1,"type":"error","message":"User not found"}
12:32:32.968 [main] ERROR apiTest.DDTest - User read failed. Username: jane.brown. Status code: 404
]]></system-out>
  </testcase>
  <testcase name="testReadUser[hank.anderson](11)" classname="apiTest.DDTest" time="1.386">
    <failure message="expected [null] but found [hank.anderson]" type="java.lang.AssertionError"><![CDATA[java.lang.AssertionError: expected [null] but found [hank.anderson]
	at org.testng.Assert.fail(Assert.java:111)
	at org.testng.Assert.failNotEquals(Assert.java:1590)
	at org.testng.Assert.assertEqualsImpl(Assert.java:150)
	at org.testng.Assert.assertEquals(Assert.java:132)
	at org.testng.Assert.assertEquals(Assert.java:656)
	at org.testng.Assert.assertEquals(Assert.java:666)
	at apiTest.DDTest.testReadUser(DDTest.java:100)
	at java.base/jdk.internal.reflect.DirectMethodHandleAccessor.invoke(DirectMethodHandleAccessor.java:103)
	at java.base/java.lang.reflect.Method.invoke(Method.java:580)
	at org.testng.internal.invokers.MethodInvocationHelper.invokeMethod(MethodInvocationHelper.java:141)
	at org.testng.internal.invokers.TestInvoker.invokeMethod(TestInvoker.java:687)
	at org.testng.internal.invokers.TestInvoker.invokeTestMethod(TestInvoker.java:230)
	at org.testng.internal.invokers.MethodRunner.runInSequence(MethodRunner.java:63)
	at org.testng.internal.invokers.TestInvoker$MethodInvocationAgent.invoke(TestInvoker.java:995)
	at org.testng.internal.invokers.TestInvoker.invokeTestMethods(TestInvoker.java:203)
	at org.testng.internal.invokers.TestMethodWorker.invokeTestMethods(TestMethodWorker.java:154)
	at org.testng.internal.invokers.TestMethodWorker.run(TestMethodWorker.java:134)
	at java.base/java.util.ArrayList.forEach(ArrayList.java:1596)
	at org.testng.TestRunner.privateRun(TestRunner.java:741)
	at org.testng.TestRunner.run(TestRunner.java:616)
	at org.testng.SuiteRunner.runTest(SuiteRunner.java:421)
	at org.testng.SuiteRunner.runSequentially(SuiteRunner.java:413)
	at org.testng.SuiteRunner.privateRun(SuiteRunner.java:373)
	at org.testng.SuiteRunner.run(SuiteRunner.java:312)
	at org.testng.SuiteRunnerWorker.runSuite(SuiteRunnerWorker.java:52)
	at org.testng.SuiteRunnerWorker.run(SuiteRunnerWorker.java:95)
	at org.testng.TestNG.runSuitesSequentially(TestNG.java:1274)
	at org.testng.TestNG.runSuitesLocally(TestNG.java:1208)
	at org.testng.TestNG.runSuites(TestNG.java:1112)
	at org.testng.TestNG.run(TestNG.java:1079)
	at org.apache.maven.surefire.testng.TestNGExecutor.run(TestNGExecutor.java:155)
	at org.apache.maven.surefire.testng.TestNGDirectoryTestSuite.executeMulti(TestNGDirectoryTestSuite.java:169)
	at org.apache.maven.surefire.testng.TestNGDirectoryTestSuite.execute(TestNGDirectoryTestSuite.java:88)
	at org.apache.maven.surefire.testng.TestNGProvider.invoke(TestNGProvider.java:137)
	at org.apache.maven.surefire.booter.ForkedBooter.runSuitesInProcess(ForkedBooter.java:385)
	at org.apache.maven.surefire.booter.ForkedBooter.execute(ForkedBooter.java:162)
	at org.apache.maven.surefire.booter.ForkedBooter.run(ForkedBooter.java:507)
	at org.apache.maven.surefire.booter.ForkedBooter.main(ForkedBooter.java:495)
]]></failure>
    <system-out><![CDATA[12:32:32.976 [main] INFO  apiTest.DDTest - *********************************************************************************************************************************************************
12:32:32.976 [main] INFO  apiTest.DDTest - Starting testReadUser with username: hank.anderson
{
    "code": 1,
    "type": "error",
    "message": "User not found"
}
12:32:34.308 [main] INFO  apiTest.DDTest - Response: {"code":1,"type":"error","message":"User not found"}
12:32:34.353 [main] ERROR apiTest.DDTest - User read failed. Username: hank.anderson. Status code: 404
]]></system-out>
  </testcase>
  <testcase name="testReadUser[frank.moore](12)" classname="apiTest.DDTest" time="1.356">
    <failure message="expected [null] but found [frank.moore]" type="java.lang.AssertionError"><![CDATA[java.lang.AssertionError: expected [null] but found [frank.moore]
	at org.testng.Assert.fail(Assert.java:111)
	at org.testng.Assert.failNotEquals(Assert.java:1590)
	at org.testng.Assert.assertEqualsImpl(Assert.java:150)
	at org.testng.Assert.assertEquals(Assert.java:132)
	at org.testng.Assert.assertEquals(Assert.java:656)
	at org.testng.Assert.assertEquals(Assert.java:666)
	at apiTest.DDTest.testReadUser(DDTest.java:100)
	at java.base/jdk.internal.reflect.DirectMethodHandleAccessor.invoke(DirectMethodHandleAccessor.java:103)
	at java.base/java.lang.reflect.Method.invoke(Method.java:580)
	at org.testng.internal.invokers.MethodInvocationHelper.invokeMethod(MethodInvocationHelper.java:141)
	at org.testng.internal.invokers.TestInvoker.invokeMethod(TestInvoker.java:687)
	at org.testng.internal.invokers.TestInvoker.invokeTestMethod(TestInvoker.java:230)
	at org.testng.internal.invokers.MethodRunner.runInSequence(MethodRunner.java:63)
	at org.testng.internal.invokers.TestInvoker$MethodInvocationAgent.invoke(TestInvoker.java:995)
	at org.testng.internal.invokers.TestInvoker.invokeTestMethods(TestInvoker.java:203)
	at org.testng.internal.invokers.TestMethodWorker.invokeTestMethods(TestMethodWorker.java:154)
	at org.testng.internal.invokers.TestMethodWorker.run(TestMethodWorker.java:134)
	at java.base/java.util.ArrayList.forEach(ArrayList.java:1596)
	at org.testng.TestRunner.privateRun(TestRunner.java:741)
	at org.testng.TestRunner.run(TestRunner.java:616)
	at org.testng.SuiteRunner.runTest(SuiteRunner.java:421)
	at org.testng.SuiteRunner.runSequentially(SuiteRunner.java:413)
	at org.testng.SuiteRunner.privateRun(SuiteRunner.java:373)
	at org.testng.SuiteRunner.run(SuiteRunner.java:312)
	at org.testng.SuiteRunnerWorker.runSuite(SuiteRunnerWorker.java:52)
	at org.testng.SuiteRunnerWorker.run(SuiteRunnerWorker.java:95)
	at org.testng.TestNG.runSuitesSequentially(TestNG.java:1274)
	at org.testng.TestNG.runSuitesLocally(TestNG.java:1208)
	at org.testng.TestNG.runSuites(TestNG.java:1112)
	at org.testng.TestNG.run(TestNG.java:1079)
	at org.apache.maven.surefire.testng.TestNGExecutor.run(TestNGExecutor.java:155)
	at org.apache.maven.surefire.testng.TestNGDirectoryTestSuite.executeMulti(TestNGDirectoryTestSuite.java:169)
	at org.apache.maven.surefire.testng.TestNGDirectoryTestSuite.execute(TestNGDirectoryTestSuite.java:88)
	at org.apache.maven.surefire.testng.TestNGProvider.invoke(TestNGProvider.java:137)
	at org.apache.maven.surefire.booter.ForkedBooter.runSuitesInProcess(ForkedBooter.java:385)
	at org.apache.maven.surefire.booter.ForkedBooter.execute(ForkedBooter.java:162)
	at org.apache.maven.surefire.booter.ForkedBooter.run(ForkedBooter.java:507)
	at org.apache.maven.surefire.booter.ForkedBooter.main(ForkedBooter.java:495)
]]></failure>
    <system-out><![CDATA[12:32:34.362 [main] INFO  apiTest.DDTest - *********************************************************************************************************************************************************
12:32:34.362 [main] INFO  apiTest.DDTest - Starting testReadUser with username: frank.moore
{
    "code": 1,
    "type": "error",
    "message": "User not found"
}
12:32:35.670 [main] INFO  apiTest.DDTest - Response: {"code":1,"type":"error","message":"User not found"}
12:32:35.719 [main] ERROR apiTest.DDTest - User read failed. Username: frank.moore. Status code: 404
]]></system-out>
  </testcase>
  <testcase name="testReadUser[charlie.brown](13)" classname="apiTest.DDTest" time="1.41">
    <failure message="expected [null] but found [charlie.brown]" type="java.lang.AssertionError"><![CDATA[java.lang.AssertionError: expected [null] but found [charlie.brown]
	at org.testng.Assert.fail(Assert.java:111)
	at org.testng.Assert.failNotEquals(Assert.java:1590)
	at org.testng.Assert.assertEqualsImpl(Assert.java:150)
	at org.testng.Assert.assertEquals(Assert.java:132)
	at org.testng.Assert.assertEquals(Assert.java:656)
	at org.testng.Assert.assertEquals(Assert.java:666)
	at apiTest.DDTest.testReadUser(DDTest.java:100)
	at java.base/jdk.internal.reflect.DirectMethodHandleAccessor.invoke(DirectMethodHandleAccessor.java:103)
	at java.base/java.lang.reflect.Method.invoke(Method.java:580)
	at org.testng.internal.invokers.MethodInvocationHelper.invokeMethod(MethodInvocationHelper.java:141)
	at org.testng.internal.invokers.TestInvoker.invokeMethod(TestInvoker.java:687)
	at org.testng.internal.invokers.TestInvoker.invokeTestMethod(TestInvoker.java:230)
	at org.testng.internal.invokers.MethodRunner.runInSequence(MethodRunner.java:63)
	at org.testng.internal.invokers.TestInvoker$MethodInvocationAgent.invoke(TestInvoker.java:995)
	at org.testng.internal.invokers.TestInvoker.invokeTestMethods(TestInvoker.java:203)
	at org.testng.internal.invokers.TestMethodWorker.invokeTestMethods(TestMethodWorker.java:154)
	at org.testng.internal.invokers.TestMethodWorker.run(TestMethodWorker.java:134)
	at java.base/java.util.ArrayList.forEach(ArrayList.java:1596)
	at org.testng.TestRunner.privateRun(TestRunner.java:741)
	at org.testng.TestRunner.run(TestRunner.java:616)
	at org.testng.SuiteRunner.runTest(SuiteRunner.java:421)
	at org.testng.SuiteRunner.runSequentially(SuiteRunner.java:413)
	at org.testng.SuiteRunner.privateRun(SuiteRunner.java:373)
	at org.testng.SuiteRunner.run(SuiteRunner.java:312)
	at org.testng.SuiteRunnerWorker.runSuite(SuiteRunnerWorker.java:52)
	at org.testng.SuiteRunnerWorker.run(SuiteRunnerWorker.java:95)
	at org.testng.TestNG.runSuitesSequentially(TestNG.java:1274)
	at org.testng.TestNG.runSuitesLocally(TestNG.java:1208)
	at org.testng.TestNG.runSuites(TestNG.java:1112)
	at org.testng.TestNG.run(TestNG.java:1079)
	at org.apache.maven.surefire.testng.TestNGExecutor.run(TestNGExecutor.java:155)
	at org.apache.maven.surefire.testng.TestNGDirectoryTestSuite.executeMulti(TestNGDirectoryTestSuite.java:169)
	at org.apache.maven.surefire.testng.TestNGDirectoryTestSuite.execute(TestNGDirectoryTestSuite.java:88)
	at org.apache.maven.surefire.testng.TestNGProvider.invoke(TestNGProvider.java:137)
	at org.apache.maven.surefire.booter.ForkedBooter.runSuitesInProcess(ForkedBooter.java:385)
	at org.apache.maven.surefire.booter.ForkedBooter.execute(ForkedBooter.java:162)
	at org.apache.maven.surefire.booter.ForkedBooter.run(ForkedBooter.java:507)
	at org.apache.maven.surefire.booter.ForkedBooter.main(ForkedBooter.java:495)
]]></failure>
    <system-out><![CDATA[12:32:35.728 [main] INFO  apiTest.DDTest - *********************************************************************************************************************************************************
12:32:35.728 [main] INFO  apiTest.DDTest - Starting testReadUser with username: charlie.brown
{
    "code": 1,
    "type": "error",
    "message": "User not found"
}
12:32:37.059 [main] INFO  apiTest.DDTest - Response: {"code":1,"type":"error","message":"User not found"}
12:32:37.133 [main] ERROR apiTest.DDTest - User read failed. Username: charlie.brown. Status code: 404
]]></system-out>
  </testcase>
  <testcase name="testReadUser[bob.anderson](14)" classname="apiTest.DDTest" time="1.38">
    <failure message="expected [null] but found [bob.anderson]" type="java.lang.AssertionError"><![CDATA[java.lang.AssertionError: expected [null] but found [bob.anderson]
	at org.testng.Assert.fail(Assert.java:111)
	at org.testng.Assert.failNotEquals(Assert.java:1590)
	at org.testng.Assert.assertEqualsImpl(Assert.java:150)
	at org.testng.Assert.assertEquals(Assert.java:132)
	at org.testng.Assert.assertEquals(Assert.java:656)
	at org.testng.Assert.assertEquals(Assert.java:666)
	at apiTest.DDTest.testReadUser(DDTest.java:100)
	at java.base/jdk.internal.reflect.DirectMethodHandleAccessor.invoke(DirectMethodHandleAccessor.java:103)
	at java.base/java.lang.reflect.Method.invoke(Method.java:580)
	at org.testng.internal.invokers.MethodInvocationHelper.invokeMethod(MethodInvocationHelper.java:141)
	at org.testng.internal.invokers.TestInvoker.invokeMethod(TestInvoker.java:687)
	at org.testng.internal.invokers.TestInvoker.invokeTestMethod(TestInvoker.java:230)
	at org.testng.internal.invokers.MethodRunner.runInSequence(MethodRunner.java:63)
	at org.testng.internal.invokers.TestInvoker$MethodInvocationAgent.invoke(TestInvoker.java:995)
	at org.testng.internal.invokers.TestInvoker.invokeTestMethods(TestInvoker.java:203)
	at org.testng.internal.invokers.TestMethodWorker.invokeTestMethods(TestMethodWorker.java:154)
	at org.testng.internal.invokers.TestMethodWorker.run(TestMethodWorker.java:134)
	at java.base/java.util.ArrayList.forEach(ArrayList.java:1596)
	at org.testng.TestRunner.privateRun(TestRunner.java:741)
	at org.testng.TestRunner.run(TestRunner.java:616)
	at org.testng.SuiteRunner.runTest(SuiteRunner.java:421)
	at org.testng.SuiteRunner.runSequentially(SuiteRunner.java:413)
	at org.testng.SuiteRunner.privateRun(SuiteRunner.java:373)
	at org.testng.SuiteRunner.run(SuiteRunner.java:312)
	at org.testng.SuiteRunnerWorker.runSuite(SuiteRunnerWorker.java:52)
	at org.testng.SuiteRunnerWorker.run(SuiteRunnerWorker.java:95)
	at org.testng.TestNG.runSuitesSequentially(TestNG.java:1274)
	at org.testng.TestNG.runSuitesLocally(TestNG.java:1208)
	at org.testng.TestNG.runSuites(TestNG.java:1112)
	at org.testng.TestNG.run(TestNG.java:1079)
	at org.apache.maven.surefire.testng.TestNGExecutor.run(TestNGExecutor.java:155)
	at org.apache.maven.surefire.testng.TestNGDirectoryTestSuite.executeMulti(TestNGDirectoryTestSuite.java:169)
	at org.apache.maven.surefire.testng.TestNGDirectoryTestSuite.execute(TestNGDirectoryTestSuite.java:88)
	at org.apache.maven.surefire.testng.TestNGProvider.invoke(TestNGProvider.java:137)
	at org.apache.maven.surefire.booter.ForkedBooter.runSuitesInProcess(ForkedBooter.java:385)
	at org.apache.maven.surefire.booter.ForkedBooter.execute(ForkedBooter.java:162)
	at org.apache.maven.surefire.booter.ForkedBooter.run(ForkedBooter.java:507)
	at org.apache.maven.surefire.booter.ForkedBooter.main(ForkedBooter.java:495)
]]></failure>
    <system-out><![CDATA[12:32:37.138 [main] INFO  apiTest.DDTest - *********************************************************************************************************************************************************
12:32:37.138 [main] INFO  apiTest.DDTest - Starting testReadUser with username: bob.anderson
{
    "code": 1,
    "type": "error",
    "message": "User not found"
}
12:32:38.468 [main] INFO  apiTest.DDTest - Response: {"code":1,"type":"error","message":"User not found"}
12:32:38.508 [main] ERROR apiTest.DDTest - User read failed. Username: bob.anderson. Status code: 404
]]></system-out>
  </testcase>
  <testcase name="testReadUser[jane.brown](15)" classname="apiTest.DDTest" time="1.321">
    <failure message="expected [null] but found [jane.brown]" type="java.lang.AssertionError"><![CDATA[java.lang.AssertionError: expected [null] but found [jane.brown]
	at org.testng.Assert.fail(Assert.java:111)
	at org.testng.Assert.failNotEquals(Assert.java:1590)
	at org.testng.Assert.assertEqualsImpl(Assert.java:150)
	at org.testng.Assert.assertEquals(Assert.java:132)
	at org.testng.Assert.assertEquals(Assert.java:656)
	at org.testng.Assert.assertEquals(Assert.java:666)
	at apiTest.DDTest.testReadUser(DDTest.java:100)
	at java.base/jdk.internal.reflect.DirectMethodHandleAccessor.invoke(DirectMethodHandleAccessor.java:103)
	at java.base/java.lang.reflect.Method.invoke(Method.java:580)
	at org.testng.internal.invokers.MethodInvocationHelper.invokeMethod(MethodInvocationHelper.java:141)
	at org.testng.internal.invokers.TestInvoker.invokeMethod(TestInvoker.java:687)
	at org.testng.internal.invokers.TestInvoker.invokeTestMethod(TestInvoker.java:230)
	at org.testng.internal.invokers.MethodRunner.runInSequence(MethodRunner.java:63)
	at org.testng.internal.invokers.TestInvoker$MethodInvocationAgent.invoke(TestInvoker.java:995)
	at org.testng.internal.invokers.TestInvoker.invokeTestMethods(TestInvoker.java:203)
	at org.testng.internal.invokers.TestMethodWorker.invokeTestMethods(TestMethodWorker.java:154)
	at org.testng.internal.invokers.TestMethodWorker.run(TestMethodWorker.java:134)
	at java.base/java.util.ArrayList.forEach(ArrayList.java:1596)
	at org.testng.TestRunner.privateRun(TestRunner.java:741)
	at org.testng.TestRunner.run(TestRunner.java:616)
	at org.testng.SuiteRunner.runTest(SuiteRunner.java:421)
	at org.testng.SuiteRunner.runSequentially(SuiteRunner.java:413)
	at org.testng.SuiteRunner.privateRun(SuiteRunner.java:373)
	at org.testng.SuiteRunner.run(SuiteRunner.java:312)
	at org.testng.SuiteRunnerWorker.runSuite(SuiteRunnerWorker.java:52)
	at org.testng.SuiteRunnerWorker.run(SuiteRunnerWorker.java:95)
	at org.testng.TestNG.runSuitesSequentially(TestNG.java:1274)
	at org.testng.TestNG.runSuitesLocally(TestNG.java:1208)
	at org.testng.TestNG.runSuites(TestNG.java:1112)
	at org.testng.TestNG.run(TestNG.java:1079)
	at org.apache.maven.surefire.testng.TestNGExecutor.run(TestNGExecutor.java:155)
	at org.apache.maven.surefire.testng.TestNGDirectoryTestSuite.executeMulti(TestNGDirectoryTestSuite.java:169)
	at org.apache.maven.surefire.testng.TestNGDirectoryTestSuite.execute(TestNGDirectoryTestSuite.java:88)
	at org.apache.maven.surefire.testng.TestNGProvider.invoke(TestNGProvider.java:137)
	at org.apache.maven.surefire.booter.ForkedBooter.runSuitesInProcess(ForkedBooter.java:385)
	at org.apache.maven.surefire.booter.ForkedBooter.execute(ForkedBooter.java:162)
	at org.apache.maven.surefire.booter.ForkedBooter.run(ForkedBooter.java:507)
	at org.apache.maven.surefire.booter.ForkedBooter.main(ForkedBooter.java:495)
]]></failure>
    <system-out><![CDATA[12:32:38.518 [main] INFO  apiTest.DDTest - *********************************************************************************************************************************************************
12:32:38.518 [main] INFO  apiTest.DDTest - Starting testReadUser with username: jane.brown
{
    "code": 1,
    "type": "error",
    "message": "User not found"
}
12:32:39.778 [main] INFO  apiTest.DDTest - Response: {"code":1,"type":"error","message":"User not found"}
12:32:39.833 [main] ERROR apiTest.DDTest - User read failed. Username: jane.brown. Status code: 404
]]></system-out>
  </testcase>
  <testcase name="testReadUser[mia.moore](16)" classname="apiTest.DDTest" time="1.339">
    <system-out><![CDATA[12:32:39.839 [main] INFO  apiTest.DDTest - *********************************************************************************************************************************************************
12:32:39.839 [main] INFO  apiTest.DDTest - Starting testReadUser with username: mia.moore
{
    "id": 16,
    "username": "mia.moore",
    "firstName": "Mia",
    "lastName": "Moore",
    "email": "mia.moore@example.com",
    "password": "Moore5037278668",
    "phone": "5037278668",
    "userStatus": 0
}
12:32:41.118 [main] INFO  apiTest.DDTest - Response: {"id":16,"username":"mia.moore","firstName":"Mia","lastName":"Moore","email":"mia.moore@example.com","password":"Moore5037278668","phone":"5037278668","userStatus":0}
]]></system-out>
  </testcase>
  <testcase name="testReadUser[nina.brown](17)" classname="apiTest.DDTest" time="1.392">
    <failure message="expected [null] but found [nina.brown]" type="java.lang.AssertionError"><![CDATA[java.lang.AssertionError: expected [null] but found [nina.brown]
	at org.testng.Assert.fail(Assert.java:111)
	at org.testng.Assert.failNotEquals(Assert.java:1590)
	at org.testng.Assert.assertEqualsImpl(Assert.java:150)
	at org.testng.Assert.assertEquals(Assert.java:132)
	at org.testng.Assert.assertEquals(Assert.java:656)
	at org.testng.Assert.assertEquals(Assert.java:666)
	at apiTest.DDTest.testReadUser(DDTest.java:100)
	at java.base/jdk.internal.reflect.DirectMethodHandleAccessor.invoke(DirectMethodHandleAccessor.java:103)
	at java.base/java.lang.reflect.Method.invoke(Method.java:580)
	at org.testng.internal.invokers.MethodInvocationHelper.invokeMethod(MethodInvocationHelper.java:141)
	at org.testng.internal.invokers.TestInvoker.invokeMethod(TestInvoker.java:687)
	at org.testng.internal.invokers.TestInvoker.invokeTestMethod(TestInvoker.java:230)
	at org.testng.internal.invokers.MethodRunner.runInSequence(MethodRunner.java:63)
	at org.testng.internal.invokers.TestInvoker$MethodInvocationAgent.invoke(TestInvoker.java:995)
	at org.testng.internal.invokers.TestInvoker.invokeTestMethods(TestInvoker.java:203)
	at org.testng.internal.invokers.TestMethodWorker.invokeTestMethods(TestMethodWorker.java:154)
	at org.testng.internal.invokers.TestMethodWorker.run(TestMethodWorker.java:134)
	at java.base/java.util.ArrayList.forEach(ArrayList.java:1596)
	at org.testng.TestRunner.privateRun(TestRunner.java:741)
	at org.testng.TestRunner.run(TestRunner.java:616)
	at org.testng.SuiteRunner.runTest(SuiteRunner.java:421)
	at org.testng.SuiteRunner.runSequentially(SuiteRunner.java:413)
	at org.testng.SuiteRunner.privateRun(SuiteRunner.java:373)
	at org.testng.SuiteRunner.run(SuiteRunner.java:312)
	at org.testng.SuiteRunnerWorker.runSuite(SuiteRunnerWorker.java:52)
	at org.testng.SuiteRunnerWorker.run(SuiteRunnerWorker.java:95)
	at org.testng.TestNG.runSuitesSequentially(TestNG.java:1274)
	at org.testng.TestNG.runSuitesLocally(TestNG.java:1208)
	at org.testng.TestNG.runSuites(TestNG.java:1112)
	at org.testng.TestNG.run(TestNG.java:1079)
	at org.apache.maven.surefire.testng.TestNGExecutor.run(TestNGExecutor.java:155)
	at org.apache.maven.surefire.testng.TestNGDirectoryTestSuite.executeMulti(TestNGDirectoryTestSuite.java:169)
	at org.apache.maven.surefire.testng.TestNGDirectoryTestSuite.execute(TestNGDirectoryTestSuite.java:88)
	at org.apache.maven.surefire.testng.TestNGProvider.invoke(TestNGProvider.java:137)
	at org.apache.maven.surefire.booter.ForkedBooter.runSuitesInProcess(ForkedBooter.java:385)
	at org.apache.maven.surefire.booter.ForkedBooter.execute(ForkedBooter.java:162)
	at org.apache.maven.surefire.booter.ForkedBooter.run(ForkedBooter.java:507)
	at org.apache.maven.surefire.booter.ForkedBooter.main(ForkedBooter.java:495)
]]></failure>
    <system-out><![CDATA[12:32:41.178 [main] INFO  apiTest.DDTest - *********************************************************************************************************************************************************
12:32:41.178 [main] INFO  apiTest.DDTest - Starting testReadUser with username: nina.brown
{
    "code": 1,
    "type": "error",
    "message": "User not found"
}
12:32:42.519 [main] INFO  apiTest.DDTest - Response: {"code":1,"type":"error","message":"User not found"}
12:32:42.558 [main] ERROR apiTest.DDTest - User read failed. Username: nina.brown. Status code: 404
]]></system-out>
  </testcase>
  <testcase name="testReadUser[jack.anderson](18)" classname="apiTest.DDTest" time="1.407">
    <system-out><![CDATA[12:32:42.569 [main] INFO  apiTest.DDTest - *********************************************************************************************************************************************************
12:32:42.570 [main] INFO  apiTest.DDTest - Starting testReadUser with username: jack.anderson
{
    "id": 18,
    "username": "jack.anderson",
    "firstName": "Jack",
    "lastName": "Anderson",
    "email": "jack.anderson@example.com",
    "password": "Anderson7249669002",
    "phone": "7249669002",
    "userStatus": 0
}
12:32:43.918 [main] INFO  apiTest.DDTest - Response: {"id":18,"username":"jack.anderson","firstName":"Jack","lastName":"Anderson","email":"jack.anderson@example.com","password":"Anderson7249669002","phone":"7249669002","userStatus":0}
]]></system-out>
  </testcase>
  <testcase name="testReadUser[kate.taylor](19)" classname="apiTest.DDTest" time="1.366">
    <failure message="expected [null] but found [kate.taylor]" type="java.lang.AssertionError"><![CDATA[java.lang.AssertionError: expected [null] but found [kate.taylor]
	at org.testng.Assert.fail(Assert.java:111)
	at org.testng.Assert.failNotEquals(Assert.java:1590)
	at org.testng.Assert.assertEqualsImpl(Assert.java:150)
	at org.testng.Assert.assertEquals(Assert.java:132)
	at org.testng.Assert.assertEquals(Assert.java:656)
	at org.testng.Assert.assertEquals(Assert.java:666)
	at apiTest.DDTest.testReadUser(DDTest.java:100)
	at java.base/jdk.internal.reflect.DirectMethodHandleAccessor.invoke(DirectMethodHandleAccessor.java:103)
	at java.base/java.lang.reflect.Method.invoke(Method.java:580)
	at org.testng.internal.invokers.MethodInvocationHelper.invokeMethod(MethodInvocationHelper.java:141)
	at org.testng.internal.invokers.TestInvoker.invokeMethod(TestInvoker.java:687)
	at org.testng.internal.invokers.TestInvoker.invokeTestMethod(TestInvoker.java:230)
	at org.testng.internal.invokers.MethodRunner.runInSequence(MethodRunner.java:63)
	at org.testng.internal.invokers.TestInvoker$MethodInvocationAgent.invoke(TestInvoker.java:995)
	at org.testng.internal.invokers.TestInvoker.invokeTestMethods(TestInvoker.java:203)
	at org.testng.internal.invokers.TestMethodWorker.invokeTestMethods(TestMethodWorker.java:154)
	at org.testng.internal.invokers.TestMethodWorker.run(TestMethodWorker.java:134)
	at java.base/java.util.ArrayList.forEach(ArrayList.java:1596)
	at org.testng.TestRunner.privateRun(TestRunner.java:741)
	at org.testng.TestRunner.run(TestRunner.java:616)
	at org.testng.SuiteRunner.runTest(SuiteRunner.java:421)
	at org.testng.SuiteRunner.runSequentially(SuiteRunner.java:413)
	at org.testng.SuiteRunner.privateRun(SuiteRunner.java:373)
	at org.testng.SuiteRunner.run(SuiteRunner.java:312)
	at org.testng.SuiteRunnerWorker.runSuite(SuiteRunnerWorker.java:52)
	at org.testng.SuiteRunnerWorker.run(SuiteRunnerWorker.java:95)
	at org.testng.TestNG.runSuitesSequentially(TestNG.java:1274)
	at org.testng.TestNG.runSuitesLocally(TestNG.java:1208)
	at org.testng.TestNG.runSuites(TestNG.java:1112)
	at org.testng.TestNG.run(TestNG.java:1079)
	at org.apache.maven.surefire.testng.TestNGExecutor.run(TestNGExecutor.java:155)
	at org.apache.maven.surefire.testng.TestNGDirectoryTestSuite.executeMulti(TestNGDirectoryTestSuite.java:169)
	at org.apache.maven.surefire.testng.TestNGDirectoryTestSuite.execute(TestNGDirectoryTestSuite.java:88)
	at org.apache.maven.surefire.testng.TestNGProvider.invoke(TestNGProvider.java:137)
	at org.apache.maven.surefire.booter.ForkedBooter.runSuitesInProcess(ForkedBooter.java:385)
	at org.apache.maven.surefire.booter.ForkedBooter.execute(ForkedBooter.java:162)
	at org.apache.maven.surefire.booter.ForkedBooter.run(ForkedBooter.java:507)
	at org.apache.maven.surefire.booter.ForkedBooter.main(ForkedBooter.java:495)
]]></failure>
[...]
    "photoUrls": [
        "http://purplefieldstestimage2_1744263945929",
        "http://purplefieldstestimage2"
    ],
    "tags": [
        {
            "id": 3,
            "name": "naughty"
        },
        {
            "id": 4,
            "name": "nice"
        }
    ],
    "status": "available"
}
12:35:29.558 [main] INFO  apiTest.DDTest - Response: {"id":3,"category":{"id":3,"name":"cat"},"name":"purplefieldstester2_1744263945888","photoUrls":["http://purplefieldstestimage2_1744263945929","http://purplefieldstestimage2"],"tags":[{"id":3,"name":"naughty"},{"id":4,"name":"nice"}],"status":"available"}
]]></system-out>
  </testcase>
  <testcase name="getPetDetails[4](4)" classname="apiTest.DDTest" time="1.271">
    <failure message="expected [200] but found [404]" type="java.lang.AssertionError"><![CDATA[java.lang.AssertionError: expected [200] but found [404]
	at org.testng.Assert.fail(Assert.java:111)
	at org.testng.Assert.failNotEquals(Assert.java:1590)
	at org.testng.Assert.assertEqualsImpl(Assert.java:150)
	at org.testng.Assert.assertEquals(Assert.java:132)
	at org.testng.Assert.assertEquals(Assert.java:1431)
	at org.testng.Assert.assertEquals(Assert.java:1395)
	at org.testng.Assert.assertEquals(Assert.java:1441)
	at apiTest.DDTest.getPetDetails(DDTest.java:196)
	at java.base/jdk.internal.reflect.DirectMethodHandleAccessor.invoke(DirectMethodHandleAccessor.java:103)
	at java.base/java.lang.reflect.Method.invoke(Method.java:580)
	at org.testng.internal.invokers.MethodInvocationHelper.invokeMethod(MethodInvocationHelper.java:141)
	at org.testng.internal.invokers.TestInvoker.invokeMethod(TestInvoker.java:687)
	at org.testng.internal.invokers.TestInvoker.invokeTestMethod(TestInvoker.java:230)
	at org.testng.internal.invokers.MethodRunner.runInSequence(MethodRunner.java:63)
	at org.testng.internal.invokers.TestInvoker$MethodInvocationAgent.invoke(TestInvoker.java:995)
	at org.testng.internal.invokers.TestInvoker.invokeTestMethods(TestInvoker.java:203)
	at org.testng.internal.invokers.TestMethodWorker.invokeTestMethods(TestMethodWorker.java:154)
	at org.testng.internal.invokers.TestMethodWorker.run(TestMethodWorker.java:134)
	at java.base/java.util.ArrayList.forEach(ArrayList.java:1596)
	at org.testng.TestRunner.privateRun(TestRunner.java:741)
	at org.testng.TestRunner.run(TestRunner.java:616)
	at org.testng.SuiteRunner.runTest(SuiteRunner.java:421)
	at org.testng.SuiteRunner.runSequentially(SuiteRunner.java:413)
	at org.testng.SuiteRunner.privateRun(SuiteRunner.java:373)
	at org.testng.SuiteRunner.run(SuiteRunner.java:312)
	at org.testng.SuiteRunnerWorker.runSuite(SuiteRunnerWorker.java:52)
	at org.testng.SuiteRunnerWorker.run(SuiteRunnerWorker.java:95)
	at org.testng.TestNG.runSuitesSequentially(TestNG.java:1274)
	at org.testng.TestNG.runSuitesLocally(TestNG.java:1208)
	at org.testng.TestNG.runSuites(TestNG.java:1112)
	at org.testng.TestNG.run(TestNG.java:1079)
	at org.apache.maven.surefire.testng.TestNGExecutor.run(TestNGExecutor.java:155)
	at org.apache.maven.surefire.testng.TestNGDirectoryTestSuite.executeMulti(TestNGDirectoryTestSuite.java:169)
	at org.apache.maven.surefire.testng.TestNGDirectoryTestSuite.execute(TestNGDirectoryTestSuite.java:88)
	at org.apache.maven.surefire.testng.TestNGProvider.invoke(TestNGProvider.java:137)
	at org.apache.maven.surefire.booter.ForkedBooter.runSuitesInProcess(ForkedBooter.java:385)
	at org.apache.maven.surefire.booter.ForkedBooter.execute(ForkedBooter.java:162)
	at org.apache.maven.surefire.booter.ForkedBooter.run(ForkedBooter.java:507)
	at org.apache.maven.surefire.booter.ForkedBooter.main(ForkedBooter.java:495)
]]></failure>
    <system-out><![CDATA[12:35:29.559 [main] INFO  apiTest.DDTest - *********************************************************************************************************************************************************
12:35:29.559 [main] INFO  apiTest.DDTest - Starting getPetDetails with petID: 4
HTTP/1.1 404 Not Found
Date: Thu, 10 Apr 2025 07:05:31 GMT
Content-Type: application/json
Transfer-Encoding: chunked
Connection: keep-alive
Access-Control-Allow-Origin: *
Access-Control-Allow-Methods: GET, POST, DELETE, PUT
Access-Control-Allow-Headers: Content-Type, api_key, Authorization
Server: Jetty(9.2.9.v20150224)

{
    "code": 1,
    "type": "error",
    "message": "Pet not found"
}
12:35:30.828 [main] INFO  apiTest.DDTest - Response: {"code":1,"type":"error","message":"Pet not found"}
12:35:30.828 [main] ERROR apiTest.DDTest - Could not retrieve data from API. Pet ID: 4. Status code: 404
]]></system-out>
  </testcase>
  <testcase name="getPetDetails[5](5)" classname="apiTest.DDTest" time="1.314">
    <system-out><![CDATA[12:35:30.830 [main] INFO  apiTest.DDTest - *********************************************************************************************************************************************************
12:35:30.830 [main] INFO  apiTest.DDTest - Starting getPetDetails with petID: 5
HTTP/1.1 200 OK
Date: Thu, 10 Apr 2025 07:05:32 GMT
Content-Type: application/json
Transfer-Encoding: chunked
Connection: keep-alive
Access-Control-Allow-Origin: *
Access-Control-Allow-Methods: GET, POST, DELETE, PUT
Access-Control-Allow-Headers: Content-Type, api_key, Authorization
Server: Jetty(9.2.9.v20150224)

{
    "id": 5,
    "category": {
        "id": 0,
        "name": "string"
    },
    "name": "doggie",
    "photoUrls": [
        "string"
    ],
    "tags": [
        {
            "id": 0,
            "name": "string"
        }
    ],
    "status": "string"
}
12:35:32.144 [main] INFO  apiTest.DDTest - Response: {"id":5,"category":{"id":0,"name":"string"},"name":"doggie","photoUrls":["string"],"tags":[{"id":0,"name":"string"}],"status":"string"}
]]></system-out>
  </testcase>
  <testcase name="getPetDetails[6](6)" classname="apiTest.DDTest" time="1.239">
    <failure message="expected [200] but found [404]" type="java.lang.AssertionError"><![CDATA[java.lang.AssertionError: expected [200] but found [404]
	at org.testng.Assert.fail(Assert.java:111)
	at org.testng.Assert.failNotEquals(Assert.java:1590)
	at org.testng.Assert.assertEqualsImpl(Assert.java:150)
	at org.testng.Assert.assertEquals(Assert.java:132)
	at org.testng.Assert.assertEquals(Assert.java:1431)
	at org.testng.Assert.assertEquals(Assert.java:1395)
	at org.testng.Assert.assertEquals(Assert.java:1441)
	at apiTest.DDTest.getPetDetails(DDTest.java:196)
	at java.base/jdk.internal.reflect.DirectMethodHandleAccessor.invoke(DirectMethodHandleAccessor.java:103)
	at java.base/java.lang.reflect.Method.invoke(Method.java:580)
	at org.testng.internal.invokers.MethodInvocationHelper.invokeMethod(MethodInvocationHelper.java:141)
	at org.testng.internal.invokers.TestInvoker.invokeMethod(TestInvoker.java:687)
	at org.testng.internal.invokers.TestInvoker.invokeTestMethod(TestInvoker.java:230)
	at org.testng.internal.invokers.MethodRunner.runInSequence(MethodRunner.java:63)
	at org.testng.internal.invokers.TestInvoker$MethodInvocationAgent.invoke(TestInvoker.java:995)
	at org.testng.internal.invokers.TestInvoker.invokeTestMethods(TestInvoker.java:203)
	at org.testng.internal.invokers.TestMethodWorker.invokeTestMethods(TestMethodWorker.java:154)
	at org.testng.internal.invokers.TestMethodWorker.run(TestMethodWorker.java:134)
	at java.base/java.util.ArrayList.forEach(ArrayList.java:1596)
	at org.testng.TestRunner.privateRun(TestRunner.java:741)
	at org.testng.TestRunner.run(TestRunner.java:616)
	at org.testng.SuiteRunner.runTest(SuiteRunner.java:421)
	at org.testng.SuiteRunner.runSequentially(SuiteRunner.java:413)
	at org.testng.SuiteRunner.privateRun(SuiteRunner.java:373)
	at org.testng.SuiteRunner.run(SuiteRunner.java:312)
	at org.testng.SuiteRunnerWorker.runSuite(SuiteRunnerWorker.java:52)
	at org.testng.SuiteRunnerWorker.run(SuiteRunnerWorker.java:95)
	at org.testng.TestNG.runSuitesSequentially(TestNG.java:1274)
	at org.testng.TestNG.runSuitesLocally(TestNG.java:1208)
	at org.testng.TestNG.runSuites(TestNG.java:1112)
	at org.testng.TestNG.run(TestNG.java:1079)
	at org.apache.maven.surefire.testng.TestNGExecutor.run(TestNGExecutor.java:155)
	at org.apache.maven.surefire.testng.TestNGDirectoryTestSuite.executeMulti(TestNGDirectoryTestSuite.java:169)
	at org.apache.maven.surefire.testng.TestNGDirectoryTestSuite.execute(TestNGDirectoryTestSuite.java:88)
	at org.apache.maven.surefire.testng.TestNGProvider.invoke(TestNGProvider.java:137)
	at org.apache.maven.surefire.booter.ForkedBooter.runSuitesInProcess(ForkedBooter.java:385)
	at org.apache.maven.surefire.booter.ForkedBooter.execute(ForkedBooter.java:162)
	at org.apache.maven.surefire.booter.ForkedBooter.run(ForkedBooter.java:507)
	at org.apache.maven.surefire.booter.ForkedBooter.main(ForkedBooter.java:495)
]]></failure>
    <system-out><![CDATA[12:35:32.144 [main] INFO  apiTest.DDTest - *********************************************************************************************************************************************************
12:35:32.144 [main] INFO  apiTest.DDTest - Starting getPetDetails with petID: 6
HTTP/1.1 404 Not Found
Date: Thu, 10 Apr 2025 07:05:34 GMT
Content-Type: application/json
Transfer-Encoding: chunked
Connection: keep-alive
Access-Control-Allow-Origin: *
Access-Control-Allow-Methods: GET, POST, DELETE, PUT
Access-Control-Allow-Headers: Content-Type, api_key, Authorization
Server: Jetty(9.2.9.v20150224)

{
    "code": 1,
    "type": "error",
    "message": "Pet not found"
}
12:35:33.381 [main] INFO  apiTest.DDTest - Response: {"code":1,"type":"error","message":"Pet not found"}
12:35:33.382 [main] ERROR apiTest.DDTest - Could not retrieve data from API. Pet ID: 6. Status code: 404
]]></system-out>
  </testcase>
  <testcase name="getPetDetails[7](7)" classname="apiTest.DDTest" time="1.307">
    <failure message="expected [200] but found [404]" type="java.lang.AssertionError"><![CDATA[java.lang.AssertionError: expected [200] but found [404]
	at org.testng.Assert.fail(Assert.java:111)
	at org.testng.Assert.failNotEquals(Assert.java:1590)
	at org.testng.Assert.assertEqualsImpl(Assert.java:150)
	at org.testng.Assert.assertEquals(Assert.java:132)
	at org.testng.Assert.assertEquals(Assert.java:1431)
	at org.testng.Assert.assertEquals(Assert.java:1395)
	at org.testng.Assert.assertEquals(Assert.java:1441)
	at apiTest.DDTest.getPetDetails(DDTest.java:196)
	at java.base/jdk.internal.reflect.DirectMethodHandleAccessor.invoke(DirectMethodHandleAccessor.java:103)
	at java.base/java.lang.reflect.Method.invoke(Method.java:580)
	at org.testng.internal.invokers.MethodInvocationHelper.invokeMethod(MethodInvocationHelper.java:141)
	at org.testng.internal.invokers.TestInvoker.invokeMethod(TestInvoker.java:687)
	at org.testng.internal.invokers.TestInvoker.invokeTestMethod(TestInvoker.java:230)
	at org.testng.internal.invokers.MethodRunner.runInSequence(MethodRunner.java:63)
	at org.testng.internal.invokers.TestInvoker$MethodInvocationAgent.invoke(TestInvoker.java:995)
	at org.testng.internal.invokers.TestInvoker.invokeTestMethods(TestInvoker.java:203)
	at org.testng.internal.invokers.TestMethodWorker.invokeTestMethods(TestMethodWorker.java:154)
	at org.testng.internal.invokers.TestMethodWorker.run(TestMethodWorker.java:134)
	at java.base/java.util.ArrayList.forEach(ArrayList.java:1596)
	at org.testng.TestRunner.privateRun(TestRunner.java:741)
	at org.testng.TestRunner.run(TestRunner.java:616)
	at org.testng.SuiteRunner.runTest(SuiteRunner.java:421)
	at org.testng.SuiteRunner.runSequentially(SuiteRunner.java:413)
	at org.testng.SuiteRunner.privateRun(SuiteRunner.java:373)
	at org.testng.SuiteRunner.run(SuiteRunner.java:312)
	at org.testng.SuiteRunnerWorker.runSuite(SuiteRunnerWorker.java:52)
	at org.testng.SuiteRunnerWorker.run(SuiteRunnerWorker.java:95)
	at org.testng.TestNG.runSuitesSequentially(TestNG.java:1274)
	at org.testng.TestNG.runSuitesLocally(TestNG.java:1208)
	at org.testng.TestNG.runSuites(TestNG.java:1112)
	at org.testng.TestNG.run(TestNG.java:1079)
	at org.apache.maven.surefire.testng.TestNGExecutor.run(TestNGExecutor.java:155)
	at org.apache.maven.surefire.testng.TestNGDirectoryTestSuite.executeMulti(TestNGDirectoryTestSuite.java:169)
	at org.apache.maven.surefire.testng.TestNGDirectoryTestSuite.execute(TestNGDirectoryTestSuite.java:88)
	at org.apache.maven.surefire.testng.TestNGProvider.invoke(TestNGProvider.java:137)
	at org.apache.maven.surefire.booter.ForkedBooter.runSuitesInProcess(ForkedBooter.java:385)
	at org.apache.maven.surefire.booter.ForkedBooter.execute(ForkedBooter.java:162)
	at org.apache.maven.surefire.booter.ForkedBooter.run(ForkedBooter.java:507)
	at org.apache.maven.surefire.booter.ForkedBooter.main(ForkedBooter.java:495)
]]></failure>
    <system-out><![CDATA[12:35:33.383 [main] INFO  apiTest.DDTest - *********************************************************************************************************************************************************
12:35:33.383 [main] INFO  apiTest.DDTest - Starting getPetDetails with petID: 7
HTTP/1.1 404 Not Found
Date: Thu, 10 Apr 2025 07:05:35 GMT
Content-Type: application/json
Transfer-Encoding: chunked
Connection: keep-alive
Access-Control-Allow-Origin: *
Access-Control-Allow-Methods: GET, POST, DELETE, PUT
Access-Control-Allow-Headers: Content-Type, api_key, Authorization
Server: Jetty(9.2.9.v20150224)

{
    "code": 1,
    "type": "error",
    "message": "Pet not found"
}
12:35:34.690 [main] INFO  apiTest.DDTest - Response: {"code":1,"type":"error","message":"Pet not found"}
12:35:34.690 [main] ERROR apiTest.DDTest - Could not retrieve data from API. Pet ID: 7. Status code: 404
]]></system-out>
  </testcase>
  <testcase name="getPetDetails[8](8)" classname="apiTest.DDTest" time="1.291">
    <system-out><![CDATA[12:35:34.691 [main] INFO  apiTest.DDTest - *********************************************************************************************************************************************************
12:35:34.691 [main] INFO  apiTest.DDTest - Starting getPetDetails with petID: 8
HTTP/1.1 200 OK
Date: Thu, 10 Apr 2025 07:05:36 GMT
Content-Type: application/json
Transfer-Encoding: chunked
Connection: keep-alive
Access-Control-Allow-Origin: *
Access-Control-Allow-Methods: GET, POST, DELETE, PUT
Access-Control-Allow-Headers: Content-Type, api_key, Authorization
Server: Jetty(9.2.9.v20150224)

{
    "id": 8,
    "category": {
        "id": 0,
        "name": "string"
    },
    "name": "doggie",
    "photoUrls": [
        "string"
    ],
    "tags": [
        {
            "id": 0,
            "name": "string"
        }
    ],
    "status": "available"
}
12:35:35.982 [main] INFO  apiTest.DDTest - Response: {"id":8,"category":{"id":0,"name":"string"},"name":"doggie","photoUrls":["string"],"tags":[{"id":0,"name":"string"}],"status":"available"}
]]></system-out>
  </testcase>
  <testcase name="getPetDetails[9](9)" classname="apiTest.DDTest" time="1.293">
    <failure message="expected [200] but found [404]" type="java.lang.AssertionError"><![CDATA[java.lang.AssertionError: expected [200] but found [404]
	at org.testng.Assert.fail(Assert.java:111)
	at org.testng.Assert.failNotEquals(Assert.java:1590)
	at org.testng.Assert.assertEqualsImpl(Assert.java:150)
	at org.testng.Assert.assertEquals(Assert.java:132)
	at org.testng.Assert.assertEquals(Assert.java:1431)
	at org.testng.Assert.assertEquals(Assert.java:1395)
	at org.testng.Assert.assertEquals(Assert.java:1441)
	at apiTest.DDTest.getPetDetails(DDTest.java:196)
	at java.base/jdk.internal.reflect.DirectMethodHandleAccessor.invoke(DirectMethodHandleAccessor.java:103)
	at java.base/java.lang.reflect.Method.invoke(Method.java:580)
	at org.testng.internal.invokers.MethodInvocationHelper.invokeMethod(MethodInvocationHelper.java:141)
	at org.testng.internal.invokers.TestInvoker.invokeMethod(TestInvoker.java:687)
	at org.testng.internal.invokers.TestInvoker.invokeTestMethod(TestInvoker.java:230)
	at org.testng.internal.invokers.MethodRunner.runInSequence(MethodRunner.java:63)
	at org.testng.internal.invokers.TestInvoker$MethodInvocationAgent.invoke(TestInvoker.java:995)
	at org.testng.internal.invokers.TestInvoker.invokeTestMethods(TestInvoker.java:203)
	at org.testng.internal.invokers.TestMethodWorker.invokeTestMethods(TestMethodWorker.java:154)
	at org.testng.internal.invokers.TestMethodWorker.run(TestMethodWorker.java:134)
	at java.base/java.util.ArrayList.forEach(ArrayList.java:1596)
	at org.testng.TestRunner.privateRun(TestRunner.java:741)
	at org.testng.TestRunner.run(TestRunner.java:616)
	at org.testng.SuiteRunner.runTest(SuiteRunner.java:421)
	at org.testng.SuiteRunner.runSequentially(SuiteRunner.java:413)
	at org.testng.SuiteRunner.privateRun(SuiteRunner.java:373)
	at org.testng.SuiteRunner.run(SuiteRunner.java:312)
	at org.testng.SuiteRunnerWorker.runSuite(SuiteRunnerWorker.java:52)
	at org.testng.SuiteRunnerWorker.run(SuiteRunnerWorker.java:95)
	at org.testng.TestNG.runSuitesSequentially(TestNG.java:1274)
	at org.testng.TestNG.runSuitesLocally(TestNG.java:1208)
	at org.testng.TestNG.runSuites(TestNG.java:1112)
	at org.testng.TestNG.run(TestNG.java:1079)
	at org.apache.maven.surefire.testng.TestNGExecutor.run(TestNGExecutor.java:155)
	at org.apache.maven.surefire.testng.TestNGDirectoryTestSuite.executeMulti(TestNGDirectoryTestSuite.java:169)
	at org.apache.maven.surefire.testng.TestNGDirectoryTestSuite.execute(TestNGDirectoryTestSuite.java:88)
	at org.apache.maven.surefire.testng.TestNGProvider.invoke(TestNGProvider.java:137)
	at org.apache.maven.surefire.booter.ForkedBooter.runSuitesInProcess(ForkedBooter.java:385)
	at org.apache.maven.surefire.booter.ForkedBooter.execute(ForkedBooter.java:162)
	at org.apache.maven.surefire.booter.ForkedBooter.run(ForkedBooter.java:507)
	at org.apache.maven.surefire.booter.ForkedBooter.main(ForkedBooter.java:495)
]]></failure>
    <system-out><![CDATA[12:35:35.983 [main] INFO  apiTest.DDTest - *********************************************************************************************************************************************************
12:35:35.983 [main] INFO  apiTest.DDTest - Starting getPetDetails with petID: 9
HTTP/1.1 404 Not Found
Date: Thu, 10 Apr 2025 07:05:38 GMT
Content-Type: application/json
Transfer-Encoding: chunked
Connection: keep-alive
Access-Control-Allow-Origin: *
Access-Control-Allow-Methods: GET, POST, DELETE, PUT
Access-Control-Allow-Headers: Content-Type, api_key, Authorization
Server: Jetty(9.2.9.v20150224)

{
    "code": 1,
    "type": "error",
    "message": "Pet not found"
}
12:35:37.275 [main] INFO  apiTest.DDTest - Response: {"code":1,"type":"error","message":"Pet not found"}
12:35:37.275 [main] ERROR apiTest.DDTest - Could not retrieve data from API. Pet ID: 9. Status code: 404
]]></system-out>
  </testcase>
  <testcase name="getPetDetails[10](10)" classname="apiTest.DDTest" time="1.282">
    <system-out><![CDATA[12:35:37.276 [main] INFO  apiTest.DDTest - *********************************************************************************************************************************************************
12:35:37.276 [main] INFO  apiTest.DDTest - Starting getPetDetails with petID: 10
HTTP/1.1 200 OK
Date: Thu, 10 Apr 2025 07:05:39 GMT
Content-Type: application/json
Transfer-Encoding: chunked
Connection: keep-alive
Access-Control-Allow-Origin: *
Access-Control-Allow-Methods: GET, POST, DELETE, PUT
Access-Control-Allow-Headers: Content-Type, api_key, Authorization
Server: Jetty(9.2.9.v20150224)

{
    "id": 10,
    "category": {
        "id": 0,
        "name": "Mertens"
    },
    "name": "Icardi",
    "photoUrls": [
        "Oliveira"
    ],
    "tags": [
        {
            "id": 0,
            "name": "Zaniolo"
        }
    ],
    "status": "available"
}
12:35:38.559 [main] INFO  apiTest.DDTest - Response: {"id":10,"category":{"id":0,"name":"Mertens"},"name":"Icardi","photoUrls":["Oliveira"],"tags":[{"id":0,"name":"Zaniolo"}],"status":"available"}
]]></system-out>
  </testcase>
</testsuite>