<?xml version="1.0" encoding="UTF-8"?>
<testsuite xmlns:xsi="http://www.w3.org/2001/XMLSchema-instance" xsi:noNamespaceSchemaLocation="https://maven.apache.org/surefire/maven-surefire-plugin/xsd/surefire-test-report.xsd" version="3.0.2" name="TestSuite" time="36.011" tests="23" errors="0" skipped="0" failures="0">
  <properties>
[...]
</properties>
  <testcase name="postOrders[1, 2861, 1, 2025-05-14T09:56:59.041877, approved, FALSE](1)" classname="apiTest.DDTest" time="2.733">
    <system-out><![CDATA[10:16:04.124 [main] INFO  apiTest.DDTest - *********************************************************************************************************************************************************
10:16:04.124 [main] INFO  apiTest.DDTest - Posting Order Details to the Store with Pet ID: 2861
10:16:06.841 [main] INFO  apiTest.DDTest - Response captured is: io.restassured.internal.RestAssuredResponseImpl@1a139347
10:16:06.841 [main] INFO  apiTest.DDTest - Successfully posted order details to the pet store with response Status_Code: 200
]]></system-out>
    <system-err><![CDATA[SLF4J(W): No SLF4J providers were found.
SLF4J(W): Defaulting to no-operation (NOP) logger implementation
SLF4J(W): See https://www.slf4j.org/codes.html#noProviders for further details.
]]></system-err>
  </testcase>
  <testcase name="postOrders[2, 9981, 8, 2025-04-23T09:56:59.041897, delivered, FALSE](2)" classname="apiTest.DDTest" time="1.37">
    <system-out><![CDATA[10:16:06.841 [main] INFO  apiTest.DDTest - *********************************************************************************************************************************************************
10:16:06.841 [main] INFO  apiTest.DDTest - Posting Order Details to the Store with Pet ID: 9981
10:16:08.220 [main] INFO  apiTest.DDTest - Response captured is: io.restassured.internal.RestAssuredResponseImpl@526893f
10:16:08.220 [main] INFO  apiTest.DDTest - Successfully posted order details to the pet store with response Status_Code: 200
]]></system-out>
  </testcase>
  <testcase name="postOrders[3, 8028, 3, 2025-04-18T09:56:59.041906, approved, TRUE](3)" classname="apiTest.DDTest" time="1.298">
    <system-out><![CDATA[10:16:08.226 [main] INFO  apiTest.DDTest - *********************************************************************************************************************************************************
10:16:08.226 [main] INFO  apiTest.DDTest - Posting Order Details to the Store with Pet ID: 8028
10:16:09.524 [main] INFO  apiTest.DDTest - Response captured is: io.restassured.internal.RestAssuredResponseImpl@2b974137
10:16:09.524 [main] INFO  apiTest.DDTest - Successfully posted order details to the pet store with response Status_Code: 200
]]></system-out>
  </testcase>
  <testcase name="postOrders[4, 1036, 7, 2025-04-20T09:56:59.041914, placed, TRUE](4)" classname="apiTest.DDTest" time="1.279">
    <system-out><![CDATA[10:16:09.524 [main] INFO  apiTest.DDTest - *********************************************************************************************************************************************************
10:16:09.524 [main] INFO  apiTest.DDTest - Posting Order Details to the Store with Pet ID: 1036
10:16:10.790 [main] INFO  apiTest.DDTest - Response captured is: io.restassured.internal.RestAssuredResponseImpl@3d59933
10:16:10.790 [main] INFO  apiTest.DDTest - Successfully posted order details to the pet store with response Status_Code: 200
]]></system-out>
  </testcase>
  <testcase name="postOrders[5, 9322, 8, 2025-05-03T09:56:59.041921, placed, TRUE](5)" classname="apiTest.DDTest" time="1.433">
    <system-out><![CDATA[10:16:10.790 [main] INFO  apiTest.DDTest - *********************************************************************************************************************************************************
10:16:10.790 [main] INFO  apiTest.DDTest - Posting Order Details to the Store with Pet ID: 9322
10:16:12.221 [main] INFO  apiTest.DDTest - Response captured is: io.restassured.internal.RestAssuredResponseImpl@19d3f6ad
10:16:12.221 [main] INFO  apiTest.DDTest - Successfully posted order details to the pet store with response Status_Code: 200
]]></system-out>
  </testcase>
  <testcase name="postOrders[6, 5843, 4, 2025-05-16T09:56:59.041928, delivered, FALSE](6)" classname="apiTest.DDTest" time="1.428">
    <system-out><![CDATA[10:16:12.221 [main] INFO  apiTest.DDTest - *********************************************************************************************************************************************************
10:16:12.221 [main] INFO  apiTest.DDTest - Posting Order Details to the Store with Pet ID: 5843
10:16:13.664 [main] INFO  apiTest.DDTest - Response captured is: io.restassured.internal.RestAssuredResponseImpl@5b88af70
10:16:13.664 [main] INFO  apiTest.DDTest - Successfully posted order details to the pet store with response Status_Code: 200
]]></system-out>
  </testcase>
  <testcase name="postOrders[7, 3552, 6, 2025-05-12T09:56:59.041936, placed, TRUE](7)" classname="apiTest.DDTest" time="1.232">
    <system-out><![CDATA[10:16:13.664 [main] INFO  apiTest.DDTest - *********************************************************************************************************************************************************
10:16:13.664 [main] INFO  apiTest.DDTest - Posting Order Details to the Store with Pet ID: 3552
10:16:14.898 [main] INFO  apiTest.DDTest - Response captured is: io.restassured.internal.RestAssuredResponseImpl@6f65a203
10:16:14.898 [main] INFO  apiTest.DDTest - Successfully posted order details to the pet store with response Status_Code: 200
]]></system-out>
  </testcase>
  <testcase name="postOrders[8, 8245, 3, 2025-05-13T09:56:59.041950, approved, TRUE](8)" classname="apiTest.DDTest" time="1.425">
    <system-out><![CDATA[10:16:14.899 [main] INFO  apiTest.DDTest - *********************************************************************************************************************************************************
10:16:14.899 [main] INFO  apiTest.DDTest - Posting Order Details to the Store with Pet ID: 8245
10:16:16.325 [main] INFO  apiTest.DDTest - Response captured is: io.restassured.internal.RestAssuredResponseImpl@624d778e
10:16:16.325 [main] INFO  apiTest.DDTest - Successfully posted order details to the pet store with response Status_Code: 200
]]></system-out>
  </testcase>
  <testcase name="postOrders[9, 3767, 2, 2025-04-18T09:56:59.041957, delivered, FALSE](9)" classname="apiTest.DDTest" time="1.127">
    <system-out><![CDATA[10:16:16.325 [main] INFO  apiTest.DDTest - *********************************************************************************************************************************************************
10:16:16.325 [main] INFO  apiTest.DDTest - Posting Order Details to the Store with Pet ID: 3767
10:16:17.452 [main] INFO  apiTest.DDTest - Response captured is: io.restassured.internal.RestAssuredResponseImpl@35cbeb54
10:16:17.452 [main] INFO  apiTest.DDTest - Successfully posted order details to the pet store with response Status_Code: 200
]]></system-out>
  </testcase>
  <testcase name="postOrders[10, 6107, 4, 2025-04-18T09:56:59.041964, approved, FALSE](10)" classname="apiTest.DDTest" time="1.224">
    <system-out><![CDATA[10:16:17.452 [main] INFO  apiTest.DDTest - *********************************************************************************************************************************************************
10:16:17.452 [main] INFO  apiTest.DDTest - Posting Order Details to the Store with Pet ID: 6107
10:16:18.676 [main] INFO  apiTest.DDTest - Response captured is: io.restassured.internal.RestAssuredResponseImpl@b144175
10:16:18.676 [main] INFO  apiTest.DDTest - Successfully posted order details to the pet store with response Status_Code: 200
]]></system-out>
  </testcase>
  <testcase name="postOrders[11, 8052, 4, 2025-04-22T09:56:59.041971, placed, TRUE](11)" classname="apiTest.DDTest" time="1.147">
    <system-out><![CDATA[10:16:18.676 [main] INFO  apiTest.DDTest - *********************************************************************************************************************************************************
10:16:18.676 [main] INFO  apiTest.DDTest - Posting Order Details to the Store with Pet ID: 8052
10:16:19.823 [main] INFO  apiTest.DDTest - Response captured is: io.restassured.internal.RestAssuredResponseImpl@1ba7db2a
10:16:19.823 [main] INFO  apiTest.DDTest - Successfully posted order details to the pet store with response Status_Code: 200
]]></system-out>
  </testcase>
  <testcase name="postOrders[12, 5761, 2, 2025-04-24T09:56:59.041978, approved, TRUE](12)" classname="apiTest.DDTest" time="1.113">
    <system-out><![CDATA[10:16:19.823 [main] INFO  apiTest.DDTest - *********************************************************************************************************************************************************
10:16:19.823 [main] INFO  apiTest.DDTest - Posting Order Details to the Store with Pet ID: 5761
10:16:20.926 [main] INFO  apiTest.DDTest - Response captured is: io.restassured.internal.RestAssuredResponseImpl@5b895e76
10:16:20.926 [main] INFO  apiTest.DDTest - Successfully posted order details to the pet store with response Status_Code: 200
]]></system-out>
  </testcase>
  <testcase name="postOrders[13, 8973, 3, 2025-05-06T09:56:59.041985, approved, FALSE](13)" classname="apiTest.DDTest" time="1.378">
    <system-out><![CDATA[10:16:20.936 [main] INFO  apiTest.DDTest - *********************************************************************************************************************************************************
10:16:20.936 [main] INFO  apiTest.DDTest - Posting Order Details to the Store with Pet ID: 8973
10:16:22.295 [main] INFO  apiTest.DDTest - Response captured is: io.restassured.internal.RestAssuredResponseImpl@5d8fd077
10:16:22.295 [main] INFO  apiTest.DDTest - Successfully posted order details to the pet store with response Status_Code: 200
]]></system-out>
  </testcase>
  <testcase name="postOrders[14, 4924, 3, 2025-05-16T09:56:59.041992, placed, FALSE](14)" classname="apiTest.DDTest" time="1.176">
    <system-out><![CDATA[10:16:22.295 [main] INFO  apiTest.DDTest - *********************************************************************************************************************************************************
10:16:22.295 [main] INFO  apiTest.DDTest - Posting Order Details to the Store with Pet ID: 4924
10:16:23.491 [main] INFO  apiTest.DDTest - Response captured is: io.restassured.internal.RestAssuredResponseImpl@626df173
10:16:23.491 [main] INFO  apiTest.DDTest - Successfully posted order details to the pet store with response Status_Code: 200
]]></system-out>
  </testcase>
  <testcase name="postOrders[15, 1125, 2, 2025-04-22T09:56:59.041999, placed, FALSE](15)" classname="apiTest.DDTest" time="1.113">
    <system-out><![CDATA[10:16:23.491 [main] INFO  apiTest.DDTest - *********************************************************************************************************************************************************
10:16:23.491 [main] INFO  apiTest.DDTest - Posting Order Details to the Store with Pet ID: 1125
10:16:24.589 [main] INFO  apiTest.DDTest - Response captured is: io.restassured.internal.RestAssuredResponseImpl@6b899971
10:16:24.589 [main] INFO  apiTest.DDTest - Successfully posted order details to the pet store with response Status_Code: 200
]]></system-out>
  </testcase>
  <testcase name="postOrders[16, 2933, 9, 2025-05-12T09:56:59.042006, delivered, TRUE](16)" classname="apiTest.DDTest" time="1.034">
    <system-out><![CDATA[10:16:24.604 [main] INFO  apiTest.DDTest - *********************************************************************************************************************************************************
10:16:24.604 [main] INFO  apiTest.DDTest - Posting Order Details to the Store with Pet ID: 2933
10:16:25.638 [main] INFO  apiTest.DDTest - Response captured is: io.restassured.internal.RestAssuredResponseImpl@254513e8
10:16:25.638 [main] INFO  apiTest.DDTest - Successfully posted order details to the pet store with response Status_Code: 200
]]></system-out>
  </testcase>
  <testcase name="postOrders[17, 9745, 10, 2025-05-01T09:56:59.042012, delivered, TRUE](17)" classname="apiTest.DDTest" time="1.535">
    <system-out><![CDATA[10:16:25.638 [main] INFO  apiTest.DDTest - *********************************************************************************************************************************************************
10:16:25.638 [main] INFO  apiTest.DDTest - Posting Order Details to the Store with Pet ID: 9745
10:16:27.173 [main] INFO  apiTest.DDTest - Response captured is: io.restassured.internal.RestAssuredResponseImpl@625db0e0
10:16:27.173 [main] INFO  apiTest.DDTest - Successfully posted order details to the pet store with response Status_Code: 200
]]></system-out>
  </testcase>
  <testcase name="postOrders[18, 3860, 1, 2025-04-25T09:56:59.042019, placed, FALSE](18)" classname="apiTest.DDTest" time="1.215">
    <system-out><![CDATA[10:16:27.173 [main] INFO  apiTest.DDTest - *********************************************************************************************************************************************************
10:16:27.173 [main] INFO  apiTest.DDTest - Posting Order Details to the Store with Pet ID: 3860
10:16:28.398 [main] INFO  apiTest.DDTest - Response captured is: io.restassured.internal.RestAssuredResponseImpl@1cee3e05
10:16:28.398 [main] INFO  apiTest.DDTest - Successfully posted order details to the pet store with response Status_Code: 200
]]></system-out>
  </testcase>
  <testcase name="postOrders[19, 4425, 10, 2025-05-10T09:56:59.042026, delivered, FALSE](19)" classname="apiTest.DDTest" time="1.241">
    <system-out><![CDATA[10:16:28.398 [main] INFO  apiTest.DDTest - *********************************************************************************************************************************************************
10:16:28.398 [main] INFO  apiTest.DDTest - Posting Order Details to the Store with Pet ID: 4425
10:16:29.639 [main] INFO  apiTest.DDTest - Response captured is: io.restassured.internal.RestAssuredResponseImpl@62c47480
10:16:29.639 [main] INFO  apiTest.DDTest - Successfully posted order details to the pet store with response Status_Code: 200
]]></system-out>
  </testcase>
  <testcase name="postOrders[20, 2957, 7, 2025-04-26T09:56:59.042033, approved, TRUE](20)" classname="apiTest.DDTest" time="1.059">
    <system-out><![CDATA[10:16:29.639 [main] INFO  apiTest.DDTest - *********************************************************************************************************************************************************
10:16:29.639 [main] INFO  apiTest.DDTest - Posting Order Details to the Store with Pet ID: 2957
10:16:30.698 [main] INFO  apiTest.DDTest - Response captured is: io.restassured.internal.RestAssuredResponseImpl@470f0637
10:16:30.698 [main] INFO  apiTest.DDTest - Successfully posted order details to the pet store with response Status_Code: 200
]]></system-out>
  </testcase>
  <testcase name="postOrders[21, 1234, 5, 2024-08-01T10:00:00, placed, TRUE](21)" classname="apiTest.DDTest" time="1.058">
    <system-out><![CDATA[10:16:30.698 [main] INFO  apiTest.DDTest - *********************************************************************************************************************************************************
10:16:30.698 [main] INFO  apiTest.DDTest - Posting Order Details to the Store with Pet ID: 1234
10:16:31.756 [main] INFO  apiTest.DDTest - Response captured is: io.restassured.internal.RestAssuredResponseImpl@538f45f1
10:16:31.756 [main] INFO  apiTest.DDTest - Successfully posted order details to the pet store with response Status_Code: 200
]]></system-out>
  </testcase>
  <testcase name="postOrders[22, 5678, 3, 2024-08-02T11:00:00, approved, FALSE](22)" classname="apiTest.DDTest" time="1.266">
    <system-out><![CDATA[10:16:31.756 [main] INFO  apiTest.DDTest - *********************************************************************************************************************************************************
10:16:31.756 [main] INFO  apiTest.DDTest - Posting Order Details to the Store with Pet ID: 5678
10:16:33.007 [main] INFO  apiTest.DDTest - Response captured is: io.restassured.internal.RestAssuredResponseImpl@696105c4
10:16:33.007 [main] INFO  apiTest.DDTest - Successfully posted order details to the pet store with response Status_Code: 200
]]></system-out>
  </testcase>
  <testcase name="getStoreDetails" classname="apiTest.DDTest" time="1.445">
    <system-out><![CDATA[10:16:34.447 [main] INFO  apiTest.DDTest - Successfully retrieved Store Details with Status_Code: 200
10:16:34.462 [main] INFO  apiTest.DDTest - {"sold":13,"string":676,"pending":2,"available":251}
]]></system-out>
  </testcase>
</testsuite>