<?xml version="1.0" encoding="UTF-8"?>
<testng-results ignored="10" total="33" passed="23" failed="0" skipped="0">
  <reporter-output>
  </reporter-output>
  <suite started-at="2025-04-18T10:15:59 IST" name="Surefire suite" finished-at="2025-04-18T10:16:34 IST" duration-ms="35073">
    <groups>
    </groups>
    <test started-at="2025-04-18T10:15:59 IST" name="Surefire test" finished-at="2025-04-18T10:16:34 IST" duration-ms="35073">
      <class name="apiTest.DDTest">
        <test-method is-config="true" signature="createReport()[pri:0, instance:apiTest.DDTest@1e8ce150]" started-at="2025-04-18T10:15:59 IST" name="createReport" finished-at="2025-04-18T10:15:59 IST" duration-ms="177" status="PASS">
          <reporter-output>
          </reporter-output>
        </test-method> <!-- createReport -->
        <test-method signature="postOrders(java.lang.String,java.lang.String,java.lang.String,java.lang.String,java.lang.String,java.lang.String)[pri:7, instance:apiTest.DDTest@1e8ce150]" started-at="2025-04-18T10:16:04 IST" name="postOrders" data-provider="OrderProvider" finished-at="2025-04-18T10:16:06 IST" duration-ms="2733" status="PASS">
          <params>
            <param index="0">
              <value>
                <![CDATA[1]]>
              </value>
            </param>
            <param index="1">
              <value>
                <![CDATA[2861]]>
              </value>
            </param>
            <param index="2">
              <value>
                <![CDATA[1]]>
              </value>
            </param>
            <param index="3">
              <value>
                <![CDATA[2025-05-14T09:56:59.041877]]>
              </value>
            </param>
            <param index="4">
              <value>
                <![CDATA[approved]]>
              </value>
            </param>
            <param index="5">
              <value>
                <![CDATA[FALSE]]>
              </value>
            </param>
          </params>
          <reporter-output>
          </reporter-output>
        </test-method> <!-- postOrders -->
        <test-method signature="postOrders(java.lang.String,java.lang.String,java.lang.String,java.lang.String,java.lang.String,java.lang.String)[pri:7, instance:apiTest.DDTest@1e8ce150]" started-at="2025-04-18T10:16:06 IST" name="postOrders" data-provider="OrderProvider" finished-at="2025-04-18T10:16:08 IST" duration-ms="1379" status="PASS">
          <params>
            <param index="0">
              <value>
                <![CDATA[2]]>
              </value>
            </param>
            <param index="1">
              <value>
                <![CDATA[9981]]>
              </value>
            </param>
            <param index="2">
              <value>
                <![CDATA[8]]>
              </value>
            </param>
            <param index="3">
              <value>
                <![CDATA[2025-04-23T09:56:59.041897]]>
              </value>
            </param>
            <param index="4">
              <value>
                <![CDATA[delivered]]>
              </value>
            </param>
            <param index="5">
              <value>
                <![CDATA[FALSE]]>
              </value>
            </param>
          </params>
          <reporter-output>
          </reporter-output>
        </test-method> <!-- postOrders -->
        <test-method signature="postOrders(java.lang.String,java.lang.String,java.lang.String,java.lang.String,java.lang.String,java.lang.String)[pri:7, instance:apiTest.DDTest@1e8ce150]" started-at="2025-04-18T10:16:08 IST" name="postOrders" data-provider="OrderProvider" finished-at="2025-04-18T10:16:09 IST" duration-ms="1304" status="PASS">
          <params>
            <param index="0">
              <value>
                <![CDATA[3]]>
              </value>
            </param>
            <param index="1">
              <value>
                <![CDATA[8028]]>
              </value>
            </param>
            <param index="2">
              <value>
                <![CDATA[3]]>
              </value>
            </param>
            <param index="3">
              <value>
                <![CDATA[2025-04-18T09:56:59.041906]]>
              </value>
            </param>
            <param index="4">
              <value>
                <![CDATA[approved]]>
              </value>
            </param>
            <param index="5">
              <value>
                <![CDATA[TRUE]]>
              </value>
            </param>
          </params>
          <reporter-output>
          </reporter-output>
        </test-method> <!-- postOrders -->
        <test-method signature="postOrders(java.lang.String,java.lang.String,java.lang.String,java.lang.String,java.lang.String,java.lang.String)[pri:7, instance:apiTest.DDTest@1e8ce150]" started-at="2025-04-18T10:16:09 IST" name="postOrders" data-provider="OrderProvider" finished-at="2025-04-18T10:16:10 IST" duration-ms="1266" status="PASS">
          <params>
            <param index="0">
              <value>
                <![CDATA[4]]>
              </value>
            </param>
            <param index="1">
              <value>
                <![CDATA[1036]]>
              </value>
            </param>
            <param index="2">
              <value>
                <![CDATA[7]]>
              </value>
            </param>
            <param index="3">
              <value>
                <![CDATA[2025-04-20T09:56:59.041914]]>
              </value>
            </param>
            <param index="4">
              <value>
                <![CDATA[placed]]>
              </value>
            </param>
            <param index="5">
              <value>
                <![CDATA[TRUE]]>
              </value>
            </param>
          </params>
          <reporter-output>
          </reporter-output>
        </test-method> <!-- postOrders -->
        <test-method signature="postOrders(java.lang.String,java.lang.String,java.lang.String,java.lang.String,java.lang.String,java.lang.String)[pri:7, instance:apiTest.DDTest@1e8ce150]" started-at="2025-04-18T10:16:10 IST" name="postOrders" data-provider="OrderProvider" finished-at="2025-04-18T10:16:12 IST" duration-ms="1431" status="PASS">
          <params>
            <param index="0">
              <value>
                <![CDATA[5]]>
              </value>
            </param>
            <param index="1">
              <value>
                <![CDATA[9322]]>
              </value>
            </param>
            <param index="2">
              <value>
                <![CDATA[8]]>
              </value>
            </param>
            <param index="3">
              <value>
                <![CDATA[2025-05-03T09:56:59.041921]]>
              </value>
            </param>
            <param index="4">
              <value>
                <![CDATA[placed]]>
              </value>
            </param>
            <param index="5">
              <value>
                <![CDATA[TRUE]]>
              </value>
            </param>
          </params>
          <reporter-output>
          </reporter-output>
        </test-method> <!-- postOrders -->
        <test-method signature="postOrders(java.lang.String,java.lang.String,java.lang.String,java.lang.String,java.lang.String,java.lang.String)[pri:7, instance:apiTest.DDTest@1e8ce150]" started-at="2025-04-18T10:16:12 IST" name="postOrders" data-provider="OrderProvider" finished-at="2025-04-18T10:16:13 IST" duration-ms="1443" status="PASS">
          <params>
            <param index="0">
              <value>
                <![CDATA[6]]>
              </value>
            </param>
            <param index="1">
              <value>
                <![CDATA[5843]]>
              </value>
            </param>
            <param index="2">
              <value>
                <![CDATA[4]]>
              </value>
            </param>
            <param index="3">
              <value>
                <![CDATA[2025-05-16T09:56:59.041928]]>
              </value>
            </param>
            <param index="4">
              <value>
                <![CDATA[delivered]]>
              </value>
            </param>
            <param index="5">
              <value>
                <![CDATA[FALSE]]>
              </value>
            </param>
          </params>
          <reporter-output>
          </reporter-output>
        </test-method> <!-- postOrders -->
        <test-method signature="postOrders(java.lang.String,java.lang.String,java.lang.String,java.lang.String,java.lang.String,java.lang.String)[pri:7, instance:apiTest.DDTest@1e8ce150]" started-at="2025-04-18T10:16:13 IST" name="postOrders" data-provider="OrderProvider" finished-at="2025-04-18T10:16:14 IST" duration-ms="1234" status="PASS">
          <params>
            <param index="0">
              <value>
                <![CDATA[7]]>
              </value>
            </param>
            <param index="1">
              <value>
                <![CDATA[3552]]>
              </value>
            </param>
            <param index="2">
              <value>
                <![CDATA[6]]>
              </value>
            </param>
            <param index="3">
              <value>
                <![CDATA[2025-05-12T09:56:59.041936]]>
              </value>
            </param>
            <param index="4">
              <value>
                <![CDATA[placed]]>
              </value>
            </param>
            <param index="5">
              <value>
                <![CDATA[TRUE]]>
              </value>
            </param>
          </params>
          <reporter-output>
          </reporter-output>
        </test-method> <!-- postOrders -->
        <test-method signature="postOrders(java.lang.String,java.lang.String,java.lang.String,java.lang.String,java.lang.String,java.lang.String)[pri:7, instance:apiTest.DDTest@1e8ce150]" started-at="2025-04-18T10:16:14 IST" name="postOrders" data-provider="OrderProvider" finished-at="2025-04-18T10:16:16 IST" duration-ms="1426" status="PASS">
          <params>
            <param index="0">
              <value>
                <![CDATA[8]]>
              </value>
            </param>
            <param index="1">
              <value>
                <![CDATA[8245]]>
              </value>
            </param>
            <param index="2">
              <value>
                <![CDATA[3]]>
              </value>
            </param>
            <param index="3">
              <value>
                <![CDATA[2025-05-13T09:56:59.041950]]>
              </value>
            </param>
            <param index="4">
              <value>
                <![CDATA[approved]]>
              </value>
            </param>
            <param index="5">
              <value>
                <![CDATA[TRUE]]>
              </value>
            </param>
          </params>
          <reporter-output>
          </reporter-output>
        </test-method> <!-- postOrders -->
        <test-method signature="postOrders(java.lang.String,java.lang.String,java.lang.String,java.lang.String,java.lang.String,java.lang.String)[pri:7, instance:apiTest.DDTest@1e8ce150]" started-at="2025-04-18T10:16:16 IST" name="postOrders" data-provider="OrderProvider" finished-at="2025-04-18T10:16:17 IST" duration-ms="1127" status="PASS">
          <params>
            <param index="0">
              <value>
                <![CDATA[9]]>
              </value>
            </param>
            <param index="1">
              <value>
                <![CDATA[3767]]>
              </value>
            </param>
            <param index="2">
              <value>
                <![CDATA[2]]>
              </value>
            </param>
            <param index="3">
              <value>
                <![CDATA[2025-04-18T09:56:59.041957]]>
              </value>
            </param>
            <param index="4">
              <value>
                <![CDATA[delivered]]>
              </value>
            </param>
            <param index="5">
              <value>
                <![CDATA[FALSE]]>
              </value>
            </param>
          </params>
          <reporter-output>
          </reporter-output>
        </test-method> <!-- postOrders -->
        <test-method signature="postOrders(java.lang.String,java.lang.String,java.lang.String,java.lang.String,java.lang.String,java.lang.String)[pri:7, instance:apiTest.DDTest@1e8ce150]" started-at="2025-04-18T10:16:17 IST" name="postOrders" data-provider="OrderProvider" finished-at="2025-04-18T10:16:18 IST" duration-ms="1224" status="PASS">
          <params>
            <param index="0">
              <value>
                <![CDATA[10]]>
              </value>
            </param>
            <param index="1">
              <value>
                <![CDATA[6107]]>
              </value>
            </param>
            <param index="2">
              <value>
                <![CDATA[4]]>
              </value>
            </param>
            <param index="3">
              <value>
                <![CDATA[2025-04-18T09:56:59.041964]]>
              </value>
            </param>
            <param index="4">
              <value>
                <![CDATA[approved]]>
              </value>
            </param>
            <param index="5">
              <value>
                <![CDATA[FALSE]]>
              </value>
            </param>
          </params>
          <reporter-output>
          </reporter-output>
        </test-method> <!-- postOrders -->
        <test-method signature="postOrders(java.lang.String,java.lang.String,java.lang.String,java.lang.String,java.lang.String,java.lang.String)[pri:7, instance:apiTest.DDTest@1e8ce150]" started-at="2025-04-18T10:16:18 IST" name="postOrders" data-provider="OrderProvider" finished-at="2025-04-18T10:16:19 IST" duration-ms="1147" status="PASS">
          <params>
            <param index="0">
              <value>
                <![CDATA[11]]>
              </value>
            </param>
            <param index="1">
              <value>
                <![CDATA[8052]]>
              </value>
            </param>
            <param index="2">
              <value>
                <![CDATA[4]]>
              </value>
            </param>
            <param index="3">
              <value>
                <![CDATA[2025-04-22T09:56:59.041971]]>
              </value>
            </param>
            <param index="4">
              <value>
                <![CDATA[placed]]>
              </value>
            </param>
            <param index="5">
              <value>
                <![CDATA[TRUE]]>
              </value>
            </param>
          </params>
          <reporter-output>
          </reporter-output>
        </test-method> <!-- postOrders -->
        <test-method signature="postOrders(java.lang.String,java.lang.String,java.lang.String,java.lang.String,java.lang.String,java.lang.String)[pri:7, instance:apiTest.DDTest@1e8ce150]" started-at="2025-04-18T10:16:19 IST" name="postOrders" data-provider="OrderProvider" finished-at="2025-04-18T10:16:20 IST" duration-ms="1112" status="PASS">
          <params>
            <param index="0">
              <value>
                <![CDATA[12]]>
              </value>
            </param>
            <param index="1">
              <value>
                <![CDATA[5761]]>
              </value>
            </param>
            <param index="2">
              <value>
                <![CDATA[2]]>
              </value>
            </param>
            <param index="3">
              <value>
                <![CDATA[2025-04-24T09:56:59.041978]]>
              </value>
            </param>
            <param index="4">
              <value>
                <![CDATA[approved]]>
              </value>
            </param>
            <param index="5">
              <value>
                <![CDATA[TRUE]]>
              </value>
            </param>
          </params>
          <reporter-output>
          </reporter-output>
        </test-method> <!-- postOrders -->
        <test-method signature="postOrders(java.lang.String,java.lang.String,java.lang.String,java.lang.String,java.lang.String,java.lang.String)[pri:7, instance:apiTest.DDTest@1e8ce150]" started-at="2025-04-18T10:16:20 IST" name="postOrders" data-provider="OrderProvider" finished-at="2025-04-18T10:16:22 IST" duration-ms="1360" status="PASS">
          <params>
            <param index="0">
              <value>
                <![CDATA[13]]>
              </value>
            </param>
            <param index="1">
              <value>
                <![CDATA[8973]]>
              </value>
            </param>
            <param index="2">
              <value>
                <![CDATA[3]]>
              </value>
            </param>
            <param index="3">
              <value>
                <![CDATA[2025-05-06T09:56:59.041985]]>
              </value>
            </param>
            <param index="4">
              <value>
                <![CDATA[approved]]>
              </value>
            </param>
            <param index="5">
              <value>
                <![CDATA[FALSE]]>
              </value>
            </param>
          </params>
          <reporter-output>
          </reporter-output>
        </test-method> <!-- postOrders -->
        <test-method signature="postOrders(java.lang.String,java.lang.String,java.lang.String,java.lang.String,java.lang.String,java.lang.String)[pri:7, instance:apiTest.DDTest@1e8ce150]" started-at="2025-04-18T10:16:22 IST" name="postOrders" data-provider="OrderProvider" finished-at="2025-04-18T10:16:23 IST" duration-ms="1196" status="PASS">
          <params>
            <param index="0">
              <value>
                <![CDATA[14]]>
              </value>
            </param>
            <param index="1">
              <value>
                <![CDATA[4924]]>
              </value>
            </param>
            <param index="2">
              <value>
                <![CDATA[3]]>
              </value>
            </param>
            <param index="3">
              <value>
                <![CDATA[2025-05-16T09:56:59.041992]]>
              </value>
            </param>
            <param index="4">
              <value>
                <![CDATA[placed]]>
              </value>
            </param>
            <param index="5">
              <value>
                <![CDATA[FALSE]]>
              </value>
            </param>
          </params>
          <reporter-output>
          </reporter-output>
        </test-method> <!-- postOrders -->
        <test-method signature="postOrders(java.lang.String,java.lang.String,java.lang.String,java.lang.String,java.lang.String,java.lang.String)[pri:7, instance:apiTest.DDTest@1e8ce150]" started-at="2025-04-18T10:16:23 IST" name="postOrders" data-provider="OrderProvider" finished-at="2025-04-18T10:16:24 IST" duration-ms="1113" status="PASS">
          <params>
            <param index="0">
              <value>
                <![CDATA[15]]>
              </value>
            </param>
            <param index="1">
              <value>
                <![CDATA[1125]]>
              </value>
            </param>
            <param index="2">
              <value>
                <![CDATA[2]]>
              </value>
            </param>
            <param index="3">
              <value>
                <![CDATA[2025-04-22T09:56:59.041999]]>
              </value>
            </param>
            <param index="4">
              <value>
                <![CDATA[placed]]>
              </value>
            </param>
            <param index="5">
              <value>
                <![CDATA[FALSE]]>
              </value>
            </param>
          </params>
          <reporter-output>
          </reporter-output>
        </test-method> <!-- postOrders -->
        <test-method signature="postOrders(java.lang.String,java.lang.String,java.lang.String,java.lang.String,java.lang.String,java.lang.String)[pri:7, instance:apiTest.DDTest@1e8ce150]" started-at="2025-04-18T10:16:24 IST" name="postOrders" data-provider="OrderProvider" finished-at="2025-04-18T10:16:25 IST" duration-ms="1034" status="PASS">
          <params>
            <param index="0">
              <value>
                <![CDATA[16]]>
              </value>
            </param>
            <param index="1">
              <value>
                <![CDATA[2933]]>
              </value>
            </param>
            <param index="2">
              <value>
                <![CDATA[9]]>
              </value>
            </param>
            <param index="3">
              <value>
                <![CDATA[2025-05-12T09:56:59.042006]]>
              </value>
            </param>
            <param index="4">
              <value>
                <![CDATA[delivered]]>
              </value>
            </param>
            <param index="5">
              <value>
                <![CDATA[TRUE]]>
              </value>
            </param>
          </params>
          <reporter-output>
          </reporter-output>
        </test-method> <!-- postOrders -->
        <test-method signature="postOrders(java.lang.String,java.lang.String,java.lang.String,java.lang.String,java.lang.String,java.lang.String)[pri:7, instance:apiTest.DDTest@1e8ce150]" started-at="2025-04-18T10:16:25 IST" name="postOrders" data-provider="OrderProvider" finished-at="2025-04-18T10:16:27 IST" duration-ms="1535" status="PASS">
          <params>
            <param index="0">
              <value>
                <![CDATA[17]]>
              </value>
            </param>
            <param index="1">
              <value>
                <![CDATA[9745]]>
              </value>
            </param>
            <param index="2">
              <value>
                <![CDATA[10]]>
              </value>
            </param>
            <param index="3">
              <value>
                <![CDATA[2025-05-01T09:56:59.042012]]>
              </value>
            </param>
            <param index="4">
              <value>
                <![CDATA[delivered]]>
              </value>
            </param>
            <param index="5">
              <value>
                <![CDATA[TRUE]]>
              </value>
            </param>
          </params>
          <reporter-output>
          </reporter-output>
        </test-method> <!-- postOrders -->
        <test-method signature="postOrders(java.lang.String,java.lang.String,java.lang.String,java.lang.String,java.lang.String,java.lang.String)[pri:7, instance:apiTest.DDTest@1e8ce150]" started-at="2025-04-18T10:16:27 IST" name="postOrders" data-provider="OrderProvider" finished-at="2025-04-18T10:16:28 IST" duration-ms="1225" status="PASS">
          <params>
            <param index="0">
              <value>
                <![CDATA[18]]>
              </value>
            </param>
            <param index="1">
              <value>
                <![CDATA[3860]]>
              </value>
            </param>
            <param index="2">
              <value>
                <![CDATA[1]]>
              </value>
            </param>
            <param index="3">
              <value>
                <![CDATA[2025-04-25T09:56:59.042019]]>
              </value>
            </param>
            <param index="4">
              <value>
                <![CDATA[placed]]>
              </value>
            </param>
            <param index="5">
              <value>
                <![CDATA[FALSE]]>
              </value>
            </param>
          </params>
          <reporter-output>
          </reporter-output>
        </test-method> <!-- postOrders -->
        <test-method signature="postOrders(java.lang.String,java.lang.String,java.lang.String,java.lang.String,java.lang.String,java.lang.String)[pri:7, instance:apiTest.DDTest@1e8ce150]" started-at="2025-04-18T10:16:28 IST" name="postOrders" data-provider="OrderProvider" finished-at="2025-04-18T10:16:29 IST" duration-ms="1241" status="PASS">
          <params>
            <param index="0">
              <value>
                <![CDATA[19]]>
              </value>
            </param>
            <param index="1">
              <value>
                <![CDATA[4425]]>
              </value>
            </param>
            <param index="2">
              <value>
                <![CDATA[10]]>
              </value>
            </param>
            <param index="3">
              <value>
                <![CDATA[2025-05-10T09:56:59.042026]]>
              </value>
            </param>
            <param index="4">
              <value>
                <![CDATA[delivered]]>
              </value>
            </param>
            <param index="5">
              <value>
                <![CDATA[FALSE]]>
              </value>
            </param>
          </params>
          <reporter-output>
          </reporter-output>
        </test-method> <!-- postOrders -->
        <test-method signature="postOrders(java.lang.String,java.lang.String,java.lang.String,java.lang.String,java.lang.String,java.lang.String)[pri:7, instance:apiTest.DDTest@1e8ce150]" started-at="2025-04-18T10:16:29 IST" name="postOrders" data-provider="OrderProvider" finished-at="2025-04-18T10:16:30 IST" duration-ms="1059" status="PASS">
          <params>
            <param index="0">
              <value>
                <![CDATA[20]]>
              </value>
            </param>
            <param index="1">
              <value>
                <![CDATA[2957]]>
              </value>
            </param>
            <param index="2">
              <value>
                <![CDATA[7]]>
              </value>
            </param>
            <param index="3">
              <value>
                <![CDATA[2025-04-26T09:56:59.042033]]>
              </value>
            </param>
            <param index="4">
              <value>
                <![CDATA[approved]]>
              </value>
            </param>
            <param index="5">
              <value>
                <![CDATA[TRUE]]>
              </value>
            </param>
          </params>
          <reporter-output>
          </reporter-output>
        </test-method> <!-- postOrders -->
        <test-method signature="postOrders(java.lang.String,java.lang.String,java.lang.String,java.lang.String,java.lang.String,java.lang.String)[pri:7, instance:apiTest.DDTest@1e8ce150]" started-at="2025-04-18T10:16:30 IST" name="postOrders" data-provider="OrderProvider" finished-at="2025-04-18T10:16:31 IST" duration-ms="1058" status="PASS">
          <params>
            <param index="0">
              <value>
                <![CDATA[21]]>
              </value>
            </param>
            <param index="1">
              <value>
                <![CDATA[1234]]>
              </value>
            </param>
            <param index="2">
              <value>
                <![CDATA[5]]>
              </value>
            </param>
            <param index="3">
              <value>
                <![CDATA[2024-08-01T10:00:00]]>
              </value>
            </param>
            <param index="4">
              <value>
                <![CDATA[placed]]>
              </value>
            </param>
            <param index="5">
              <value>
                <![CDATA[TRUE]]>
              </value>
            </param>
          </params>
          <reporter-output>
          </reporter-output>
        </test-method> <!-- postOrders -->
        <test-method signature="postOrders(java.lang.String,java.lang.String,java.lang.String,java.lang.String,java.lang.String,java.lang.String)[pri:7, instance:apiTest.DDTest@1e8ce150]" started-at="2025-04-18T10:16:31 IST" name="postOrders" data-provider="OrderProvider" finished-at="2025-04-18T10:16:33 IST" duration-ms="1251" status="PASS">
          <params>
            <param index="0">
              <value>
                <![CDATA[22]]>
              </value>
            </param>
            <param index="1">
              <value>
                <![CDATA[5678]]>
              </value>
            </param>
            <param index="2">
              <value>
                <![CDATA[3]]>
              </value>
            </param>
            <param index="3">
              <value>
                <![CDATA[2024-08-02T11:00:00]]>
              </value>
            </param>
            <param index="4">
              <value>
                <![CDATA[approved]]>
              </value>
            </param>
            <param index="5">
              <value>
                <![CDATA[FALSE]]>
              </value>
            </param>
          </params>
          <reporter-output>
          </reporter-output>
        </test-method> <!-- postOrders -->
        <test-method signature="getStoreDetails()[pri:8, instance:apiTest.DDTest@1e8ce150]" started-at="2025-04-18T10:16:33 IST" name="getStoreDetails" finished-at="2025-04-18T10:16:34 IST" duration-ms="1440" status="PASS">
          <reporter-output>
          </reporter-output>
        </test-method> <!-- getStoreDetails -->
        <test-method is-config="true" signature="closeReport()[pri:0, instance:apiTest.DDTest@1e8ce150]" started-at="2025-04-18T10:16:34 IST" name="closeReport" finished-at="2025-04-18T10:16:34 IST" duration-ms="309" status="PASS">
          <reporter-output>
          </reporter-output>
        </test-method> <!-- closeReport -->
      </class> <!-- apiTest.DDTest -->
    </test> <!-- Surefire test -->
  </suite> <!-- Surefire suite -->
</testng-results>
