<?xml version="1.0" encoding="UTF-8"?>
<testng-results ignored="10" total="33" passed="23" failed="0" skipped="0">
  <reporter-output>
  </reporter-output>
  <suite started-at="2025-04-21T11:13:45 IST" name="Surefire suite" finished-at="2025-04-21T11:14:21 IST" duration-ms="35670">
    <groups>
    </groups>
    <test started-at="2025-04-21T11:13:45 IST" name="Surefire test" finished-at="2025-04-21T11:14:21 IST" duration-ms="35670">
      <class name="apiTest.DDTest">
        <test-method is-config="true" signature="createReport()[pri:0, instance:apiTest.DDTest@1e8ce150]" started-at="2025-04-21T11:13:45 IST" name="createReport" finished-at="2025-04-21T11:13:45 IST" duration-ms="174" status="PASS">
          <reporter-output>
          </reporter-output>
        </test-method> <!-- createReport -->
        <test-method signature="postOrders(java.lang.String,java.lang.String,java.lang.String,java.lang.String,java.lang.String,java.lang.String)[pri:7, instance:apiTest.DDTest@1e8ce150]" started-at="2025-04-21T11:13:49 IST" name="postOrders" data-provider="OrderProvider" finished-at="2025-04-21T11:13:51 IST" duration-ms="2724" status="PASS">
          <params>
            <param index="0">
              <value>
                <![CDATA[1]]>
              </value>
            </param>
            <param index="1">
              <value>
                <![CDATA[2861]]>
              </value>
            </param>
            <param index="2">
              <value>
                <![CDATA[1]]>
              </value>
            </param>
            <param index="3">
              <value>
                <![CDATA[2025-05-14T09:56:59.041877]]>
              </value>
            </param>
            <param index="4">
              <value>
                <![CDATA[approved]]>
              </value>
            </param>
            <param index="5">
              <value>
                <![CDATA[FALSE]]>
              </value>
            </param>
          </params>
          <reporter-output>
          </reporter-output>
        </test-method> <!-- postOrders -->
        <test-method signature="postOrders(java.lang.String,java.lang.String,java.lang.String,java.lang.String,java.lang.String,java.lang.String)[pri:7, instance:apiTest.DDTest@1e8ce150]" started-at="2025-04-21T11:13:51 IST" name="postOrders" data-provider="OrderProvider" finished-at="2025-04-21T11:13:53 IST" duration-ms="1392" status="PASS">
          <params>
            <param index="0">
              <value>
                <![CDATA[2]]>
              </value>
            </param>
            <param index="1">
              <value>
                <![CDATA[9981]]>
              </value>
            </param>
            <param index="2">
              <value>
                <![CDATA[8]]>
              </value>
            </param>
            <param index="3">
              <value>
                <![CDATA[2025-04-23T09:56:59.041897]]>
              </value>
            </param>
            <param index="4">
              <value>
                <![CDATA[delivered]]>
              </value>
            </param>
            <param index="5">
              <value>
                <![CDATA[FALSE]]>
              </value>
            </param>
          </params>
          <reporter-output>
          </reporter-output>
        </test-method> <!-- postOrders -->
        <test-method signature="postOrders(java.lang.String,java.lang.String,java.lang.String,java.lang.String,java.lang.String,java.lang.String)[pri:7, instance:apiTest.DDTest@1e8ce150]" started-at="2025-04-21T11:13:53 IST" name="postOrders" data-provider="OrderProvider" finished-at="2025-04-21T11:13:54 IST" duration-ms="1508" status="PASS">
          <params>
            <param index="0">
              <value>
                <![CDATA[3]]>
              </value>
            </param>
            <param index="1">
              <value>
                <![CDATA[8028]]>
              </value>
            </param>
            <param index="2">
              <value>
                <![CDATA[3]]>
              </value>
            </param>
            <param index="3">
              <value>
                <![CDATA[2025-04-18T09:56:59.041906]]>
              </value>
            </param>
            <param index="4">
              <value>
                <![CDATA[approved]]>
              </value>
            </param>
            <param index="5">
              <value>
                <![CDATA[TRUE]]>
              </value>
            </param>
          </params>
          <reporter-output>
          </reporter-output>
        </test-method> <!-- postOrders -->
        <test-method signature="postOrders(java.lang.String,java.lang.String,java.lang.String,java.lang.String,java.lang.String,java.lang.String)[pri:7, instance:apiTest.DDTest@1e8ce150]" started-at="2025-04-21T11:13:54 IST" name="postOrders" data-provider="OrderProvider" finished-at="2025-04-21T11:13:56 IST" duration-ms="1459" status="PASS">
          <params>
            <param index="0">
              <value>
                <![CDATA[4]]>
              </value>
            </param>
            <param index="1">
              <value>
                <![CDATA[1036]]>
              </value>
            </param>
            <param index="2">
              <value>
                <![CDATA[7]]>
              </value>
            </param>
            <param index="3">
              <value>
                <![CDATA[2025-04-20T09:56:59.041914]]>
              </value>
            </param>
            <param index="4">
              <value>
                <![CDATA[placed]]>
              </value>
            </param>
            <param index="5">
              <value>
                <![CDATA[TRUE]]>
              </value>
            </param>
          </params>
          <reporter-output>
          </reporter-output>
        </test-method> <!-- postOrders -->
        <test-method signature="postOrders(java.lang.String,java.lang.String,java.lang.String,java.lang.String,java.lang.String,java.lang.String)[pri:7, instance:apiTest.DDTest@1e8ce150]" started-at="2025-04-21T11:13:56 IST" name="postOrders" data-provider="OrderProvider" finished-at="2025-04-21T11:13:57 IST" duration-ms="1325" status="PASS">
          <params>
            <param index="0">
              <value>
                <![CDATA[5]]>
              </value>
            </param>
            <param index="1">
              <value>
                <![CDATA[9322]]>
              </value>
            </param>
            <param index="2">
              <value>
                <![CDATA[8]]>
              </value>
            </param>
            <param index="3">
              <value>
                <![CDATA[2025-05-03T09:56:59.041921]]>
              </value>
            </param>
            <param index="4">
              <value>
                <![CDATA[placed]]>
              </value>
            </param>
            <param index="5">
              <value>
                <![CDATA[TRUE]]>
              </value>
            </param>
          </params>
          <reporter-output>
          </reporter-output>
        </test-method> <!-- postOrders -->
        <test-method signature="postOrders(java.lang.String,java.lang.String,java.lang.String,java.lang.String,java.lang.String,java.lang.String)[pri:7, instance:apiTest.DDTest@1e8ce150]" started-at="2025-04-21T11:13:57 IST" name="postOrders" data-provider="OrderProvider" finished-at="2025-04-21T11:13:58 IST" duration-ms="1231" status="PASS">
          <params>
            <param index="0">
              <value>
                <![CDATA[6]]>
              </value>
            </param>
            <param index="1">
              <value>
                <![CDATA[5843]]>
              </value>
            </param>
            <param index="2">
              <value>
                <![CDATA[4]]>
              </value>
            </param>
            <param index="3">
              <value>
                <![CDATA[2025-05-16T09:56:59.041928]]>
              </value>
            </param>
            <param index="4">
              <value>
                <![CDATA[delivered]]>
              </value>
            </param>
            <param index="5">
              <value>
                <![CDATA[FALSE]]>
              </value>
            </param>
          </params>
          <reporter-output>
          </reporter-output>
        </test-method> <!-- postOrders -->
        <test-method signature="postOrders(java.lang.String,java.lang.String,java.lang.String,java.lang.String,java.lang.String,java.lang.String)[pri:7, instance:apiTest.DDTest@1e8ce150]" started-at="2025-04-21T11:13:58 IST" name="postOrders" data-provider="OrderProvider" finished-at="2025-04-21T11:14:00 IST" duration-ms="1334" status="PASS">
          <params>
            <param index="0">
              <value>
                <![CDATA[7]]>
              </value>
            </param>
            <param index="1">
              <value>
                <![CDATA[3552]]>
              </value>
            </param>
            <param index="2">
              <value>
                <![CDATA[6]]>
              </value>
            </param>
            <param index="3">
              <value>
                <![CDATA[2025-05-12T09:56:59.041936]]>
              </value>
            </param>
            <param index="4">
              <value>
                <![CDATA[placed]]>
              </value>
            </param>
            <param index="5">
              <value>
                <![CDATA[TRUE]]>
              </value>
            </param>
          </params>
          <reporter-output>
          </reporter-output>
        </test-method> <!-- postOrders -->
        <test-method signature="postOrders(java.lang.String,java.lang.String,java.lang.String,java.lang.String,java.lang.String,java.lang.String)[pri:7, instance:apiTest.DDTest@1e8ce150]" started-at="2025-04-21T11:14:00 IST" name="postOrders" data-provider="OrderProvider" finished-at="2025-04-21T11:14:01 IST" duration-ms="1064" status="PASS">
          <params>
            <param index="0">
              <value>
                <![CDATA[8]]>
              </value>
            </param>
            <param index="1">
              <value>
                <![CDATA[8245]]>
              </value>
            </param>
            <param index="2">
              <value>
                <![CDATA[3]]>
              </value>
            </param>
            <param index="3">
              <value>
                <![CDATA[2025-05-13T09:56:59.041950]]>
              </value>
            </param>
            <param index="4">
              <value>
                <![CDATA[approved]]>
              </value>
            </param>
            <param index="5">
              <value>
                <![CDATA[TRUE]]>
              </value>
            </param>
          </params>
          <reporter-output>
          </reporter-output>
        </test-method> <!-- postOrders -->
        <test-method signature="postOrders(java.lang.String,java.lang.String,java.lang.String,java.lang.String,java.lang.String,java.lang.String)[pri:7, instance:apiTest.DDTest@1e8ce150]" started-at="2025-04-21T11:14:01 IST" name="postOrders" data-provider="OrderProvider" finished-at="2025-04-21T11:14:02 IST" duration-ms="1082" status="PASS">
          <params>
            <param index="0">
              <value>
                <![CDATA[9]]>
              </value>
            </param>
            <param index="1">
              <value>
                <![CDATA[3767]]>
              </value>
            </param>
            <param index="2">
              <value>
                <![CDATA[2]]>
              </value>
            </param>
            <param index="3">
              <value>
                <![CDATA[2025-04-18T09:56:59.041957]]>
              </value>
            </param>
            <param index="4">
              <value>
                <![CDATA[delivered]]>
              </value>
            </param>
            <param index="5">
              <value>
                <![CDATA[FALSE]]>
              </value>
            </param>
          </params>
          <reporter-output>
          </reporter-output>
        </test-method> <!-- postOrders -->
        <test-method signature="postOrders(java.lang.String,java.lang.String,java.lang.String,java.lang.String,java.lang.String,java.lang.String)[pri:7, instance:apiTest.DDTest@1e8ce150]" started-at="2025-04-21T11:14:02 IST" name="postOrders" data-provider="OrderProvider" finished-at="2025-04-21T11:14:03 IST" duration-ms="1146" status="PASS">
          <params>
            <param index="0">
              <value>
                <![CDATA[10]]>
              </value>
            </param>
            <param index="1">
              <value>
                <![CDATA[6107]]>
              </value>
            </param>
            <param index="2">
              <value>
                <![CDATA[4]]>
              </value>
            </param>
            <param index="3">
              <value>
                <![CDATA[2025-04-18T09:56:59.041964]]>
              </value>
            </param>
            <param index="4">
              <value>
                <![CDATA[approved]]>
              </value>
            </param>
            <param index="5">
              <value>
                <![CDATA[FALSE]]>
              </value>
            </param>
          </params>
          <reporter-output>
          </reporter-output>
        </test-method> <!-- postOrders -->
        <test-method signature="postOrders(java.lang.String,java.lang.String,java.lang.String,java.lang.String,java.lang.String,java.lang.String)[pri:7, instance:apiTest.DDTest@1e8ce150]" started-at="2025-04-21T11:14:03 IST" name="postOrders" data-provider="OrderProvider" finished-at="2025-04-21T11:14:04 IST" duration-ms="1107" status="PASS">
          <params>
            <param index="0">
              <value>
                <![CDATA[11]]>
              </value>
            </param>
            <param index="1">
              <value>
                <![CDATA[8052]]>
              </value>
            </param>
            <param index="2">
              <value>
                <![CDATA[4]]>
              </value>
            </param>
            <param index="3">
              <value>
                <![CDATA[2025-04-22T09:56:59.041971]]>
              </value>
            </param>
            <param index="4">
              <value>
                <![CDATA[placed]]>
              </value>
            </param>
            <param index="5">
              <value>
                <![CDATA[TRUE]]>
              </value>
            </param>
          </params>
          <reporter-output>
          </reporter-output>
        </test-method> <!-- postOrders -->
        <test-method signature="postOrders(java.lang.String,java.lang.String,java.lang.String,java.lang.String,java.lang.String,java.lang.String)[pri:7, instance:apiTest.DDTest@1e8ce150]" started-at="2025-04-21T11:14:04 IST" name="postOrders" data-provider="OrderProvider" finished-at="2025-04-21T11:14:05 IST" duration-ms="1142" status="PASS">
          <params>
            <param index="0">
              <value>
                <![CDATA[12]]>
              </value>
            </param>
            <param index="1">
              <value>
                <![CDATA[5761]]>
              </value>
            </param>
            <param index="2">
              <value>
                <![CDATA[2]]>
              </value>
            </param>
            <param index="3">
              <value>
                <![CDATA[2025-04-24T09:56:59.041978]]>
              </value>
            </param>
            <param index="4">
              <value>
                <![CDATA[approved]]>
              </value>
            </param>
            <param index="5">
              <value>
                <![CDATA[TRUE]]>
              </value>
            </param>
          </params>
          <reporter-output>
          </reporter-output>
        </test-method> <!-- postOrders -->
        <test-method signature="postOrders(java.lang.String,java.lang.String,java.lang.String,java.lang.String,java.lang.String,java.lang.String)[pri:7, instance:apiTest.DDTest@1e8ce150]" started-at="2025-04-21T11:14:05 IST" name="postOrders" data-provider="OrderProvider" finished-at="2025-04-21T11:14:06 IST" duration-ms="1225" status="PASS">
          <params>
            <param index="0">
              <value>
                <![CDATA[13]]>
              </value>
            </param>
            <param index="1">
              <value>
                <![CDATA[8973]]>
              </value>
            </param>
            <param index="2">
              <value>
                <![CDATA[3]]>
              </value>
            </param>
            <param index="3">
              <value>
                <![CDATA[2025-05-06T09:56:59.041985]]>
              </value>
            </param>
            <param index="4">
              <value>
                <![CDATA[approved]]>
              </value>
            </param>
            <param index="5">
              <value>
                <![CDATA[FALSE]]>
              </value>
            </param>
          </params>
          <reporter-output>
          </reporter-output>
        </test-method> <!-- postOrders -->
        <test-method signature="postOrders(java.lang.String,java.lang.String,java.lang.String,java.lang.String,java.lang.String,java.lang.String)[pri:7, instance:apiTest.DDTest@1e8ce150]" started-at="2025-04-21T11:14:06 IST" name="postOrders" data-provider="OrderProvider" finished-at="2025-04-21T11:14:08 IST" duration-ms="1525" status="PASS">
          <params>
            <param index="0">
              <value>
                <![CDATA[14]]>
              </value>
            </param>
            <param index="1">
              <value>
                <![CDATA[4924]]>
              </value>
            </param>
            <param index="2">
              <value>
                <![CDATA[3]]>
              </value>
            </param>
            <param index="3">
              <value>
                <![CDATA[2025-05-16T09:56:59.041992]]>
              </value>
            </param>
            <param index="4">
              <value>
                <![CDATA[placed]]>
              </value>
            </param>
            <param index="5">
              <value>
                <![CDATA[FALSE]]>
              </value>
            </param>
          </params>
          <reporter-output>
          </reporter-output>
        </test-method> <!-- postOrders -->
        <test-method signature="postOrders(java.lang.String,java.lang.String,java.lang.String,java.lang.String,java.lang.String,java.lang.String)[pri:7, instance:apiTest.DDTest@1e8ce150]" started-at="2025-04-21T11:14:08 IST" name="postOrders" data-provider="OrderProvider" finished-at="2025-04-21T11:14:09 IST" duration-ms="1416" status="PASS">
          <params>
            <param index="0">
              <value>
                <![CDATA[15]]>
              </value>
            </param>
            <param index="1">
              <value>
                <![CDATA[1125]]>
              </value>
            </param>
            <param index="2">
              <value>
                <![CDATA[2]]>
              </value>
            </param>
            <param index="3">
              <value>
                <![CDATA[2025-04-22T09:56:59.041999]]>
              </value>
            </param>
            <param index="4">
              <value>
                <![CDATA[placed]]>
              </value>
            </param>
            <param index="5">
              <value>
                <![CDATA[FALSE]]>
              </value>
            </param>
          </params>
          <reporter-output>
          </reporter-output>
        </test-method> <!-- postOrders -->
        <test-method signature="postOrders(java.lang.String,java.lang.String,java.lang.String,java.lang.String,java.lang.String,java.lang.String)[pri:7, instance:apiTest.DDTest@1e8ce150]" started-at="2025-04-21T11:14:09 IST" name="postOrders" data-provider="OrderProvider" finished-at="2025-04-21T11:14:11 IST" duration-ms="1249" status="PASS">
          <params>
            <param index="0">
              <value>
                <![CDATA[16]]>
              </value>
            </param>
            <param index="1">
              <value>
                <![CDATA[2933]]>
              </value>
            </param>
            <param index="2">
              <value>
                <![CDATA[9]]>
              </value>
            </param>
            <param index="3">
              <value>
                <![CDATA[2025-05-12T09:56:59.042006]]>
              </value>
            </param>
            <param index="4">
              <value>
                <![CDATA[delivered]]>
              </value>
            </param>
            <param index="5">
              <value>
                <![CDATA[TRUE]]>
              </value>
            </param>
          </params>
          <reporter-output>
          </reporter-output>
        </test-method> <!-- postOrders -->
        <test-method signature="postOrders(java.lang.String,java.lang.String,java.lang.String,java.lang.String,java.lang.String,java.lang.String)[pri:7, instance:apiTest.DDTest@1e8ce150]" started-at="2025-04-21T11:14:11 IST" name="postOrders" data-provider="OrderProvider" finished-at="2025-04-21T11:14:12 IST" duration-ms="1135" status="PASS">
          <params>
            <param index="0">
              <value>
                <![CDATA[17]]>
              </value>
            </param>
            <param index="1">
              <value>
                <![CDATA[9745]]>
              </value>
            </param>
            <param index="2">
              <value>
                <![CDATA[10]]>
              </value>
            </param>
            <param index="3">
              <value>
                <![CDATA[2025-05-01T09:56:59.042012]]>
              </value>
            </param>
            <param index="4">
              <value>
                <![CDATA[delivered]]>
              </value>
            </param>
            <param index="5">
              <value>
                <![CDATA[TRUE]]>
              </value>
            </param>
          </params>
          <reporter-output>
          </reporter-output>
        </test-method> <!-- postOrders -->
        <test-method signature="postOrders(java.lang.String,java.lang.String,java.lang.String,java.lang.String,java.lang.String,java.lang.String)[pri:7, instance:apiTest.DDTest@1e8ce150]" started-at="2025-04-21T11:14:12 IST" name="postOrders" data-provider="OrderProvider" finished-at="2025-04-21T11:14:13 IST" duration-ms="1265" status="PASS">
          <params>
            <param index="0">
              <value>
                <![CDATA[18]]>
              </value>
            </param>
            <param index="1">
              <value>
                <![CDATA[3860]]>
              </value>
            </param>
            <param index="2">
              <value>
                <![CDATA[1]]>
              </value>
            </param>
            <param index="3">
              <value>
                <![CDATA[2025-04-25T09:56:59.042019]]>
              </value>
            </param>
            <param index="4">
              <value>
                <![CDATA[placed]]>
              </value>
            </param>
            <param index="5">
              <value>
                <![CDATA[FALSE]]>
              </value>
            </param>
          </params>
          <reporter-output>
          </reporter-output>
        </test-method> <!-- postOrders -->
        <test-method signature="postOrders(java.lang.String,java.lang.String,java.lang.String,java.lang.String,java.lang.String,java.lang.String)[pri:7, instance:apiTest.DDTest@1e8ce150]" started-at="2025-04-21T11:14:13 IST" name="postOrders" data-provider="OrderProvider" finished-at="2025-04-21T11:14:14 IST" duration-ms="1384" status="PASS">
          <params>
            <param index="0">
              <value>
                <![CDATA[19]]>
              </value>
            </param>
            <param index="1">
              <value>
                <![CDATA[4425]]>
              </value>
            </param>
            <param index="2">
              <value>
                <![CDATA[10]]>
              </value>
            </param>
            <param index="3">
              <value>
                <![CDATA[2025-05-10T09:56:59.042026]]>
              </value>
            </param>
            <param index="4">
              <value>
                <![CDATA[delivered]]>
              </value>
            </param>
            <param index="5">
              <value>
                <![CDATA[FALSE]]>
              </value>
            </param>
          </params>
          <reporter-output>
          </reporter-output>
        </test-method> <!-- postOrders -->
        <test-method signature="postOrders(java.lang.String,java.lang.String,java.lang.String,java.lang.String,java.lang.String,java.lang.String)[pri:7, instance:apiTest.DDTest@1e8ce150]" started-at="2025-04-21T11:14:14 IST" name="postOrders" data-provider="OrderProvider" finished-at="2025-04-21T11:14:16 IST" duration-ms="1400" status="PASS">
          <params>
            <param index="0">
              <value>
                <![CDATA[20]]>
              </value>
            </param>
            <param index="1">
              <value>
                <![CDATA[2957]]>
              </value>
            </param>
            <param index="2">
              <value>
                <![CDATA[7]]>
              </value>
            </param>
            <param index="3">
              <value>
                <![CDATA[2025-04-26T09:56:59.042033]]>
              </value>
            </param>
            <param index="4">
              <value>
                <![CDATA[approved]]>
              </value>
            </param>
            <param index="5">
              <value>
                <![CDATA[TRUE]]>
              </value>
            </param>
          </params>
          <reporter-output>
          </reporter-output>
        </test-method> <!-- postOrders -->
        <test-method signature="postOrders(java.lang.String,java.lang.String,java.lang.String,java.lang.String,java.lang.String,java.lang.String)[pri:7, instance:apiTest.DDTest@1e8ce150]" started-at="2025-04-21T11:14:16 IST" name="postOrders" data-provider="OrderProvider" finished-at="2025-04-21T11:14:17 IST" duration-ms="1366" status="PASS">
          <params>
            <param index="0">
              <value>
                <![CDATA[21]]>
              </value>
            </param>
            <param index="1">
              <value>
                <![CDATA[1234]]>
              </value>
            </param>
            <param index="2">
              <value>
                <![CDATA[5]]>
              </value>
            </param>
            <param index="3">
              <value>
                <![CDATA[2024-08-01T10:00:00]]>
              </value>
            </param>
            <param index="4">
              <value>
                <![CDATA[placed]]>
              </value>
            </param>
            <param index="5">
              <value>
                <![CDATA[TRUE]]>
              </value>
            </param>
          </params>
          <reporter-output>
          </reporter-output>
        </test-method> <!-- postOrders -->
        <test-method signature="postOrders(java.lang.String,java.lang.String,java.lang.String,java.lang.String,java.lang.String,java.lang.String)[pri:7, instance:apiTest.DDTest@1e8ce150]" started-at="2025-04-21T11:14:17 IST" name="postOrders" data-provider="OrderProvider" finished-at="2025-04-21T11:14:19 IST" duration-ms="1543" status="PASS">
          <params>
            <param index="0">
              <value>
                <![CDATA[22]]>
              </value>
            </param>
            <param index="1">
              <value>
                <![CDATA[5678]]>
              </value>
            </param>
            <param index="2">
              <value>
                <![CDATA[3]]>
              </value>
            </param>
            <param index="3">
              <value>
                <![CDATA[2024-08-02T11:00:00]]>
              </value>
            </param>
            <param index="4">
              <value>
                <![CDATA[approved]]>
              </value>
            </param>
            <param index="5">
              <value>
                <![CDATA[FALSE]]>
              </value>
            </param>
          </params>
          <reporter-output>
          </reporter-output>
        </test-method> <!-- postOrders -->
        <test-method signature="getStoreDetails()[pri:8, instance:apiTest.DDTest@1e8ce150]" started-at="2025-04-21T11:14:19 IST" name="getStoreDetails" finished-at="2025-04-21T11:14:20 IST" duration-ms="1442" status="PASS">
          <reporter-output>
          </reporter-output>
        </test-method> <!-- getStoreDetails -->
        <test-method is-config="true" signature="closeReport()[pri:0, instance:apiTest.DDTest@1e8ce150]" started-at="2025-04-21T11:14:20 IST" name="closeReport" finished-at="2025-04-21T11:14:21 IST" duration-ms="326" status="PASS">
          <reporter-output>
          </reporter-output>
        </test-method> <!-- closeReport -->
      </class> <!-- apiTest.DDTest -->
    </test> <!-- Surefire test -->
  </suite> <!-- Surefire suite -->
</testng-results>
